#
# There is insufficient memory for the Java Runtime Environment to continue.
# Native memory allocation (mmap) failed to map 29360128 bytes for G1 virtual space
# Possible reasons:
#   The system is out of physical RAM or swap space
#   The process is running with CompressedOops enabled, and the Java Heap may be blocking the growth of the native heap
# Possible solutions:
#   Reduce memory load on the system
#   Increase physical memory or swap space
#   Check if swap backing store is full
#   Decrease Java heap size (-Xmx/-Xms)
#   Decrease number of Java threads
#   Decrease Java thread stack sizes (-Xss)
#   Set larger code cache with -XX:ReservedCodeCacheSize=
#   JVM is running with Unscaled Compressed Oops mode in which the Java heap is
#     placed in the first 4GB address space. The Java Heap base address is the
#     maximum limit for the native heap growth. Please use -XX:HeapBaseMinAddress
#     to set the Java Heap base and to place the Java Heap above 4GB virtual address.
# This output file may be truncated or incomplete.
#
#  Out of Memory Error (./open/src/hotspot/os/windows/os_windows.cpp:3472), pid=18300, tid=5776
#
# JRE version: OpenJDK Runtime Environment (15.0.1+9) (build 15.0.1+9-18)
# Java VM: OpenJDK 64-Bit Server VM (15.0.1+9-18, mixed mode, tiered, compressed oops, g1 gc, windows-amd64)
# No core dump will be written. Minidumps are not enabled by default on client versions of Windows
#

---------------  S U M M A R Y ------------

Command Line: -Dfile.encoding=Cp1252 -XX:+ShowCodeDetailsInExceptionMessages Practice.SwagLabs

Host: Intel(R) Core(TM) i7-7500U CPU @ 2.70GHz, 4 cores, 7G,  Windows 10 , 64 bit Build 18362 (10.0.18362.1110)
Time: Fri Feb 19 13:10:41 2021 India Standard Time elapsed time: 17.088812 seconds (0d 0h 0m 17s)

---------------  T H R E A D  ---------------

Current thread (0x000001557f95bdf0):  VMThread "VM Thread" [stack: 0x0000005534c00000,0x0000005534d00000] [id=5776]

Stack: [0x0000005534c00000,0x0000005534d00000]
[error occurred during error reporting (printing stack bounds), id 0xc0000005, EXCEPTION_ACCESS_VIOLATION (0xc0000005) at pc=0x00000155000010ad]

Native frames: (J=compiled Java code, j=interpreted, Vv=VM code, C=native code)
V  [jvm.dll+0x62ae9a]
V  [jvm.dll+0x781389]
V  [jvm.dll+0x782ae3]
V  [jvm.dll+0x7830a5]
V  [jvm.dll+0x78305b]
V  [jvm.dll+0x62a2b9]
V  [jvm.dll+0x62aa88]
C  [ntdll.dll+0xa184f]
C  [ntdll.dll+0x6a889]
C  [ntdll.dll+0xa04be]
C  0x00000155000010ad

VM_Operation (0x00000055348ff5f0): G1Concurrent, mode: safepoint, requested by thread 0x000001557af01f50


---------------  P R O C E S S  ---------------

Threads class SMR info:
_java_thread_list=0x0000015517d9c380, length=24, elements={
0x000001557aeaf430, 0x000001557f99a010, 0x000001557f99a8d0, 0x000001557f9ccdb0,
0x000001557f9a46e0, 0x000001557f9a7750, 0x000001557f9ae0a0, 0x000001557fa067a0,
0x000001557fa1d960, 0x000001557fbaaa40, 0x000001557fbaaf10, 0x000001557fbada60,
0x000001557fbab3e0, 0x000001557fbacbf0, 0x000001557fbab8b0, 0x000001557fbae400,
0x000001557fbac720, 0x000001557fbadf30, 0x000001557fbabd80, 0x000001557fbad0c0,
0x000001557fbad590, 0x00000155169288f0, 0x0000015516926740, 0x0000015516927f50
}

Java Threads: ( => current thread )
  0x000001557aeaf430 JavaThread "Forwarding findElement on session 5160a968150b691687b3915f662a48bd to remote" [_thread_blocked, id=10880, stack(0x0000005534600000,0x0000005534700000)]
  0x000001557f99a010 JavaThread "Reference Handler" daemon [_thread_blocked, id=23600, stack(0x0000005534d00000,0x0000005534e00000)]
  0x000001557f99a8d0 JavaThread "Finalizer" daemon [_thread_blocked, id=11668, stack(0x0000005534e00000,0x0000005534f00000)]
  0x000001557f9ccdb0 JavaThread "Signal Dispatcher" daemon [_thread_blocked, id=12192, stack(0x0000005534f00000,0x0000005535000000)]
  0x000001557f9a46e0 JavaThread "Attach Listener" daemon [_thread_blocked, id=21688, stack(0x0000005535000000,0x0000005535100000)]
  0x000001557f9a7750 JavaThread "Service Thread" daemon [_thread_blocked, id=18552, stack(0x0000005535100000,0x0000005535200000)]
  0x000001557f9ae0a0 JavaThread "C2 CompilerThread0" daemon [_thread_blocked, id=19724, stack(0x0000005535200000,0x0000005535300000)]
  0x000001557fa067a0 JavaThread "C1 CompilerThread0" daemon [_thread_blocked, id=17492, stack(0x0000005535300000,0x0000005535400000)]
  0x000001557fa1d960 JavaThread "Sweeper thread" daemon [_thread_blocked, id=20164, stack(0x0000005535400000,0x0000005535500000)]
  0x000001557fbaaa40 JavaThread "Notification Thread" daemon [_thread_blocked, id=13620, stack(0x0000005535500000,0x0000005535600000)]
  0x000001557fbaaf10 JavaThread "Common-Cleaner" daemon [_thread_blocked, id=15952, stack(0x0000005535700000,0x0000005535800000)]
  0x000001557fbada60 JavaThread "AsyncHttpClient-timer-1-1" [_thread_blocked, id=23104, stack(0x0000005535c00000,0x0000005535d00000)]
  0x000001557fbab3e0 JavaThread "Exec Default Executor" daemon [_thread_in_native, id=24380, stack(0x0000005535e00000,0x0000005535f00000)]
  0x000001557fbacbf0 JavaThread "UrlChecker-2" daemon [_thread_blocked, id=4532, stack(0x0000005535f00000,0x0000005536000000)]
  0x000001557fbab8b0 JavaThread "Exec Stream Pumper" daemon [_thread_in_native, id=6352, stack(0x0000005536100000,0x0000005536200000)]
  0x000001557fbae400 JavaThread "Exec Stream Pumper" daemon [_thread_in_native, id=23920, stack(0x0000005536200000,0x0000005536300000)]
  0x000001557fbac720 JavaThread "AsyncHttpClient-3-1" [_thread_in_native, id=26712, stack(0x0000005536300000,0x0000005536400000)]
  0x000001557fbadf30 JavaThread "AsyncHttpClient-3-2" [_thread_in_native, id=22496, stack(0x0000005536500000,0x0000005536600000)]
  0x000001557fbabd80 JavaThread "AsyncHttpClient-3-3" [_thread_in_native, id=6464, stack(0x0000005535800000,0x0000005535900000)]
  0x000001557fbad0c0 JavaThread "AsyncHttpClient-3-4" [_thread_in_native, id=29536, stack(0x0000005536400000,0x0000005536500000)]
  0x000001557fbad590 JavaThread "AsyncHttpClient-3-5" [_thread_in_native, id=19648, stack(0x0000005536600000,0x0000005536700000)]
  0x00000155169288f0 JavaThread "AsyncHttpClient-3-6" [_thread_in_native, id=14780, stack(0x0000005536700000,0x0000005536800000)]
  0x0000015516926740 JavaThread "AsyncHttpClient-3-7" [_thread_in_native, id=2036, stack(0x0000005536800000,0x0000005536900000)]
  0x0000015516927f50 JavaThread "AsyncHttpClient-3-8" [_thread_blocked, id=19376, stack(0x0000005536900000,0x0000005536a00000)]

Other Threads:
=>0x000001557f95bdf0 VMThread "VM Thread" [stack: 0x0000005534c00000,0x0000005534d00000] [id=5776]
  0x000001557fbaea00 WatcherThread [stack: 0x0000005535600000,0x0000005535700000] [id=8580]
  0x000001557aef0460 GCTaskThread "GC Thread#0" [stack: 0x0000005534700000,0x0000005534800000] [id=28800]
  0x000001551564ba40 GCTaskThread "GC Thread#1" [stack: 0x0000005535900000,0x0000005535a00000] [id=17372]
  0x0000015515648da0 GCTaskThread "GC Thread#2" [stack: 0x0000005535a00000,0x0000005535b00000] [id=24616]
  0x00000155156490d0 GCTaskThread "GC Thread#3" [stack: 0x0000005535d00000,0x0000005535e00000] [id=18296]
  0x000001557af01f50 ConcurrentGCThread "G1 Main Marker" [stack: 0x0000005534800000,0x0000005534900000] [id=11652]
  0x000001557af02ad0 ConcurrentGCThread "G1 Conc#0" [stack: 0x0000005534900000,0x0000005534a00000] [id=20268]
  0x000001557af67720 ConcurrentGCThread "G1 Refine#0" [stack: 0x0000005534a00000,0x0000005534b00000] [id=16744]
  0x0000015516202c30 ConcurrentGCThread "G1 Refine#1" [stack: 0x0000005535b00000,0x0000005535c00000] [id=15156]
  0x000001557f7c03d0 ConcurrentGCThread "G1 Young RemSet Sampling" [stack: 0x0000005534b00000,0x0000005534c00000] [id=14820]

Threads with active compile tasks:

VM state: at safepoint (normal execution)

VM Mutex/Monitor currently owned by a thread:  ([mutex/lock_event])
[0x000001557aeab860] Threads_lock - owner thread: 0x000001557f95bdf0
[0x000001557aeaba10] Heap_lock - owner thread: 0x000001557af01f50

Heap address: 0x0000000083800000, size: 1992 MB, Compressed Oops mode: 32-bit
CDS disabled.
Compressed class space mapped at: 0x0000000100000000-0x0000000140000000, size: 1073741824
Narrow klass base: 0x0000000000000000, Narrow klass shift: 3, Narrow klass range: 0x140000000

GC Precious Log:
 CPUs: 4 total, 4 available
 Memory: 7966M
 Large Page Support: Disabled
 NUMA Support: Disabled
 Compressed Oops: Enabled (32-bit)
 Heap Region Size: 1M
 Heap Min Capacity: 8M
 Heap Initial Capacity: 126M
 Heap Max Capacity: 1992M
 Pre-touch: Disabled
 Parallel Workers: 4
 Concurrent Workers: 1
 Concurrent Refinement Workers: 4
 Periodic GC: Disabled

Heap:
 garbage-first heap   total 252928K, used 149138K [0x0000000083800000, 0x0000000100000000)
  region size 1024K, 3 young (3072K), 2 survivors (2048K)
 Metaspace       used 24521K, capacity 24812K, committed 25008K, reserved 1071104K
  class space    used 2699K, capacity 2781K, committed 2816K, reserved 1048576K

Heap Regions: E=young(eden), S=young(survivor), O=old, HS=humongous(starts), HC=humongous(continues), CS=collection set, F=free, OA=open archive, CA=closed archive, TAMS=top-at-mark-start (previous, next)
|   0|0x0000000083800000, 0x0000000083900000, 0x0000000083900000|100%| O|  |TAMS 0x0000000083900000, 0x0000000083800000| Updating 
|   1|0x0000000083900000, 0x0000000083a00000, 0x0000000083a00000|100%| O|  |TAMS 0x0000000083a00000, 0x0000000083900000| Updating 
|   2|0x0000000083a00000, 0x0000000083b00000, 0x0000000083b00000|100%| O|  |TAMS 0x0000000083b00000, 0x0000000083a00000| Updating 
|   3|0x0000000083b00000, 0x0000000083bed800, 0x0000000083c00000| 92%| O|  |TAMS 0x0000000083bed800, 0x0000000083b00000| Updating 
|   4|0x0000000083c00000, 0x0000000083d00000, 0x0000000083d00000|100%| O|  |TAMS 0x0000000083d00000, 0x0000000083c00000| Updating 
|   5|0x0000000083d00000, 0x0000000083e00000, 0x0000000083e00000|100%| O|  |TAMS 0x0000000083e00000, 0x0000000083d00000| Updating 
|   6|0x0000000083e00000, 0x0000000083f00000, 0x0000000083f00000|100%| O|  |TAMS 0x0000000083f00000, 0x0000000083e00000| Updating 
|   7|0x0000000083f00000, 0x0000000084000000, 0x0000000084000000|100%| O|  |TAMS 0x0000000084000000, 0x0000000083f00000| Updating 
|   8|0x0000000084000000, 0x000000008402a200, 0x0000000084100000| 16%| O|  |TAMS 0x000000008402a200, 0x0000000084000000| Updating 
|   9|0x0000000084100000, 0x0000000084100000, 0x0000000084200000|  0%| F|  |TAMS 0x0000000084100000, 0x0000000084100000| Untracked 
|  10|0x0000000084200000, 0x0000000084200000, 0x0000000084300000|  0%| F|  |TAMS 0x0000000084200000, 0x0000000084200000| Untracked 
|  11|0x0000000084300000, 0x0000000084300000, 0x0000000084400000|  0%| F|  |TAMS 0x0000000084300000, 0x0000000084300000| Untracked 
|  12|0x0000000084400000, 0x0000000084400000, 0x0000000084500000|  0%| F|  |TAMS 0x0000000084400000, 0x0000000084400000| Untracked 
|  13|0x0000000084500000, 0x0000000084500000, 0x0000000084600000|  0%| F|  |TAMS 0x0000000084500000, 0x0000000084500000| Untracked 
|  14|0x0000000084600000, 0x0000000084600000, 0x0000000084700000|  0%| F|  |TAMS 0x0000000084600000, 0x0000000084600000| Untracked 
|  15|0x0000000084700000, 0x0000000084800000, 0x0000000084800000|100%|HS|  |TAMS 0x0000000084800000, 0x0000000084700000| Complete 
|  16|0x0000000084800000, 0x0000000084900000, 0x0000000084900000|100%|HC|  |TAMS 0x0000000084900000, 0x0000000084800000| Complete 
|  17|0x0000000084900000, 0x0000000084a00000, 0x0000000084a00000|100%|HC|  |TAMS 0x0000000084a00000, 0x0000000084900000| Complete 
|  18|0x0000000084a00000, 0x0000000084b00000, 0x0000000084b00000|100%|HC|  |TAMS 0x0000000084b00000, 0x0000000084a00000| Complete 
|  19|0x0000000084b00000, 0x0000000084c00000, 0x0000000084c00000|100%|HC|  |TAMS 0x0000000084c00000, 0x0000000084b00000| Complete 
|  20|0x0000000084c00000, 0x0000000084d00000, 0x0000000084d00000|100%|HC|  |TAMS 0x0000000084d00000, 0x0000000084c00000| Complete 
|  21|0x0000000084d00000, 0x0000000084e00000, 0x0000000084e00000|100%|HC|  |TAMS 0x0000000084e00000, 0x0000000084d00000| Complete 
|  22|0x0000000084e00000, 0x0000000084f00000, 0x0000000084f00000|100%|HC|  |TAMS 0x0000000084f00000, 0x0000000084e00000| Complete 
|  23|0x0000000084f00000, 0x0000000085000000, 0x0000000085000000|100%|HC|  |TAMS 0x0000000085000000, 0x0000000084f00000| Complete 
|  24|0x0000000085000000, 0x0000000085100000, 0x0000000085100000|100%|HC|  |TAMS 0x0000000085100000, 0x0000000085000000| Complete 
|  25|0x0000000085100000, 0x0000000085200000, 0x0000000085200000|100%|HC|  |TAMS 0x0000000085200000, 0x0000000085100000| Complete 
|  26|0x0000000085200000, 0x0000000085300000, 0x0000000085300000|100%|HC|  |TAMS 0x0000000085300000, 0x0000000085200000| Complete 
|  27|0x0000000085300000, 0x0000000085400000, 0x0000000085400000|100%|HC|  |TAMS 0x0000000085400000, 0x0000000085300000| Complete 
|  28|0x0000000085400000, 0x0000000085500000, 0x0000000085500000|100%|HC|  |TAMS 0x0000000085500000, 0x0000000085400000| Complete 
|  29|0x0000000085500000, 0x0000000085600000, 0x0000000085600000|100%|HC|  |TAMS 0x0000000085600000, 0x0000000085500000| Complete 
|  30|0x0000000085600000, 0x0000000085700000, 0x0000000085700000|100%|HC|  |TAMS 0x0000000085700000, 0x0000000085600000| Complete 
|  31|0x0000000085700000, 0x0000000085800000, 0x0000000085800000|100%|HC|  |TAMS 0x0000000085800000, 0x0000000085700000| Complete 
|  32|0x0000000085800000, 0x0000000085800000, 0x0000000085900000|  0%| F|  |TAMS 0x0000000085800000, 0x0000000085800000| Untracked 
|  33|0x0000000085900000, 0x0000000085900000, 0x0000000085a00000|  0%| F|  |TAMS 0x0000000085900000, 0x0000000085900000| Untracked 
|  34|0x0000000085a00000, 0x0000000085a00000, 0x0000000085b00000|  0%| F|  |TAMS 0x0000000085a00000, 0x0000000085a00000| Untracked 
|  35|0x0000000085b00000, 0x0000000085b00000, 0x0000000085c00000|  0%| F|  |TAMS 0x0000000085b00000, 0x0000000085b00000| Untracked 
|  36|0x0000000085c00000, 0x0000000085c00000, 0x0000000085d00000|  0%| F|  |TAMS 0x0000000085c00000, 0x0000000085c00000| Untracked 
|  37|0x0000000085d00000, 0x0000000085d00000, 0x0000000085e00000|  0%| F|  |TAMS 0x0000000085d00000, 0x0000000085d00000| Untracked 
|  38|0x0000000085e00000, 0x0000000085e00000, 0x0000000085f00000|  0%| F|  |TAMS 0x0000000085e00000, 0x0000000085e00000| Untracked 
|  39|0x0000000085f00000, 0x0000000085f00000, 0x0000000086000000|  0%| F|  |TAMS 0x0000000085f00000, 0x0000000085f00000| Untracked 
|  40|0x0000000086000000, 0x0000000086100000, 0x0000000086100000|100%|HS|  |TAMS 0x0000000086100000, 0x0000000086000000| Complete 
|  41|0x0000000086100000, 0x0000000086200000, 0x0000000086200000|100%|HC|  |TAMS 0x0000000086200000, 0x0000000086100000| Complete 
|  42|0x0000000086200000, 0x0000000086300000, 0x0000000086300000|100%|HC|  |TAMS 0x0000000086300000, 0x0000000086200000| Complete 
|  43|0x0000000086300000, 0x0000000086400000, 0x0000000086400000|100%|HC|  |TAMS 0x0000000086400000, 0x0000000086300000| Complete 
|  44|0x0000000086400000, 0x0000000086500000, 0x0000000086500000|100%|HC|  |TAMS 0x0000000086500000, 0x0000000086400000| Complete 
|  45|0x0000000086500000, 0x0000000086600000, 0x0000000086600000|100%|HC|  |TAMS 0x0000000086600000, 0x0000000086500000| Complete 
|  46|0x0000000086600000, 0x0000000086700000, 0x0000000086700000|100%|HC|  |TAMS 0x0000000086700000, 0x0000000086600000| Complete 
|  47|0x0000000086700000, 0x0000000086800000, 0x0000000086800000|100%|HC|  |TAMS 0x0000000086800000, 0x0000000086700000| Complete 
|  48|0x0000000086800000, 0x0000000086900000, 0x0000000086900000|100%|HC|  |TAMS 0x0000000086900000, 0x0000000086800000| Complete 
|  49|0x0000000086900000, 0x0000000086a00000, 0x0000000086a00000|100%|HC|  |TAMS 0x0000000086a00000, 0x0000000086900000| Complete 
|  50|0x0000000086a00000, 0x0000000086b00000, 0x0000000086b00000|100%|HC|  |TAMS 0x0000000086b00000, 0x0000000086a00000| Complete 
|  51|0x0000000086b00000, 0x0000000086c00000, 0x0000000086c00000|100%|HC|  |TAMS 0x0000000086c00000, 0x0000000086b00000| Complete 
|  52|0x0000000086c00000, 0x0000000086d00000, 0x0000000086d00000|100%|HC|  |TAMS 0x0000000086d00000, 0x0000000086c00000| Complete 
|  53|0x0000000086d00000, 0x0000000086e00000, 0x0000000086e00000|100%|HC|  |TAMS 0x0000000086e00000, 0x0000000086d00000| Complete 
|  54|0x0000000086e00000, 0x0000000086f00000, 0x0000000086f00000|100%|HC|  |TAMS 0x0000000086f00000, 0x0000000086e00000| Complete 
|  55|0x0000000086f00000, 0x0000000087000000, 0x0000000087000000|100%|HC|  |TAMS 0x0000000087000000, 0x0000000086f00000| Complete 
|  56|0x0000000087000000, 0x0000000087100000, 0x0000000087100000|100%|HC|  |TAMS 0x0000000087100000, 0x0000000087000000| Complete 
|  57|0x0000000087100000, 0x0000000087200000, 0x0000000087200000|100%|HS|  |TAMS 0x0000000087200000, 0x0000000087100000| Complete 
|  58|0x0000000087200000, 0x0000000087300000, 0x0000000087300000|100%|HC|  |TAMS 0x0000000087300000, 0x0000000087200000| Complete 
|  59|0x0000000087300000, 0x0000000087400000, 0x0000000087400000|100%|HC|  |TAMS 0x0000000087400000, 0x0000000087300000| Complete 
|  60|0x0000000087400000, 0x0000000087500000, 0x0000000087500000|100%|HC|  |TAMS 0x0000000087500000, 0x0000000087400000| Complete 
|  61|0x0000000087500000, 0x0000000087600000, 0x0000000087600000|100%|HC|  |TAMS 0x0000000087600000, 0x0000000087500000| Complete 
|  62|0x0000000087600000, 0x0000000087700000, 0x0000000087700000|100%|HC|  |TAMS 0x0000000087700000, 0x0000000087600000| Complete 
|  63|0x0000000087700000, 0x0000000087800000, 0x0000000087800000|100%|HC|  |TAMS 0x0000000087800000, 0x0000000087700000| Complete 
|  64|0x0000000087800000, 0x0000000087900000, 0x0000000087900000|100%|HC|  |TAMS 0x0000000087900000, 0x0000000087800000| Complete 
|  65|0x0000000087900000, 0x0000000087a00000, 0x0000000087a00000|100%|HC|  |TAMS 0x0000000087a00000, 0x0000000087900000| Complete 
|  66|0x0000000087a00000, 0x0000000087b00000, 0x0000000087b00000|100%|HC|  |TAMS 0x0000000087b00000, 0x0000000087a00000| Complete 
|  67|0x0000000087b00000, 0x0000000087c00000, 0x0000000087c00000|100%|HC|  |TAMS 0x0000000087c00000, 0x0000000087b00000| Complete 
|  68|0x0000000087c00000, 0x0000000087d00000, 0x0000000087d00000|100%|HC|  |TAMS 0x0000000087d00000, 0x0000000087c00000| Complete 
|  69|0x0000000087d00000, 0x0000000087e00000, 0x0000000087e00000|100%|HC|  |TAMS 0x0000000087e00000, 0x0000000087d00000| Complete 
|  70|0x0000000087e00000, 0x0000000087f00000, 0x0000000087f00000|100%|HC|  |TAMS 0x0000000087f00000, 0x0000000087e00000| Complete 
|  71|0x0000000087f00000, 0x0000000088000000, 0x0000000088000000|100%|HC|  |TAMS 0x0000000088000000, 0x0000000087f00000| Complete 
|  72|0x0000000088000000, 0x0000000088100000, 0x0000000088100000|100%|HC|  |TAMS 0x0000000088100000, 0x0000000088000000| Complete 
|  73|0x0000000088100000, 0x0000000088200000, 0x0000000088200000|100%|HC|  |TAMS 0x0000000088200000, 0x0000000088100000| Complete 
|  74|0x0000000088200000, 0x0000000088300000, 0x0000000088300000|100%|HS|  |TAMS 0x0000000088300000, 0x0000000088200000| Complete 
|  75|0x0000000088300000, 0x0000000088400000, 0x0000000088400000|100%|HC|  |TAMS 0x0000000088400000, 0x0000000088300000| Complete 
|  76|0x0000000088400000, 0x0000000088500000, 0x0000000088500000|100%|HC|  |TAMS 0x0000000088500000, 0x0000000088400000| Complete 
|  77|0x0000000088500000, 0x0000000088600000, 0x0000000088600000|100%|HC|  |TAMS 0x0000000088600000, 0x0000000088500000| Complete 
|  78|0x0000000088600000, 0x0000000088700000, 0x0000000088700000|100%|HC|  |TAMS 0x0000000088700000, 0x0000000088600000| Complete 
|  79|0x0000000088700000, 0x0000000088800000, 0x0000000088800000|100%|HC|  |TAMS 0x0000000088800000, 0x0000000088700000| Complete 
|  80|0x0000000088800000, 0x0000000088900000, 0x0000000088900000|100%|HC|  |TAMS 0x0000000088900000, 0x0000000088800000| Complete 
|  81|0x0000000088900000, 0x0000000088a00000, 0x0000000088a00000|100%|HC|  |TAMS 0x0000000088a00000, 0x0000000088900000| Complete 
|  82|0x0000000088a00000, 0x0000000088b00000, 0x0000000088b00000|100%|HC|  |TAMS 0x0000000088b00000, 0x0000000088a00000| Complete 
|  83|0x0000000088b00000, 0x0000000088c00000, 0x0000000088c00000|100%|HC|  |TAMS 0x0000000088c00000, 0x0000000088b00000| Complete 
|  84|0x0000000088c00000, 0x0000000088d00000, 0x0000000088d00000|100%|HC|  |TAMS 0x0000000088d00000, 0x0000000088c00000| Complete 
|  85|0x0000000088d00000, 0x0000000088e00000, 0x0000000088e00000|100%|HC|  |TAMS 0x0000000088e00000, 0x0000000088d00000| Complete 
|  86|0x0000000088e00000, 0x0000000088f00000, 0x0000000088f00000|100%|HC|  |TAMS 0x0000000088f00000, 0x0000000088e00000| Complete 
|  87|0x0000000088f00000, 0x0000000089000000, 0x0000000089000000|100%|HC|  |TAMS 0x0000000089000000, 0x0000000088f00000| Complete 
|  88|0x0000000089000000, 0x0000000089100000, 0x0000000089100000|100%|HC|  |TAMS 0x0000000089100000, 0x0000000089000000| Complete 
|  89|0x0000000089100000, 0x0000000089200000, 0x0000000089200000|100%|HC|  |TAMS 0x0000000089200000, 0x0000000089100000| Complete 
|  90|0x0000000089200000, 0x0000000089300000, 0x0000000089300000|100%|HC|  |TAMS 0x0000000089300000, 0x0000000089200000| Complete 
|  91|0x0000000089300000, 0x0000000089400000, 0x0000000089400000|100%|HS|  |TAMS 0x0000000089400000, 0x0000000089300000| Complete 
|  92|0x0000000089400000, 0x0000000089500000, 0x0000000089500000|100%|HC|  |TAMS 0x0000000089500000, 0x0000000089400000| Complete 
|  93|0x0000000089500000, 0x0000000089600000, 0x0000000089600000|100%|HC|  |TAMS 0x0000000089600000, 0x0000000089500000| Complete 
|  94|0x0000000089600000, 0x0000000089700000, 0x0000000089700000|100%|HC|  |TAMS 0x0000000089700000, 0x0000000089600000| Complete 
|  95|0x0000000089700000, 0x0000000089800000, 0x0000000089800000|100%|HC|  |TAMS 0x0000000089800000, 0x0000000089700000| Complete 
|  96|0x0000000089800000, 0x0000000089900000, 0x0000000089900000|100%|HC|  |TAMS 0x0000000089900000, 0x0000000089800000| Complete 
|  97|0x0000000089900000, 0x0000000089a00000, 0x0000000089a00000|100%|HC|  |TAMS 0x0000000089a00000, 0x0000000089900000| Complete 
|  98|0x0000000089a00000, 0x0000000089b00000, 0x0000000089b00000|100%|HC|  |TAMS 0x0000000089b00000, 0x0000000089a00000| Complete 
|  99|0x0000000089b00000, 0x0000000089c00000, 0x0000000089c00000|100%|HC|  |TAMS 0x0000000089c00000, 0x0000000089b00000| Complete 
| 100|0x0000000089c00000, 0x0000000089d00000, 0x0000000089d00000|100%|HC|  |TAMS 0x0000000089d00000, 0x0000000089c00000| Complete 
| 101|0x0000000089d00000, 0x0000000089e00000, 0x0000000089e00000|100%|HC|  |TAMS 0x0000000089e00000, 0x0000000089d00000| Complete 
| 102|0x0000000089e00000, 0x0000000089f00000, 0x0000000089f00000|100%|HC|  |TAMS 0x0000000089f00000, 0x0000000089e00000| Complete 
| 103|0x0000000089f00000, 0x000000008a000000, 0x000000008a000000|100%|HC|  |TAMS 0x000000008a000000, 0x0000000089f00000| Complete 
| 104|0x000000008a000000, 0x000000008a100000, 0x000000008a100000|100%|HC|  |TAMS 0x000000008a100000, 0x000000008a000000| Complete 
| 105|0x000000008a100000, 0x000000008a200000, 0x000000008a200000|100%|HC|  |TAMS 0x000000008a200000, 0x000000008a100000| Complete 
| 106|0x000000008a200000, 0x000000008a300000, 0x000000008a300000|100%|HC|  |TAMS 0x000000008a300000, 0x000000008a200000| Complete 
| 107|0x000000008a300000, 0x000000008a400000, 0x000000008a400000|100%|HC|  |TAMS 0x000000008a400000, 0x000000008a300000| Complete 
| 108|0x000000008a400000, 0x000000008a500000, 0x000000008a500000|100%|HS|  |TAMS 0x000000008a500000, 0x000000008a400000| Complete 
| 109|0x000000008a500000, 0x000000008a600000, 0x000000008a600000|100%|HC|  |TAMS 0x000000008a600000, 0x000000008a500000| Complete 
| 110|0x000000008a600000, 0x000000008a700000, 0x000000008a700000|100%|HC|  |TAMS 0x000000008a700000, 0x000000008a600000| Complete 
| 111|0x000000008a700000, 0x000000008a800000, 0x000000008a800000|100%|HC|  |TAMS 0x000000008a800000, 0x000000008a700000| Complete 
| 112|0x000000008a800000, 0x000000008a900000, 0x000000008a900000|100%|HC|  |TAMS 0x000000008a900000, 0x000000008a800000| Complete 
| 113|0x000000008a900000, 0x000000008aa00000, 0x000000008aa00000|100%|HC|  |TAMS 0x000000008aa00000, 0x000000008a900000| Complete 
| 114|0x000000008aa00000, 0x000000008ab00000, 0x000000008ab00000|100%|HC|  |TAMS 0x000000008ab00000, 0x000000008aa00000| Complete 
| 115|0x000000008ab00000, 0x000000008ac00000, 0x000000008ac00000|100%|HC|  |TAMS 0x000000008ac00000, 0x000000008ab00000| Complete 
| 116|0x000000008ac00000, 0x000000008ad00000, 0x000000008ad00000|100%|HC|  |TAMS 0x000000008ad00000, 0x000000008ac00000| Complete 
| 117|0x000000008ad00000, 0x000000008ae00000, 0x000000008ae00000|100%|HC|  |TAMS 0x000000008ae00000, 0x000000008ad00000| Complete 
| 118|0x000000008ae00000, 0x000000008af00000, 0x000000008af00000|100%|HC|  |TAMS 0x000000008af00000, 0x000000008ae00000| Complete 
| 119|0x000000008af00000, 0x000000008b000000, 0x000000008b000000|100%|HC|  |TAMS 0x000000008b000000, 0x000000008af00000| Complete 
| 120|0x000000008b000000, 0x000000008b100000, 0x000000008b100000|100%|HC|  |TAMS 0x000000008b100000, 0x000000008b000000| Complete 
| 121|0x000000008b100000, 0x000000008b200000, 0x000000008b200000|100%|HC|  |TAMS 0x000000008b200000, 0x000000008b100000| Complete 
| 122|0x000000008b200000, 0x000000008b300000, 0x000000008b300000|100%|HC|  |TAMS 0x000000008b300000, 0x000000008b200000| Complete 
| 123|0x000000008b300000, 0x000000008b400000, 0x000000008b400000|100%|HC|  |TAMS 0x000000008b400000, 0x000000008b300000| Complete 
| 124|0x000000008b400000, 0x000000008b500000, 0x000000008b500000|100%|HC|  |TAMS 0x000000008b500000, 0x000000008b400000| Complete 
| 125|0x000000008b500000, 0x000000008b600000, 0x000000008b600000|100%|HS|  |TAMS 0x000000008b600000, 0x000000008b500000| Complete 
| 126|0x000000008b600000, 0x000000008b700000, 0x000000008b700000|100%|HC|  |TAMS 0x000000008b700000, 0x000000008b600000| Complete 
| 127|0x000000008b700000, 0x000000008b800000, 0x000000008b800000|100%|HC|  |TAMS 0x000000008b800000, 0x000000008b700000| Complete 
| 128|0x000000008b800000, 0x000000008b900000, 0x000000008b900000|100%|HC|  |TAMS 0x000000008b900000, 0x000000008b800000| Complete 
| 129|0x000000008b900000, 0x000000008ba00000, 0x000000008ba00000|100%|HC|  |TAMS 0x000000008ba00000, 0x000000008b900000| Complete 
| 130|0x000000008ba00000, 0x000000008bb00000, 0x000000008bb00000|100%|HC|  |TAMS 0x000000008bb00000, 0x000000008ba00000| Complete 
| 131|0x000000008bb00000, 0x000000008bc00000, 0x000000008bc00000|100%|HC|  |TAMS 0x000000008bc00000, 0x000000008bb00000| Complete 
| 132|0x000000008bc00000, 0x000000008bd00000, 0x000000008bd00000|100%|HC|  |TAMS 0x000000008bd00000, 0x000000008bc00000| Complete 
| 133|0x000000008bd00000, 0x000000008be00000, 0x000000008be00000|100%|HC|  |TAMS 0x000000008be00000, 0x000000008bd00000| Complete 
| 134|0x000000008be00000, 0x000000008bf00000, 0x000000008bf00000|100%|HC|  |TAMS 0x000000008bf00000, 0x000000008be00000| Complete 
| 135|0x000000008bf00000, 0x000000008c000000, 0x000000008c000000|100%|HC|  |TAMS 0x000000008c000000, 0x000000008bf00000| Complete 
| 136|0x000000008c000000, 0x000000008c100000, 0x000000008c100000|100%|HC|  |TAMS 0x000000008c100000, 0x000000008c000000| Complete 
| 137|0x000000008c100000, 0x000000008c200000, 0x000000008c200000|100%|HC|  |TAMS 0x000000008c200000, 0x000000008c100000| Complete 
| 138|0x000000008c200000, 0x000000008c300000, 0x000000008c300000|100%|HC|  |TAMS 0x000000008c300000, 0x000000008c200000| Complete 
| 139|0x000000008c300000, 0x000000008c400000, 0x000000008c400000|100%|HC|  |TAMS 0x000000008c400000, 0x000000008c300000| Complete 
| 140|0x000000008c400000, 0x000000008c500000, 0x000000008c500000|100%|HC|  |TAMS 0x000000008c500000, 0x000000008c400000| Complete 
| 141|0x000000008c500000, 0x000000008c600000, 0x000000008c600000|100%|HC|  |TAMS 0x000000008c600000, 0x000000008c500000| Complete 
| 142|0x000000008c600000, 0x000000008c700000, 0x000000008c700000|100%|HS|  |TAMS 0x000000008c600000, 0x000000008c600000| Complete 
| 143|0x000000008c700000, 0x000000008c800000, 0x000000008c800000|100%|HC|  |TAMS 0x000000008c700000, 0x000000008c700000| Complete 
| 144|0x000000008c800000, 0x000000008c900000, 0x000000008c900000|100%|HC|  |TAMS 0x000000008c800000, 0x000000008c800000| Complete 
| 145|0x000000008c900000, 0x000000008ca00000, 0x000000008ca00000|100%|HC|  |TAMS 0x000000008c900000, 0x000000008c900000| Complete 
| 146|0x000000008ca00000, 0x000000008cb00000, 0x000000008cb00000|100%|HC|  |TAMS 0x000000008ca00000, 0x000000008ca00000| Complete 
| 147|0x000000008cb00000, 0x000000008cc00000, 0x000000008cc00000|100%|HC|  |TAMS 0x000000008cb00000, 0x000000008cb00000| Complete 
| 148|0x000000008cc00000, 0x000000008cd00000, 0x000000008cd00000|100%|HC|  |TAMS 0x000000008cc00000, 0x000000008cc00000| Complete 
| 149|0x000000008cd00000, 0x000000008ce00000, 0x000000008ce00000|100%|HC|  |TAMS 0x000000008cd00000, 0x000000008cd00000| Complete 
| 150|0x000000008ce00000, 0x000000008cf00000, 0x000000008cf00000|100%|HC|  |TAMS 0x000000008ce00000, 0x000000008ce00000| Complete 
| 151|0x000000008cf00000, 0x000000008d000000, 0x000000008d000000|100%|HC|  |TAMS 0x000000008cf00000, 0x000000008cf00000| Complete 
| 152|0x000000008d000000, 0x000000008d100000, 0x000000008d100000|100%|HC|  |TAMS 0x000000008d000000, 0x000000008d000000| Complete 
| 153|0x000000008d100000, 0x000000008d200000, 0x000000008d200000|100%|HC|  |TAMS 0x000000008d100000, 0x000000008d100000| Complete 
| 154|0x000000008d200000, 0x000000008d300000, 0x000000008d300000|100%|HC|  |TAMS 0x000000008d200000, 0x000000008d200000| Complete 
| 155|0x000000008d300000, 0x000000008d400000, 0x000000008d400000|100%|HC|  |TAMS 0x000000008d300000, 0x000000008d300000| Complete 
| 156|0x000000008d400000, 0x000000008d500000, 0x000000008d500000|100%|HC|  |TAMS 0x000000008d400000, 0x000000008d400000| Complete 
| 157|0x000000008d500000, 0x000000008d600000, 0x000000008d600000|100%|HC|  |TAMS 0x000000008d500000, 0x000000008d500000| Complete 
| 158|0x000000008d600000, 0x000000008d700000, 0x000000008d700000|100%|HC|  |TAMS 0x000000008d600000, 0x000000008d600000| Complete 
| 159|0x000000008d700000, 0x000000008d700000, 0x000000008d800000|  0%| F|  |TAMS 0x000000008d700000, 0x000000008d700000| Untracked 
| 160|0x000000008d800000, 0x000000008d800000, 0x000000008d900000|  0%| F|  |TAMS 0x000000008d800000, 0x000000008d800000| Untracked 
| 161|0x000000008d900000, 0x000000008d900000, 0x000000008da00000|  0%| F|  |TAMS 0x000000008d900000, 0x000000008d900000| Untracked 
| 162|0x000000008da00000, 0x000000008da00000, 0x000000008db00000|  0%| F|  |TAMS 0x000000008da00000, 0x000000008da00000| Untracked 
| 163|0x000000008db00000, 0x000000008db00000, 0x000000008dc00000|  0%| F|  |TAMS 0x000000008db00000, 0x000000008db00000| Untracked 
| 164|0x000000008dc00000, 0x000000008dc00000, 0x000000008dd00000|  0%| F|  |TAMS 0x000000008dc00000, 0x000000008dc00000| Untracked 
| 165|0x000000008dd00000, 0x000000008dd00000, 0x000000008de00000|  0%| F|  |TAMS 0x000000008dd00000, 0x000000008dd00000| Untracked 
| 166|0x000000008de00000, 0x000000008de00000, 0x000000008df00000|  0%| F|  |TAMS 0x000000008de00000, 0x000000008de00000| Untracked 
| 167|0x000000008df00000, 0x000000008df00000, 0x000000008e000000|  0%| F|  |TAMS 0x000000008df00000, 0x000000008df00000| Untracked 
| 168|0x000000008e000000, 0x000000008e000000, 0x000000008e100000|  0%| F|  |TAMS 0x000000008e000000, 0x000000008e000000| Untracked 
| 169|0x000000008e100000, 0x000000008e100000, 0x000000008e200000|  0%| F|  |TAMS 0x000000008e100000, 0x000000008e100000| Untracked 
| 170|0x000000008e200000, 0x000000008e200000, 0x000000008e300000|  0%| F|  |TAMS 0x000000008e200000, 0x000000008e200000| Untracked 
| 171|0x000000008e300000, 0x000000008e300000, 0x000000008e400000|  0%| F|  |TAMS 0x000000008e300000, 0x000000008e300000| Untracked 
| 172|0x000000008e400000, 0x000000008e400000, 0x000000008e500000|  0%| F|  |TAMS 0x000000008e400000, 0x000000008e400000| Untracked 
| 173|0x000000008e500000, 0x000000008e500000, 0x000000008e600000|  0%| F|  |TAMS 0x000000008e500000, 0x000000008e500000| Untracked 
| 174|0x000000008e600000, 0x000000008e600000, 0x000000008e700000|  0%| F|  |TAMS 0x000000008e600000, 0x000000008e600000| Untracked 
| 175|0x000000008e700000, 0x000000008e700000, 0x000000008e800000|  0%| F|  |TAMS 0x000000008e700000, 0x000000008e700000| Untracked 
| 176|0x000000008e800000, 0x000000008e800000, 0x000000008e900000|  0%| F|  |TAMS 0x000000008e800000, 0x000000008e800000| Untracked 
| 177|0x000000008e900000, 0x000000008e900000, 0x000000008ea00000|  0%| F|  |TAMS 0x000000008e900000, 0x000000008e900000| Untracked 
| 178|0x000000008ea00000, 0x000000008ea00000, 0x000000008eb00000|  0%| F|  |TAMS 0x000000008ea00000, 0x000000008ea00000| Untracked 
| 179|0x000000008eb00000, 0x000000008eb00000, 0x000000008ec00000|  0%| F|  |TAMS 0x000000008eb00000, 0x000000008eb00000| Untracked 
| 180|0x000000008ec00000, 0x000000008ec00000, 0x000000008ed00000|  0%| F|  |TAMS 0x000000008ec00000, 0x000000008ec00000| Untracked 
| 181|0x000000008ed00000, 0x000000008ed00000, 0x000000008ee00000|  0%| F|  |TAMS 0x000000008ed00000, 0x000000008ed00000| Untracked 
| 182|0x000000008ee00000, 0x000000008ee00000, 0x000000008ef00000|  0%| F|  |TAMS 0x000000008ee00000, 0x000000008ee00000| Untracked 
| 183|0x000000008ef00000, 0x000000008ef00000, 0x000000008f000000|  0%| F|  |TAMS 0x000000008ef00000, 0x000000008ef00000| Untracked 
| 184|0x000000008f000000, 0x000000008f000000, 0x000000008f100000|  0%| F|  |TAMS 0x000000008f000000, 0x000000008f000000| Untracked 
| 185|0x000000008f100000, 0x000000008f100000, 0x000000008f200000|  0%| F|  |TAMS 0x000000008f100000, 0x000000008f100000| Untracked 
| 186|0x000000008f200000, 0x000000008f200000, 0x000000008f300000|  0%| F|  |TAMS 0x000000008f200000, 0x000000008f200000| Untracked 
| 187|0x000000008f300000, 0x000000008f300000, 0x000000008f400000|  0%| F|  |TAMS 0x000000008f300000, 0x000000008f300000| Untracked 
| 188|0x000000008f400000, 0x000000008f400000, 0x000000008f500000|  0%| F|  |TAMS 0x000000008f400000, 0x000000008f400000| Untracked 
| 189|0x000000008f500000, 0x000000008f500000, 0x000000008f600000|  0%| F|  |TAMS 0x000000008f500000, 0x000000008f500000| Untracked 
| 190|0x000000008f600000, 0x000000008f600000, 0x000000008f700000|  0%| F|  |TAMS 0x000000008f600000, 0x000000008f600000| Untracked 
| 191|0x000000008f700000, 0x000000008f700000, 0x000000008f800000|  0%| F|  |TAMS 0x000000008f700000, 0x000000008f700000| Untracked 
| 192|0x000000008f800000, 0x000000008f800000, 0x000000008f900000|  0%| F|  |TAMS 0x000000008f800000, 0x000000008f800000| Untracked 
| 193|0x000000008f900000, 0x000000008f900000, 0x000000008fa00000|  0%| F|  |TAMS 0x000000008f900000, 0x000000008f900000| Untracked 
| 194|0x000000008fa00000, 0x000000008fa00000, 0x000000008fb00000|  0%| F|  |TAMS 0x000000008fa00000, 0x000000008fa00000| Untracked 
| 195|0x000000008fb00000, 0x000000008fb00000, 0x000000008fc00000|  0%| F|  |TAMS 0x000000008fb00000, 0x000000008fb00000| Untracked 
| 196|0x000000008fc00000, 0x000000008fc00000, 0x000000008fd00000|  0%| F|  |TAMS 0x000000008fc00000, 0x000000008fc00000| Untracked 
| 197|0x000000008fd00000, 0x000000008fd00000, 0x000000008fe00000|  0%| F|  |TAMS 0x000000008fd00000, 0x000000008fd00000| Untracked 
| 198|0x000000008fe00000, 0x000000008fe00000, 0x000000008ff00000|  0%| F|  |TAMS 0x000000008fe00000, 0x000000008fe00000| Untracked 
| 199|0x000000008ff00000, 0x000000008ff00000, 0x0000000090000000|  0%| F|  |TAMS 0x000000008ff00000, 0x000000008ff00000| Untracked 
| 200|0x0000000090000000, 0x0000000090000000, 0x0000000090100000|  0%| F|  |TAMS 0x0000000090000000, 0x0000000090000000| Untracked 
| 201|0x0000000090100000, 0x0000000090100000, 0x0000000090200000|  0%| F|  |TAMS 0x0000000090100000, 0x0000000090100000| Untracked 
| 202|0x0000000090200000, 0x0000000090200000, 0x0000000090300000|  0%| F|  |TAMS 0x0000000090200000, 0x0000000090200000| Untracked 
| 203|0x0000000090300000, 0x0000000090300000, 0x0000000090400000|  0%| F|  |TAMS 0x0000000090300000, 0x0000000090300000| Untracked 
| 204|0x0000000090400000, 0x0000000090400000, 0x0000000090500000|  0%| F|  |TAMS 0x0000000090400000, 0x0000000090400000| Untracked 
| 205|0x0000000090500000, 0x0000000090500000, 0x0000000090600000|  0%| F|  |TAMS 0x0000000090500000, 0x0000000090500000| Untracked 
| 206|0x0000000090600000, 0x0000000090600000, 0x0000000090700000|  0%| F|  |TAMS 0x0000000090600000, 0x0000000090600000| Untracked 
| 207|0x0000000090700000, 0x0000000090700000, 0x0000000090800000|  0%| F|  |TAMS 0x0000000090700000, 0x0000000090700000| Untracked 
| 208|0x0000000090800000, 0x0000000090800000, 0x0000000090900000|  0%| F|  |TAMS 0x0000000090800000, 0x0000000090800000| Untracked 
| 209|0x0000000090900000, 0x0000000090900000, 0x0000000090a00000|  0%| F|  |TAMS 0x0000000090900000, 0x0000000090900000| Untracked 
| 210|0x0000000090a00000, 0x0000000090a00000, 0x0000000090b00000|  0%| F|  |TAMS 0x0000000090a00000, 0x0000000090a00000| Untracked 
| 211|0x0000000090b00000, 0x0000000090b00000, 0x0000000090c00000|  0%| F|  |TAMS 0x0000000090b00000, 0x0000000090b00000| Untracked 
| 212|0x0000000090c00000, 0x0000000090c00000, 0x0000000090d00000|  0%| F|  |TAMS 0x0000000090c00000, 0x0000000090c00000| Untracked 
| 213|0x0000000090d00000, 0x0000000090d00000, 0x0000000090e00000|  0%| F|  |TAMS 0x0000000090d00000, 0x0000000090d00000| Untracked 
| 214|0x0000000090e00000, 0x0000000090e00000, 0x0000000090f00000|  0%| F|  |TAMS 0x0000000090e00000, 0x0000000090e00000| Untracked 
| 215|0x0000000090f00000, 0x0000000090f00000, 0x0000000091000000|  0%| F|  |TAMS 0x0000000090f00000, 0x0000000090f00000| Untracked 
| 216|0x0000000091000000, 0x0000000091036c30, 0x0000000091100000| 21%| E|  |TAMS 0x0000000091000000, 0x0000000091000000| Complete 
| 217|0x0000000091100000, 0x000000009118cf50, 0x0000000091200000| 55%| S|CS|TAMS 0x0000000091100000, 0x0000000091100000| Complete 
| 218|0x0000000091200000, 0x0000000091300000, 0x0000000091300000|100%| S|CS|TAMS 0x0000000091200000, 0x0000000091200000| Complete 

Card table byte_map: [0x000001557eca0000,0x000001557f090000] _byte_map_base: 0x000001557e884000

Marking Bits (Prev, Next): (CMBitMap*) 0x000001557aef1c30, (CMBitMap*) 0x000001557aef1bf0
 Prev Bits: [0x0000015510f20000, 0x0000015512e40000)
 Next Bits: [0x000001550f000000, 0x0000015510f20000)

Polling page: 0x0000015578cd0000

Metaspace:

Usage:
  Non-class:     21.51 MB capacity,    21.31 MB (>99%) used,   182.38 KB ( <1%) free+waste,    27.13 KB ( <1%) overhead. 
      Class:      2.72 MB capacity,     2.64 MB ( 97%) used,    71.59 KB (  3%) free+waste,     9.63 KB ( <1%) overhead. 
       Both:     24.23 MB capacity,    23.95 MB ( 99%) used,   253.96 KB (  1%) free+waste,    36.75 KB ( <1%) overhead. 

Virtual space:
  Non-class space:       22.00 MB reserved,      21.67 MB ( 99%) committed 
      Class space:        1.00 GB reserved,       2.75 MB ( <1%) committed 
             Both:        1.02 GB reserved,      24.42 MB (  2%) committed 

Chunk freelists:
   Non-Class:  33.00 KB
       Class:  3.00 KB
        Both:  36.00 KB

MaxMetaspaceSize: 17179869184.00 GB
CompressedClassSpaceSize: 1.00 GB

CodeHeap 'non-profiled nmethods': size=120000Kb used=708Kb max_used=708Kb free=119291Kb
 bounds [0x0000015507ad0000, 0x0000015507d40000, 0x000001550f000000]
CodeHeap 'profiled nmethods': size=120000Kb used=3223Kb max_used=3223Kb free=116776Kb
 bounds [0x00000155005a0000, 0x00000155008d0000, 0x0000015507ad0000]
CodeHeap 'non-nmethods': size=5760Kb used=1251Kb max_used=1292Kb free=4508Kb
 bounds [0x0000015500000000, 0x0000015500270000, 0x00000155005a0000]
 total_blobs=2345 nmethods=1823 adapters=434
 compilation: enabled
              stopped_count=0, restarted_count=0
 full_count=0

Compilation events (20 events):
Event: 16.993 Thread 0x000001557fa067a0 1819       3       org.openqa.selenium.json.JsonOutput$$Lambda$170/0x000000010020b0d0::test (12 bytes)
Event: 16.993 Thread 0x000001557fa067a0 nmethod 1819 0x00000155008bff90 code [0x00000155008c0180, 0x00000155008c06f8]
Event: 16.993 Thread 0x000001557fa067a0 1820       3       org.openqa.selenium.json.JsonOutput::lambda$write$31 (27 bytes)
Event: 16.993 Thread 0x000001557fa067a0 nmethod 1820 0x00000155008c0890 code [0x00000155008c0a60, 0x00000155008c0e58]
Event: 16.993 Thread 0x000001557fa067a0 1821       1       io.netty.util.internal.InternalThreadLocalMap::setFutureListenerStackDepth (6 bytes)
Event: 16.993 Thread 0x000001557fa067a0 nmethod 1821 0x0000015507b80c10 code [0x0000015507b80da0, 0x0000015507b80e58]
Event: 16.993 Thread 0x000001557fa067a0 1822       3       io.netty.util.concurrent.FastThreadLocal::get (28 bytes)
Event: 16.994 Thread 0x000001557fa067a0 nmethod 1822 0x00000155008c0f90 code [0x00000155008c1220, 0x00000155008c21e8]
Event: 17.003 Thread 0x000001557fa067a0 1823 %     3       io.netty.buffer.PoolChunk::<init> @ 175 (243 bytes)
Event: 17.005 Thread 0x000001557fa067a0 nmethod 1823% 0x00000155008c2610 code [0x00000155008c2840, 0x00000155008c33e8]
Event: 17.005 Thread 0x000001557fa067a0 1824       3       jdk.internal.misc.Unsafe::checkSize (32 bytes)
Event: 17.005 Thread 0x000001557fa067a0 nmethod 1824 0x00000155008c3890 code [0x00000155008c3a40, 0x00000155008c3ca8]
Event: 17.005 Thread 0x000001557fa067a0 1825       1       io.netty.handler.codec.CodecOutputList::size (5 bytes)
Event: 17.005 Thread 0x000001557fa067a0 nmethod 1825 0x0000015507b80f10 code [0x0000015507b810a0, 0x0000015507b81158]
Event: 17.013 Thread 0x000001557fa067a0 1826       3       io.netty.buffer.PoolChunk::<init> (243 bytes)
Event: 17.013 Thread 0x000001557fa067a0 nmethod 1826 0x00000155008c3d90 code [0x00000155008c3fc0, 0x00000155008c4ac8]
Event: 17.013 Thread 0x000001557fa067a0 1827       3       io.netty.buffer.AbstractReferenceCountedByteBuf::isAccessible (8 bytes)
Event: 17.014 Thread 0x000001557fa067a0 nmethod 1827 0x00000155008c4f10 code [0x00000155008c50c0, 0x00000155008c5208]
Event: 17.014 Thread 0x000001557fa067a0 1828       3       io.netty.util.internal.ReferenceCountUpdater::isLiveNonVolatile (70 bytes)
Event: 17.014 Thread 0x000001557fa067a0 nmethod 1828 0x00000155008c5290 code [0x00000155008c5480, 0x00000155008c5aa8]

GC Heap History (20 events):
Event: 1.257 GC heap before
{Heap before GC invocations=1 (full 0):
 garbage-first heap   total 129024K, used 15326K [0x0000000083800000, 0x0000000100000000)
  region size 1024K, 13 young (13312K), 2 survivors (2048K)
 Metaspace       used 15455K, capacity 15676K, committed 15744K, reserved 1062912K
  class space    used 1536K, capacity 1615K, committed 1664K, reserved 1048576K
}
Event: 1.261 GC heap after
{Heap after GC invocations=2 (full 0):
 garbage-first heap   total 129024K, used 5728K [0x0000000083800000, 0x0000000100000000)
  region size 1024K, 2 young (2048K), 2 survivors (2048K)
 Metaspace       used 15455K, capacity 15676K, committed 15744K, reserved 1062912K
  class space    used 1536K, capacity 1615K, committed 1664K, reserved 1048576K
}
Event: 2.095 GC heap before
{Heap before GC invocations=2 (full 0):
 garbage-first heap   total 129024K, used 22112K [0x0000000083800000, 0x0000000100000000)
  region size 1024K, 19 young (19456K), 2 survivors (2048K)
 Metaspace       used 20889K, capacity 21090K, committed 21296K, reserved 1069056K
  class space    used 2247K, capacity 2310K, committed 2432K, reserved 1048576K
}
Event: 2.098 GC heap after
{Heap after GC invocations=3 (full 0):
 garbage-first heap   total 129024K, used 6947K [0x0000000083800000, 0x0000000100000000)
  region size 1024K, 3 young (3072K), 3 survivors (3072K)
 Metaspace       used 20889K, capacity 21090K, committed 21296K, reserved 1069056K
  class space    used 2247K, capacity 2310K, committed 2432K, reserved 1048576K
}
Event: 2.289 GC heap before
{Heap before GC invocations=4 (full 0):
 garbage-first heap   total 27648K, used 15139K [0x0000000083800000, 0x0000000100000000)
  region size 1024K, 12 young (12288K), 3 survivors (3072K)
 Metaspace       used 23145K, capacity 23378K, committed 23600K, reserved 1071104K
  class space    used 2556K, capacity 2645K, committed 2688K, reserved 1048576K
}
Event: 2.292 GC heap after
{Heap after GC invocations=5 (full 0):
 garbage-first heap   total 27648K, used 7583K [0x0000000083800000, 0x0000000100000000)
  region size 1024K, 4 young (4096K), 4 survivors (4096K)
 Metaspace       used 23145K, capacity 23378K, committed 23600K, reserved 1071104K
  class space    used 2556K, capacity 2645K, committed 2688K, reserved 1048576K
}
Event: 5.258 GC heap before
{Heap before GC invocations=6 (full 0):
 garbage-first heap   total 45056K, used 28063K [0x0000000083800000, 0x0000000100000000)
  region size 1024K, 8 young (8192K), 4 survivors (4096K)
 Metaspace       used 24348K, capacity 24620K, committed 24752K, reserved 1071104K
  class space    used 2684K, capacity 2781K, committed 2816K, reserved 1048576K
}
Event: 5.263 GC heap after
{Heap after GC invocations=7 (full 0):
 garbage-first heap   total 45056K, used 25837K [0x0000000083800000, 0x0000000100000000)
  region size 1024K, 2 young (2048K), 2 survivors (2048K)
 Metaspace       used 24348K, capacity 24620K, committed 24752K, reserved 1071104K
  class space    used 2684K, capacity 2781K, committed 2816K, reserved 1048576K
}
Event: 14.622 GC heap before
{Heap before GC invocations=8 (full 0):
 garbage-first heap   total 75776K, used 43245K [0x0000000083800000, 0x0000000100000000)
  region size 1024K, 3 young (3072K), 2 survivors (2048K)
 Metaspace       used 24403K, capacity 24684K, committed 24752K, reserved 1071104K
  class space    used 2692K, capacity 2781K, committed 2816K, reserved 1048576K
}
Event: 14.623 GC heap after
{Heap after GC invocations=9 (full 0):
 garbage-first heap   total 75776K, used 43468K [0x0000000083800000, 0x0000000100000000)
  region size 1024K, 2 young (2048K), 2 survivors (2048K)
 Metaspace       used 24403K, capacity 24684K, committed 24752K, reserved 1071104K
  class space    used 2692K, capacity 2781K, committed 2816K, reserved 1048576K
}
Event: 16.761 GC heap before
{Heap before GC invocations=10 (full 0):
 garbage-first heap   total 106496K, used 60876K [0x0000000083800000, 0x0000000100000000)
  region size 1024K, 3 young (3072K), 2 survivors (2048K)
 Metaspace       used 24448K, capacity 24684K, committed 24752K, reserved 1071104K
  class space    used 2697K, capacity 2781K, committed 2816K, reserved 1048576K
}
Event: 16.762 GC heap after
{Heap after GC invocations=11 (full 0):
 garbage-first heap   total 106496K, used 61202K [0x0000000083800000, 0x0000000100000000)
  region size 1024K, 1 young (1024K), 1 survivors (1024K)
 Metaspace       used 24448K, capacity 24684K, committed 24752K, reserved 1071104K
  class space    used 2697K, capacity 2781K, committed 2816K, reserved 1048576K
}
Event: 16.795 GC heap before
{Heap before GC invocations=12 (full 0):
 garbage-first heap   total 135168K, used 78610K [0x0000000083800000, 0x0000000100000000)
  region size 1024K, 2 young (2048K), 1 survivors (1024K)
 Metaspace       used 24488K, capacity 24684K, committed 24752K, reserved 1071104K
  class space    used 2699K, capacity 2781K, committed 2816K, reserved 1048576K
}
Event: 16.795 GC heap after
{Heap after GC invocations=13 (full 0):
 garbage-first heap   total 135168K, used 78752K [0x0000000083800000, 0x0000000100000000)
  region size 1024K, 1 young (1024K), 1 survivors (1024K)
 Metaspace       used 24488K, capacity 24684K, committed 24752K, reserved 1071104K
  class space    used 2699K, capacity 2781K, committed 2816K, reserved 1048576K
}
Event: 16.880 GC heap before
{Heap before GC invocations=14 (full 0):
 garbage-first heap   total 163840K, used 96160K [0x0000000083800000, 0x0000000100000000)
  region size 1024K, 2 young (2048K), 1 survivors (1024K)
 Metaspace       used 24496K, capacity 24748K, committed 25008K, reserved 1071104K
  class space    used 2699K, capacity 2781K, committed 2816K, reserved 1048576K
}
Event: 16.881 GC heap after
{Heap after GC invocations=15 (full 0):
 garbage-first heap   total 163840K, used 96421K [0x0000000083800000, 0x0000000100000000)
  region size 1024K, 2 young (2048K), 2 survivors (2048K)
 Metaspace       used 24496K, capacity 24748K, committed 25008K, reserved 1071104K
  class space    used 2699K, capacity 2781K, committed 2816K, reserved 1048576K
}
Event: 16.915 GC heap before
{Heap before GC invocations=16 (full 0):
 garbage-first heap   total 194560K, used 114853K [0x0000000083800000, 0x0000000100000000)
  region size 1024K, 4 young (4096K), 2 survivors (2048K)
 Metaspace       used 24511K, capacity 24812K, committed 25008K, reserved 1071104K
  class space    used 2699K, capacity 2781K, committed 2816K, reserved 1048576K
}
Event: 16.916 GC heap after
{Heap after GC invocations=17 (full 0):
 garbage-first heap   total 194560K, used 114061K [0x0000000083800000, 0x0000000100000000)
  region size 1024K, 2 young (2048K), 2 survivors (2048K)
 Metaspace       used 24511K, capacity 24812K, committed 25008K, reserved 1071104K
  class space    used 2699K, capacity 2781K, committed 2816K, reserved 1048576K
}
Event: 17.004 GC heap before
{Heap before GC invocations=18 (full 0):
 garbage-first heap   total 224256K, used 131469K [0x0000000083800000, 0x0000000100000000)
  region size 1024K, 3 young (3072K), 2 survivors (2048K)
 Metaspace       used 24519K, capacity 24812K, committed 25008K, reserved 1071104K
  class space    used 2699K, capacity 2781K, committed 2816K, reserved 1048576K
}
Event: 17.005 GC heap after
{Heap after GC invocations=19 (full 0):
 garbage-first heap   total 224256K, used 131730K [0x0000000083800000, 0x0000000100000000)
  region size 1024K, 2 young (2048K), 2 survivors (2048K)
 Metaspace       used 24519K, capacity 24812K, committed 25008K, reserved 1071104K
  class space    used 2699K, capacity 2781K, committed 2816K, reserved 1048576K
}

Deoptimization events (20 events):
Event: 2.008 Thread 0x000001557aeaf430 Uncommon trap: trap_request=0xffffffde fr.pc=0x0000015507b1ac44 relative=0x0000000000000404
Event: 2.008 Thread 0x000001557aeaf430 Uncommon trap: reason=class_check action=maybe_recompile pc=0x0000015507b1ac44 method=java.util.HashSet.iterator()Ljava/util/Iterator; @ 4 c2
Event: 2.008 Thread 0x000001557aeaf430 DEOPT PACKING pc=0x0000015507b1ac44 sp=0x00000055346fde30
Event: 2.008 Thread 0x000001557aeaf430 DEOPT UNPACKING pc=0x000001550004e42f sp=0x00000055346fde00 mode 2
Event: 2.009 Thread 0x000001557aeaf430 Uncommon trap: trap_request=0xffffffde fr.pc=0x0000015507b1ac44 relative=0x0000000000000404
Event: 2.009 Thread 0x000001557aeaf430 Uncommon trap: reason=class_check action=maybe_recompile pc=0x0000015507b1ac44 method=java.util.HashSet.iterator()Ljava/util/Iterator; @ 4 c2
Event: 2.009 Thread 0x000001557aeaf430 DEOPT PACKING pc=0x0000015507b1ac44 sp=0x00000055346fde30
Event: 2.009 Thread 0x000001557aeaf430 DEOPT UNPACKING pc=0x000001550004e42f sp=0x00000055346fde00 mode 2
Event: 5.206 Thread 0x000001557aeaf430 DEOPT PACKING pc=0x00000155007b6b02 sp=0x00000055346fd690
Event: 5.206 Thread 0x000001557aeaf430 DEOPT UNPACKING pc=0x000001550004e23f sp=0x00000055346fcba0 mode 0
Event: 5.212 Thread 0x000001557aeaf430 Uncommon trap: trap_request=0xffffff45 fr.pc=0x0000015507b3c320 relative=0x0000000000001180
Event: 5.212 Thread 0x000001557aeaf430 Uncommon trap: reason=unstable_if action=reinterpret pc=0x0000015507b3c320 method=java.util.concurrent.ConcurrentHashMap.putVal(Ljava/lang/Object;Ljava/lang/Object;Z)Ljava/lang/Object; @ 256 c2
Event: 5.213 Thread 0x000001557aeaf430 DEOPT PACKING pc=0x0000015507b3c320 sp=0x00000055346fe4b0
Event: 5.213 Thread 0x000001557aeaf430 DEOPT UNPACKING pc=0x000001550004e42f sp=0x00000055346fe428 mode 2
Event: 5.230 Thread 0x000001557aeaf430 DEOPT PACKING pc=0x00000155007b6b02 sp=0x00000055346fd9a0
Event: 5.230 Thread 0x000001557aeaf430 DEOPT UNPACKING pc=0x000001550004e23f sp=0x00000055346fceb0 mode 0
Event: 5.272 Thread 0x000001557fbadf30 Uncommon trap: trap_request=0xffffff45 fr.pc=0x0000015507b2cad4 relative=0x00000000000001b4
Event: 5.272 Thread 0x000001557fbadf30 Uncommon trap: reason=unstable_if action=reinterpret pc=0x0000015507b2cad4 method=java.io.ByteArrayInputStream.read()I @ 8 c2
Event: 5.272 Thread 0x000001557fbadf30 DEOPT PACKING pc=0x0000015507b2cad4 sp=0x00000055365fe110
Event: 5.272 Thread 0x000001557fbadf30 DEOPT UNPACKING pc=0x000001550004e42f sp=0x00000055365fe0c8 mode 2

Classes unloaded (0 events):
No events

Classes redefined (0 events):
No events

Internal exceptions (20 events):
Event: 1.409 Thread 0x000001557fbab3e0 Exception <a 'java/lang/NoSuchMethodError'{0x000000008aea0860}: 'java.lang.Object java.lang.invoke.DirectMethodHandle$Holder.newInvokeSpecial(java.lang.Object, java.lang.Object, long)'> (0x000000008aea0860) 
thrown [./open/src/hotspot/share/interpreter/linkResolver.cpp, line 782]
Event: 1.409 Thread 0x000001557fbab3e0 Exception <a 'java/lang/NoSuchMethodError'{0x000000008aea4c50}: 'java.lang.Object java.lang.invoke.Invokers$Holder.linkToTargetMethod(java.lang.Object, long, java.lang.Object)'> (0x000000008aea4c50) 
thrown [./open/src/hotspot/share/interpreter/linkResolver.cpp, line 782]
Event: 1.935 Thread 0x000001557aeaf430 Exception <a 'java/lang/NoSuchMethodError'{0x000000008ad6d2a8}: 'java.lang.Object java.lang.invoke.DirectMethodHandle$Holder.invokeInterface(java.lang.Object, java.lang.Object, java.lang.Object)'> (0x000000008ad6d2a8) 
thrown [./open/src/hotspot/share/interpreter/linkResolver.cpp, line 782]
Event: 1.936 Thread 0x000001557aeaf430 Exception <a 'java/lang/IncompatibleClassChangeError'{0x000000008ad70898}: Found class java.lang.Object, but interface was expected> (0x000000008ad70898) 
thrown [./open/src/hotspot/share/interpreter/linkResolver.cpp, line 848]
Event: 1.937 Thread 0x000001557aeaf430 Exception <a 'java/lang/NoSuchMethodError'{0x000000008ad794f0}: 'int java.lang.invoke.DirectMethodHandle$Holder.invokeSpecialIFC(java.lang.Object, java.lang.Object, java.lang.Object, java.lang.Object)'> (0x000000008ad794f0) 
thrown [./open/src/hotspot/share/interpreter/linkResolver.cpp, line 782]
Event: 1.938 Thread 0x000001557aeaf430 Exception <a 'java/lang/NoSuchMethodError'{0x000000008ad82100}: 'java.lang.Object java.lang.invoke.DirectMethodHandle$Holder.invokeInterface(java.lang.Object, java.lang.Object, java.lang.Object, java.lang.Object)'> (0x000000008ad82100) 
thrown [./open/src/hotspot/share/interpreter/linkResolver.cpp, line 782]
Event: 1.943 Thread 0x000001557aeaf430 Exception <a 'java/lang/NoSuchMethodError'{0x000000008ada9a60}: 'java.lang.Object java.lang.invoke.DirectMethodHandle$Holder.invokeVirtual(java.lang.Object, java.lang.Object, java.lang.Object)'> (0x000000008ada9a60) 
thrown [./open/src/hotspot/share/interpreter/linkResolver.cpp, line 782]
Event: 1.952 Thread 0x000001557aeaf430 Exception <a 'java/lang/NoSuchMethodError'{0x000000008ac21728}: 'void java.lang.invoke.DirectMethodHandle$Holder.invokeInterface(java.lang.Object, java.lang.Object, java.lang.Object)'> (0x000000008ac21728) 
thrown [./open/src/hotspot/share/interpreter/linkResolver.cpp, line 782]
Event: 1.960 Thread 0x000001557aeaf430 Exception <a 'java/lang/NoSuchMethodError'{0x000000008ac595a0}: 'int java.lang.invoke.DirectMethodHandle$Holder.invokeVirtual(java.lang.Object, java.lang.Object)'> (0x000000008ac595a0) 
thrown [./open/src/hotspot/share/interpreter/linkResolver.cpp, line 782]
Event: 1.961 Thread 0x000001557aeaf430 Exception <a 'java/lang/NoSuchMethodError'{0x000000008ac5fdf0}: 'double java.lang.invoke.DirectMethodHandle$Holder.invokeVirtual(java.lang.Object, java.lang.Object)'> (0x000000008ac5fdf0) 
thrown [./open/src/hotspot/share/interpreter/linkResolver.cpp, line 782]
Event: 1.961 Thread 0x000001557aeaf430 Exception <a 'java/lang/NoSuchMethodError'{0x000000008ac66928}: 'float java.lang.invoke.DirectMethodHandle$Holder.invokeVirtual(java.lang.Object, java.lang.Object)'> (0x000000008ac66928) 
thrown [./open/src/hotspot/share/interpreter/linkResolver.cpp, line 782]
Event: 1.962 Thread 0x000001557aeaf430 Exception <a 'java/lang/NoSuchMethodError'{0x000000008ac70078}: 'long java.lang.invoke.DirectMethodHandle$Holder.invokeVirtual(java.lang.Object, java.lang.Object)'> (0x000000008ac70078) 
thrown [./open/src/hotspot/share/interpreter/linkResolver.cpp, line 782]
Event: 1.966 Thread 0x000001557aeaf430 Exception <a 'java/lang/NoSuchMethodError'{0x000000008ac9c130}: 'void java.lang.invoke.DirectMethodHandle$Holder.invokeStatic(java.lang.Object, java.lang.Object, java.lang.Object)'> (0x000000008ac9c130) 
thrown [./open/src/hotspot/share/interpreter/linkResolver.cpp, line 782]
Event: 1.989 Thread 0x000001557aeaf430 Exception <a 'java/lang/NoSuchMethodError'{0x000000008abd30c8}: 'void java.lang.invoke.DirectMethodHandle$Holder.invokeSpecial(java.lang.Object, java.lang.Object, java.lang.Object, java.lang.Object, java.lang.Object)'> (0x000000008abd30c8) 
thrown [./open/src/hotspot/share/interpreter/linkResolver.cpp, line 782]
Event: 2.008 Thread 0x000001557aeaf430 Exception <a 'java/lang/NoSuchMethodError'{0x000000008a8b4398}: 'java.lang.Object java.lang.invoke.DirectMethodHandle$Holder.newInvokeSpecial(java.lang.Object, java.lang.Object, java.lang.Object, java.lang.Object, java.lang.Object)'> (0x000000008a8b4398) 
thrown [./open/src/hotspot/share/interpreter/linkResolver.cpp, line 782]
Event: 2.028 Thread 0x000001557aeaf430 Exception <a 'java/lang/NoSuchMethodError'{0x000000008a7da7b0}: 'java.lang.Object java.lang.invoke.Invokers$Holder.invokeExact_MT(java.lang.Object, java.lang.Object, java.lang.Object, java.lang.Object, java.lang.Object, java.lang.Object)'> (0x000000008a7da7b0) 
thrown [./open/src/hotspot/share/interpreter/linkResolver.cpp, line 782]
Event: 2.091 Thread 0x000001557aeaf430 Exception <a 'java/lang/NoSuchMethodError'{0x000000008a3031d8}: 'void java.lang.invoke.DirectMethodHandle$Holder.invokeStatic(java.lang.Object, java.lang.Object, java.lang.Object, java.lang.Object)'> (0x000000008a3031d8) 
thrown [./open/src/hotspot/share/interpreter/linkResolver.cpp, line 782]
Event: 2.140 Thread 0x000001557aeaf430 Exception <a 'java/lang/NoSuchMethodError'{0x0000000084d3bf40}: 'void java.lang.invoke.DirectMethodHandle$Holder.invokeSpecial(java.lang.Object, java.lang.Object, java.lang.Object, java.lang.Object, java.lang.Object, java.lang.Object)'> (0x0000000084d3bf40) 
thrown [./open/src/hotspot/share/interpreter/linkResolver.cpp, line 782]
Event: 5.190 Thread 0x000001557aeaf430 Exception <a 'java/lang/NoSuchMethodError'{0x000000008a230130}: 'java.lang.Object java.lang.invoke.DirectMethodHandle$Holder.invokeSpecialIFC(java.lang.Object, java.lang.Object, java.lang.Object)'> (0x000000008a230130) 
thrown [./open/src/hotspot/share/interpreter/linkResolver.cpp, line 782]
Event: 5.220 Thread 0x000001557aeaf430 Exception <a 'java/lang/ClassNotFoundException'{0x000000008a107438}: sun/util/logging/resources/spi/loggingProvider> (0x000000008a107438) 
thrown [./open/src/hotspot/share/classfile/systemDictionary.cpp, line 295]

Events (20 events):
Event: 16.818 Executing VM operation: G1Concurrent
Event: 16.818 Executing VM operation: G1Concurrent done
Event: 16.871 Thread 0x00000155169288f0 Thread added: 0x00000155169288f0
Event: 16.880 Executing VM operation: G1TryInitiateConcMark
Event: 16.881 Executing VM operation: G1TryInitiateConcMark done
Event: 16.896 Executing VM operation: G1Concurrent
Event: 16.897 Executing VM operation: G1Concurrent done
Event: 16.904 Executing VM operation: G1Concurrent
Event: 16.904 Executing VM operation: G1Concurrent done
Event: 16.905 Thread 0x0000015516926740 Thread added: 0x0000015516926740
Event: 16.915 Executing VM operation: G1TryInitiateConcMark
Event: 16.916 Executing VM operation: G1TryInitiateConcMark done
Event: 16.932 Executing VM operation: G1Concurrent
Event: 16.933 Executing VM operation: G1Concurrent done
Event: 16.940 Executing VM operation: G1Concurrent
Event: 16.940 Executing VM operation: G1Concurrent done
Event: 16.994 Thread 0x0000015516927f50 Thread added: 0x0000015516927f50
Event: 17.004 Executing VM operation: G1TryInitiateConcMark
Event: 17.005 Executing VM operation: G1TryInitiateConcMark done
Event: 17.019 Executing VM operation: G1Concurrent


Dynamic libraries:
0x00007ff7c2900000 - 0x00007ff7c290d000 	C:\Users\Aman\.p2\pool\plugins\org.eclipse.justj.openjdk.hotspot.jre.full.win32.x86_64_15.0.1.v20201027-0507\jre\bin\javaw.exe
0x00007ffbef2a0000 - 0x00007ffbef490000 	C:\Windows\SYSTEM32\ntdll.dll
0x00007ffbed3b0000 - 0x00007ffbed462000 	C:\Windows\System32\KERNEL32.DLL
0x00007ffbec340000 - 0x00007ffbec5e5000 	C:\Windows\System32\KERNELBASE.dll
0x00007ffbec690000 - 0x00007ffbec78a000 	C:\Windows\System32\ucrtbase.dll
0x00007ffbde8f0000 - 0x00007ffbde908000 	C:\Users\Aman\.p2\pool\plugins\org.eclipse.justj.openjdk.hotspot.jre.full.win32.x86_64_15.0.1.v20201027-0507\jre\bin\jli.dll
0x00007ffbed8f0000 - 0x00007ffbeda84000 	C:\Windows\System32\USER32.dll
0x00007ffbed120000 - 0x00007ffbed141000 	C:\Windows\System32\win32u.dll
0x00007ffbed470000 - 0x00007ffbed496000 	C:\Windows\System32\GDI32.dll
0x00007ffbed150000 - 0x00007ffbed2e6000 	C:\Windows\System32\gdi32full.dll
0x00007ffbec5f0000 - 0x00007ffbec68e000 	C:\Windows\System32\msvcp_win.dll
0x00007ffbdb3e0000 - 0x00007ffbdb3f9000 	C:\Users\Aman\.p2\pool\plugins\org.eclipse.justj.openjdk.hotspot.jre.full.win32.x86_64_15.0.1.v20201027-0507\jre\bin\VCRUNTIME140.dll
0x00007ffbd95c0000 - 0x00007ffbd9844000 	C:\Windows\WinSxS\amd64_microsoft.windows.common-controls_6595b64144ccf1df_6.0.18362.1256_none_9e7e379be45e40e2\COMCTL32.dll
0x00007ffbef1c0000 - 0x00007ffbef25e000 	C:\Windows\System32\msvcrt.dll
0x00007ffbeee00000 - 0x00007ffbef136000 	C:\Windows\System32\combase.dll
0x00007ffbedb20000 - 0x00007ffbedc40000 	C:\Windows\System32\RPCRT4.dll
0x00007ffbec290000 - 0x00007ffbec311000 	C:\Windows\System32\bcryptPrimitives.dll
0x00007ffbed640000 - 0x00007ffbed66e000 	C:\Windows\System32\IMM32.DLL
0x00007ffbe66f0000 - 0x00007ffbe66fc000 	C:\Users\Aman\.p2\pool\plugins\org.eclipse.justj.openjdk.hotspot.jre.full.win32.x86_64_15.0.1.v20201027-0507\jre\bin\vcruntime140_1.dll
0x00007ffbc0ed0000 - 0x00007ffbc0f61000 	C:\Users\Aman\.p2\pool\plugins\org.eclipse.justj.openjdk.hotspot.jre.full.win32.x86_64_15.0.1.v20201027-0507\jre\bin\msvcp140.dll
0x00007ffb9e470000 - 0x00007ffb9efce000 	C:\Users\Aman\.p2\pool\plugins\org.eclipse.justj.openjdk.hotspot.jre.full.win32.x86_64_15.0.1.v20201027-0507\jre\bin\server\jvm.dll
0x00007ffbed710000 - 0x00007ffbed7b3000 	C:\Windows\System32\ADVAPI32.dll
0x00007ffbed670000 - 0x00007ffbed707000 	C:\Windows\System32\sechost.dll
0x00007ffbef1b0000 - 0x00007ffbef1b8000 	C:\Windows\System32\PSAPI.DLL
0x00007ffbd5e60000 - 0x00007ffbd5e69000 	C:\Windows\SYSTEM32\WSOCK32.dll
0x00007ffbef140000 - 0x00007ffbef1af000 	C:\Windows\System32\WS2_32.dll
0x00007ffbe8df0000 - 0x00007ffbe8e14000 	C:\Windows\SYSTEM32\WINMM.dll
0x00007ffbde300000 - 0x00007ffbde30a000 	C:\Windows\SYSTEM32\VERSION.dll
0x00007ffbe8dc0000 - 0x00007ffbe8ded000 	C:\Windows\SYSTEM32\winmmbase.dll
0x00007ffbec240000 - 0x00007ffbec28a000 	C:\Windows\System32\cfgmgr32.dll
0x00007ffbec1a0000 - 0x00007ffbec1b1000 	C:\Windows\System32\kernel.appcore.dll
0x00007ffbdd9d0000 - 0x00007ffbdd9da000 	C:\Users\Aman\.p2\pool\plugins\org.eclipse.justj.openjdk.hotspot.jre.full.win32.x86_64_15.0.1.v20201027-0507\jre\bin\jimage.dll
0x00007ffbeaa20000 - 0x00007ffbeac14000 	C:\Windows\SYSTEM32\DBGHELP.DLL
0x00007ffbdce60000 - 0x00007ffbdce8a000 	C:\Windows\SYSTEM32\dbgcore.DLL
0x00007ffbdb280000 - 0x00007ffbdb2a5000 	C:\Users\Aman\.p2\pool\plugins\org.eclipse.justj.openjdk.hotspot.jre.full.win32.x86_64_15.0.1.v20201027-0507\jre\bin\java.dll
0x00007ffbdb480000 - 0x00007ffbdb498000 	C:\Users\Aman\.p2\pool\plugins\org.eclipse.justj.openjdk.hotspot.jre.full.win32.x86_64_15.0.1.v20201027-0507\jre\bin\zip.dll
0x00007ffbeddc0000 - 0x00007ffbee4a7000 	C:\Windows\System32\SHELL32.dll
0x00007ffbedc40000 - 0x00007ffbedce9000 	C:\Windows\System32\shcore.dll
0x00007ffbec790000 - 0x00007ffbecf11000 	C:\Windows\System32\windows.storage.dll
0x00007ffbec1e0000 - 0x00007ffbec203000 	C:\Windows\System32\profapi.dll
0x00007ffbec150000 - 0x00007ffbec19a000 	C:\Windows\System32\powrprof.dll
0x00007ffbec140000 - 0x00007ffbec150000 	C:\Windows\System32\UMPDC.dll
0x00007ffbeeda0000 - 0x00007ffbeedf2000 	C:\Windows\System32\shlwapi.dll
0x00007ffbec320000 - 0x00007ffbec337000 	C:\Windows\System32\cryptsp.dll
0x00007ffbdd9c0000 - 0x00007ffbdd9d0000 	C:\Users\Aman\.p2\pool\plugins\org.eclipse.justj.openjdk.hotspot.jre.full.win32.x86_64_15.0.1.v20201027-0507\jre\bin\verify.dll
0x00007ffbdb260000 - 0x00007ffbdb279000 	C:\Users\Aman\.p2\pool\plugins\org.eclipse.justj.openjdk.hotspot.jre.full.win32.x86_64_15.0.1.v20201027-0507\jre\bin\net.dll
0x00007ffbded90000 - 0x00007ffbdee80000 	C:\Windows\SYSTEM32\WINHTTP.dll
0x00007ffbeb990000 - 0x00007ffbeb9f7000 	C:\Windows\system32\mswsock.dll
0x00007ffbdb1c0000 - 0x00007ffbdb1d2000 	C:\Users\Aman\.p2\pool\plugins\org.eclipse.justj.openjdk.hotspot.jre.full.win32.x86_64_15.0.1.v20201027-0507\jre\bin\nio.dll
0x00007ffbeb730000 - 0x00007ffbeb7fb000 	C:\Windows\SYSTEM32\DNSAPI.dll
0x00007ffbee680000 - 0x00007ffbee688000 	C:\Windows\System32\NSI.dll
0x00007ffbeb6a0000 - 0x00007ffbeb6da000 	C:\Windows\SYSTEM32\IPHLPAPI.DLL
0x00007ffbd9190000 - 0x00007ffbd919a000 	C:\Windows\System32\rasadhlp.dll
0x00007ffbdf710000 - 0x00007ffbdf787000 	C:\Windows\System32\fwpuclnt.dll
0x00007ffbec210000 - 0x00007ffbec236000 	C:\Windows\System32\bcrypt.dll
0x00007ffbdfe20000 - 0x00007ffbdfe29000 	C:\Users\Aman\.p2\pool\plugins\org.eclipse.justj.openjdk.hotspot.jre.full.win32.x86_64_15.0.1.v20201027-0507\jre\bin\management.dll
0x00007ffbdb360000 - 0x00007ffbdb36b000 	C:\Users\Aman\.p2\pool\plugins\org.eclipse.justj.openjdk.hotspot.jre.full.win32.x86_64_15.0.1.v20201027-0507\jre\bin\management_ext.dll
0x00007ffbeb500000 - 0x00007ffbeb533000 	C:\Windows\system32\rsaenh.dll
0x00007ffbec060000 - 0x00007ffbec085000 	C:\Windows\SYSTEM32\USERENV.dll
0x00007ffbebb60000 - 0x00007ffbebb6c000 	C:\Windows\SYSTEM32\CRYPTBASE.dll
0x00007ffbdf8f0000 - 0x00007ffbdf906000 	C:\Windows\SYSTEM32\dhcpcsvc6.DLL
0x00007ffbdfba0000 - 0x00007ffbdfbbc000 	C:\Windows\SYSTEM32\dhcpcsvc.DLL
0x00007ffbdfe30000 - 0x00007ffbdfe3d000 	C:\Users\Aman\.p2\pool\plugins\org.eclipse.justj.openjdk.hotspot.jre.full.win32.x86_64_15.0.1.v20201027-0507\jre\bin\sunmscapi.dll
0x00007ffbecf20000 - 0x00007ffbed069000 	C:\Windows\System32\CRYPT32.dll
0x00007ffbec1c0000 - 0x00007ffbec1d2000 	C:\Windows\System32\MSASN1.dll
0x00007ffbebc60000 - 0x00007ffbebc86000 	C:\Windows\SYSTEM32\ncrypt.dll
0x00007ffbebc20000 - 0x00007ffbebc5b000 	C:\Windows\SYSTEM32\NTASN1.dll
0x00007ffbe6570000 - 0x00007ffbe6586000 	C:\Windows\system32\napinsp.dll
0x00007ffbe63b0000 - 0x00007ffbe63ca000 	C:\Windows\system32\pnrpnsp.dll
0x00007ffbe6aa0000 - 0x00007ffbe6aae000 	C:\Windows\System32\winrnr.dll
0x00007ffbdfd00000 - 0x00007ffbdfd1c000 	C:\Windows\system32\NLAapi.dll
0x00007ffbe6390000 - 0x00007ffbe63a5000 	C:\Windows\system32\wshbth.dll

dbghelp: loaded successfully - version: 4.0.5 - missing functions: none
symbol engine: initialized successfully - sym options: 0x614 - pdb path: .;C:\Users\Aman\.p2\pool\plugins\org.eclipse.justj.openjdk.hotspot.jre.full.win32.x86_64_15.0.1.v20201027-0507\jre\bin;C:\Windows\SYSTEM32;C:\Windows\WinSxS\amd64_microsoft.windows.common-controls_6595b64144ccf1df_6.0.18362.1256_none_9e7e379be45e40e2;C:\Users\Aman\.p2\pool\plugins\org.eclipse.justj.openjdk.hotspot.jre.full.win32.x86_64_15.0.1.v20201027-0507\jre\bin\server

VM Arguments:
jvm_args: -Dfile.encoding=Cp1252 -XX:+ShowCodeDetailsInExceptionMessages 
java_command: Practice.SwagLabs
java_class_path (initial): C:\Users\Aman\eclipse-workspace\SeleniumSampleFramework\target\test-classes;C:\Users\Aman\eclipse-workspace\SeleniumSampleFramework\target\classes;C:\Users\Aman\.m2\repository\org\seleniumhq\selenium\selenium-java\4.0.0-alpha-5\selenium-java-4.0.0-alpha-5.jar;C:\Users\Aman\.m2\repository\org\seleniumhq\selenium\selenium-api\4.0.0-alpha-5\selenium-api-4.0.0-alpha-5.jar;C:\Users\Aman\.m2\repository\org\seleniumhq\selenium\selenium-chrome-driver\4.0.0-alpha-5\selenium-chrome-driver-4.0.0-alpha-5.jar;C:\Users\Aman\.m2\repository\com\google\auto\service\auto-service-annotations\1.0-rc6\auto-service-annotations-1.0-rc6.jar;C:\Users\Aman\.m2\repository\com\google\auto\service\auto-service\1.0-rc6\auto-service-1.0-rc6.jar;C:\Users\Aman\.m2\repository\com\google\auto\auto-common\0.10\auto-common-0.10.jar;C:\Users\Aman\.m2\repository\com\google\guava\guava\28.2-jre\guava-28.2-jre.jar;C:\Users\Aman\.m2\repository\com\google\guava\failureaccess\1.0.1\failureaccess-1.0.1.jar;C:\Users\Aman\.m2\repository\com\google\guava\listenablefuture\9999.0-empty-to-avoid-conflict-with-guava\listenablefuture-9999.0-empty-to-avoid-conflict-with-guava.jar;C:\Users\Aman\.m2\repository\com\google\code\findbugs\jsr305\3.0.2\jsr305-3.0.2.jar;C:\Users\Aman\.m2\repository\org\checkerframework\checker-qual\2.10.0\checker-qual-2.10.0.jar;C:\Users\Aman\.m2\repository\com\google\errorprone\error_prone_annotations\2.3.4\error_prone_annotations-2.3.4.jar;C:\Users\Aman\.m2\repository\com\google\j2objc\j2objc-annotations\1.3\j2objc-annotations-1.3.jar;C:\Users\Aman\.m2\repository\org\seleniumhq\selenium\selenium-chromium-driver\4.0.0-alpha-5\selenium-chromium-driver-4.0.0-alpha-5.jar;C:\Users\Aman\.m2\repository\org\seleniumhq\selenium\selenium-devtools\4.0.0-alpha-5\selenium-devtools-4.0.0-alpha-5.jar;C:\Users\Aman\.m2\repository\org\seleniumhq\selenium\selenium-http\4.0.0-alpha-5\selenium-http-4.0.0-alpha-5.jar;C:\Users\Aman\.m2\repository\org\seleniumhq\selenium\selenium-json\
Launcher Type: SUN_STANDARD

[Global flags]
     intx CICompilerCount                          = 3                                         {product} {ergonomic}
     uint ConcGCThreads                            = 1                                         {product} {ergonomic}
     uint G1ConcRefinementThreads                  = 4                                         {product} {ergonomic}
   size_t G1HeapRegionSize                         = 1048576                                   {product} {ergonomic}
    uintx GCDrainStackTargetSize                   = 64                                        {product} {ergonomic}
   size_t InitialHeapSize                          = 132120576                                 {product} {ergonomic}
   size_t MarkStackSize                            = 4194304                                   {product} {ergonomic}
   size_t MaxHeapSize                              = 2088763392                                {product} {ergonomic}
   size_t MaxNewSize                               = 1253048320                                {product} {ergonomic}
   size_t MinHeapDeltaBytes                        = 1048576                                   {product} {ergonomic}
   size_t MinHeapSize                              = 8388608                                   {product} {ergonomic}
    uintx NonNMethodCodeHeapSize                   = 5832780                                {pd product} {ergonomic}
    uintx NonProfiledCodeHeapSize                  = 122912730                              {pd product} {ergonomic}
    uintx ProfiledCodeHeapSize                     = 122912730                              {pd product} {ergonomic}
    uintx ReservedCodeCacheSize                    = 251658240                              {pd product} {ergonomic}
     bool SegmentedCodeCache                       = true                                      {product} {ergonomic}
     bool ShowCodeDetailsInExceptionMessages       = true                                   {manageable} {command line}
   size_t SoftMaxHeapSize                          = 2088763392                             {manageable} {ergonomic}
     bool UseCompressedClassPointers               = true                                 {lp64_product} {ergonomic}
     bool UseCompressedOops                        = true                                 {lp64_product} {ergonomic}
     bool UseG1GC                                  = true                                      {product} {ergonomic}
     bool UseLargePagesIndividualAllocation        = false                                  {pd product} {ergonomic}

Logging:
Log output configuration:
 #0: stdout all=warning uptime,level,tags
 #1: stderr all=off uptime,level,tags

Environment Variables:
JAVA_HOME=C:\Program Files\Java\jdk1.8.0_241
PATH=C:/Users/Aman/.p2/pool/plugins/org.eclipse.justj.openjdk.hotspot.jre.full.win32.x86_64_15.0.1.v20201027-0507/jre/bin/server;C:/Users/Aman/.p2/pool/plugins/org.eclipse.justj.openjdk.hotspot.jre.full.win32.x86_64_15.0.1.v20201027-0507/jre/bin;C:\Program Files\AdoptOpenJDK\jdk-11.0.9.101-hotspot\bin;C:\Python38\Scripts\;C:\Python38\;C:\Windows\System32;C:\Program Files (x86)\Common Files\Oracle\Java\javapath;C:\Users\Aman\apache-ant-1.9.14\bin;C:\Program Files\Git\cmd;C:\Program Files\Java\jdk1.8.0_241\bin;C:\Program Files\nodejs\;C:\ProgramData\chocolatey\bin;C:\Windows\System32\wbem;C:\Program Files\Microsoft SQL Server\Client SDK\ODBC\170\Tools\Binn\;C:\Program Files (x86)\Microsoft SQL Server\150\Tools\Binn\;C:\Program Files\Microsoft SQL Server\150\Tools\Binn\;C:\Program Files\Microsoft SQL Server\150\DTS\Binn\;C:\Maven\bin;C:\Users\Aman\eclipse-workspace\SeleniumSampleFramework\drivers\chromedriver1;C:\Users\Aman\AppData\Local\Programs\Python\Python39\Scripts\;C:\Users\Aman\AppData\Local\Programs\Python\Python39\;C:\Program Files\MySQL\MySQL Shell 8.0\bin\;C:\Windows\System32;C:\Users\Aman\AppData\Local\Programs\Python\Python37\Scripts\;C:\Users\Aman\AppData\Local\Programs\Python\Python37\;C:\Users\Aman\AppData\Local\Microsoft\WindowsApps;C:\Program Files\JetBrains\PyCharm Community Edition 2019.3.3\bin;;C:\Program Files\Java\jre1.8.0_241\bin;C:\Program Files\Java\jre1.8.0_241\bin;C:\Users\Aman\apache-ant-1.9.14\bin;C:\Users\Aman\AppData\Roaming\npm;C:\Users\Aman\AppData\Local\Programs\Microsoft VS Code\bin;C:\Program Files\JetBrains\IntelliJ IDEA 2020.3.2\bin;;C:\Users\Aman\eclipse\java-2020-12\eclipse;
USERNAME=Aman
OS=Windows_NT
PROCESSOR_IDENTIFIER=Intel64 Family 6 Model 142 Stepping 9, GenuineIntel



---------------  S Y S T E M  ---------------

OS:
 Windows 10 , 64 bit Build 18362 (10.0.18362.1110)
OS uptime: 14 days 2:18 hours

CPU: total 4 (initial active 4) (2 cores per cpu, 2 threads per core) family 6 model 142 stepping 9 microcode 0x8e, cmov, cx8, fxsr, mmx, sse, sse2, sse3, ssse3, sse4.1, sse4.2, popcnt, vzeroupper, avx, avx2, aes, clmul, erms, 3dnowpref, lzcnt, ht, tsc, tscinvbit, bmi1, bmi2, adx, fma, clflush, clflushopt

Memory: 4k page, system-wide physical 7966M (1232M free)
TotalPageFile size 32542M (AvailPageFile size 21M)
current process WorkingSet (physical memory assigned to process): 353M, peak: 353M
current process commit charge ("private bytes"): 456M, peak: 484M

vm_info: OpenJDK 64-Bit Server VM (15.0.1+9-18) for windows-amd64 JRE (15.0.1+9-18), built on Sep 15 2020 14:39:31 by "mach5one" with unknown MS VC++:1925

END.
