#
# There is insufficient memory for the Java Runtime Environment to continue.
# Native memory allocation (mmap) failed to map 1048576 bytes for G1 virtual space
# Possible reasons:
#   The system is out of physical RAM or swap space
#   The process is running with CompressedOops enabled, and the Java Heap may be blocking the growth of the native heap
# Possible solutions:
#   Reduce memory load on the system
#   Increase physical memory or swap space
#   Check if swap backing store is full
#   Decrease Java heap size (-Xmx/-Xms)
#   Decrease number of Java threads
#   Decrease Java thread stack sizes (-Xss)
#   Set larger code cache with -XX:ReservedCodeCacheSize=
#   JVM is running with Unscaled Compressed Oops mode in which the Java heap is
#     placed in the first 4GB address space. The Java Heap base address is the
#     maximum limit for the native heap growth. Please use -XX:HeapBaseMinAddress
#     to set the Java Heap base and to place the Java Heap above 4GB virtual address.
# This output file may be truncated or incomplete.
#
#  Out of Memory Error (./open/src/hotspot/os/windows/os_windows.cpp:3472), pid=12976, tid=15232
#
# JRE version: OpenJDK Runtime Environment (15.0.1+9) (build 15.0.1+9-18)
# Java VM: OpenJDK 64-Bit Server VM (15.0.1+9-18, mixed mode, tiered, compressed oops, g1 gc, windows-amd64)
# No core dump will be written. Minidumps are not enabled by default on client versions of Windows
#

---------------  S U M M A R Y ------------

Command Line: -Dfile.encoding=Cp1252 -XX:+ShowCodeDetailsInExceptionMessages Practice.Radio

Host: Intel(R) Core(TM) i7-7500U CPU @ 2.70GHz, 4 cores, 7G,  Windows 10 , 64 bit Build 18362 (10.0.18362.1110)
Time: Tue Feb 16 21:17:28 2021 India Standard Time elapsed time: 11.154298 seconds (0d 0h 0m 11s)

---------------  T H R E A D  ---------------

Current thread (0x00000171bdda3db0):  JavaThread "AsyncHttpClient-3-3" [_thread_in_vm, id=15232, stack(0x0000005fcf200000,0x0000005fcf300000)]

Stack: [0x0000005fcf200000,0x0000005fcf300000]
Native frames: (J=compiled Java code, j=interpreted, Vv=VM code, C=native code)
V  [jvm.dll+0x62ae9a]
V  [jvm.dll+0x781389]
V  [jvm.dll+0x782ae3]
V  [jvm.dll+0x783143]
V  [jvm.dll+0x216265]
V  [jvm.dll+0x6281d9]
V  [jvm.dll+0x61cd15]
V  [jvm.dll+0x2d01fd]
V  [jvm.dll+0x2d0062]
V  [jvm.dll+0x2d603c]
V  [jvm.dll+0x325b2a]
V  [jvm.dll+0x325291]
V  [jvm.dll+0x324f11]
V  [jvm.dll+0x2a790e]
V  [jvm.dll+0x2a2fbf]
V  [jvm.dll+0x5bcf53]
V  [jvm.dll+0x1e4995]
V  [jvm.dll+0x75b786]
V  [jvm.dll+0x34bbea]
C  0x00000171a617ed97

Java frames: (J=compiled Java code, j=interpreted, Vv=VM code)
j  io.netty.util.internal.PlatformDependent.allocateUninitializedArray(I)[B+14
j  io.netty.buffer.PoolArena$HeapArena.newByteArray(I)[B+1
j  io.netty.buffer.PoolArena$HeapArena.newChunk(IIII)Lio/netty/buffer/PoolChunk;+7
j  io.netty.buffer.PoolArena.allocateNormal(Lio/netty/buffer/PooledByteBuf;II)V+83
j  io.netty.buffer.PoolArena.allocate(Lio/netty/buffer/PoolThreadCache;Lio/netty/buffer/PooledByteBuf;I)V+217
j  io.netty.buffer.PoolArena.allocate(Lio/netty/buffer/PoolThreadCache;II)Lio/netty/buffer/PooledByteBuf;+12
j  io.netty.buffer.PooledByteBufAllocator.newHeapBuffer(II)Lio/netty/buffer/ByteBuf;+27
j  io.netty.buffer.AbstractByteBufAllocator.heapBuffer(II)Lio/netty/buffer/ByteBuf;+21
j  io.netty.buffer.AbstractByteBufAllocator.heapBuffer(I)Lio/netty/buffer/ByteBuf;+4
j  io.netty.buffer.UnsafeByteBufUtil.setBytes(Lio/netty/buffer/AbstractByteBuf;JILjava/io/InputStream;I)I+13
j  io.netty.buffer.PooledUnsafeDirectByteBuf.setBytes(ILjava/io/InputStream;I)I+9
j  io.netty.buffer.AbstractByteBuf.writeBytes(Ljava/io/InputStream;I)I+13
j  io.netty.handler.stream.ChunkedStream.readChunk(Lio/netty/buffer/ByteBufAllocator;)Lio/netty/buffer/ByteBuf;+68
j  io.netty.handler.stream.ChunkedStream.readChunk(Lio/netty/buffer/ByteBufAllocator;)Ljava/lang/Object;+2
j  io.netty.handler.stream.ChunkedWriteHandler.doFlush(Lio/netty/channel/ChannelHandlerContext;)V+132
j  io.netty.handler.stream.ChunkedWriteHandler.flush(Lio/netty/channel/ChannelHandlerContext;)V+2
j  io.netty.channel.AbstractChannelHandlerContext.invokeFlush0()V+8
j  io.netty.channel.AbstractChannelHandlerContext.invokeWriteAndFlush(Ljava/lang/Object;Lio/netty/channel/ChannelPromise;)V+14
j  io.netty.channel.AbstractChannelHandlerContext.write(Ljava/lang/Object;ZLio/netty/channel/ChannelPromise;)V+90
j  io.netty.channel.AbstractChannelHandlerContext.writeAndFlush(Ljava/lang/Object;Lio/netty/channel/ChannelPromise;)Lio/netty/channel/ChannelFuture;+4
j  io.netty.channel.DefaultChannelPipeline.writeAndFlush(Ljava/lang/Object;Lio/netty/channel/ChannelPromise;)Lio/netty/channel/ChannelFuture;+6
j  io.netty.channel.AbstractChannel.writeAndFlush(Ljava/lang/Object;Lio/netty/channel/ChannelPromise;)Lio/netty/channel/ChannelFuture;+6
j  org.asynchttpclient.netty.request.body.NettyInputStreamBody.write(Lio/netty/channel/Channel;Lorg/asynchttpclient/netty/NettyResponseFuture;)V+93
j  org.asynchttpclient.netty.request.NettyRequestSender.writeRequest(Lorg/asynchttpclient/netty/NettyResponseFuture;Lio/netty/channel/Channel;)V+209
j  org.asynchttpclient.netty.channel.NettyConnectListener.writeRequest(Lio/netty/channel/Channel;)V+101
j  org.asynchttpclient.netty.channel.NettyConnectListener.onSuccess(Lio/netty/channel/Channel;Ljava/net/InetSocketAddress;)V+232
j  org.asynchttpclient.netty.channel.NettyChannelConnector$1.onSuccess(Lio/netty/channel/Channel;)V+51
j  org.asynchttpclient.netty.SimpleChannelFutureListener.operationComplete(Lio/netty/channel/ChannelFuture;)V+18
j  org.asynchttpclient.netty.SimpleChannelFutureListener.operationComplete(Lio/netty/util/concurrent/Future;)V+5
j  io.netty.util.concurrent.DefaultPromise.notifyListener0(Lio/netty/util/concurrent/Future;Lio/netty/util/concurrent/GenericFutureListener;)V+2
j  io.netty.util.concurrent.DefaultPromise.notifyListeners0(Lio/netty/util/concurrent/DefaultFutureListeners;)V+24
j  io.netty.util.concurrent.DefaultPromise.notifyListenersNow()V+58
j  io.netty.util.concurrent.DefaultPromise.notifyListeners()V+38
j  io.netty.util.concurrent.DefaultPromise.setValue0(Ljava/lang/Object;)Z+34
j  io.netty.util.concurrent.DefaultPromise.setSuccess0(Ljava/lang/Object;)Z+12
j  io.netty.util.concurrent.DefaultPromise.trySuccess(Ljava/lang/Object;)Z+2
j  io.netty.channel.DefaultChannelPromise.trySuccess()Z+2
j  io.netty.channel.nio.AbstractNioChannel$AbstractNioUnsafe.fulfillConnectPromise(Lio/netty/channel/ChannelPromise;Z)V+14
j  io.netty.channel.nio.AbstractNioChannel$AbstractNioUnsafe.finishConnect()V+51
j  io.netty.channel.nio.NioEventLoop.processSelectedKey(Ljava/nio/channels/SelectionKey;Lio/netty/channel/nio/AbstractNioChannel;)V+78
j  io.netty.channel.nio.NioEventLoop.processSelectedKeysOptimized()V+51
j  io.netty.channel.nio.NioEventLoop.processSelectedKeys()V+8
j  io.netty.channel.nio.NioEventLoop.run()V+199
j  io.netty.util.concurrent.SingleThreadEventExecutor$4.run()V+44
j  io.netty.util.internal.ThreadExecutorMap$2.run()V+11
j  io.netty.util.concurrent.FastThreadLocalRunnable.run()V+4
j  java.lang.Thread.run()V+11 java.base@15.0.1
v  ~StubRoutines::call_stub

---------------  P R O C E S S  ---------------

Threads class SMR info:
_java_thread_list=0x00000171bdfbbd80, length=19, elements={
0x00000171a27614f0, 0x00000171bc051e10, 0x00000171bc08d400, 0x00000171bc8b8de0,
0x00000171bc8bb6b0, 0x00000171bc8bceb0, 0x00000171bc8bfcc0, 0x00000171bc900450,
0x00000171bc907520, 0x00000171bca6bf90, 0x00000171bca9a1e0, 0x00000171bda8d920,
0x00000171bdc071d0, 0x00000171bdad0080, 0x00000171bda36150, 0x00000171bdd583f0,
0x00000171bde0f4a0, 0x00000171bd501160, 0x00000171bdda3db0
}

Java Threads: ( => current thread )
  0x00000171a27614f0 JavaThread "Forwarding maximizeCurrentWindow on session d67c3e99897cc930e7f9fbf398e7672d to remote" [_thread_blocked, id=29276, stack(0x0000005fcd400000,0x0000005fcd500000)]
  0x00000171bc051e10 JavaThread "Reference Handler" daemon [_thread_blocked, id=15344, stack(0x0000005fcdb00000,0x0000005fcdc00000)]
  0x00000171bc08d400 JavaThread "Finalizer" daemon [_thread_blocked, id=25980, stack(0x0000005fcdc00000,0x0000005fcdd00000)]
  0x00000171bc8b8de0 JavaThread "Signal Dispatcher" daemon [_thread_blocked, id=9924, stack(0x0000005fcdd00000,0x0000005fcde00000)]
  0x00000171bc8bb6b0 JavaThread "Attach Listener" daemon [_thread_blocked, id=18120, stack(0x0000005fcde00000,0x0000005fcdf00000)]
  0x00000171bc8bceb0 JavaThread "Service Thread" daemon [_thread_blocked, id=14648, stack(0x0000005fcdf00000,0x0000005fce000000)]
  0x00000171bc8bfcc0 JavaThread "C2 CompilerThread0" daemon [_thread_blocked, id=20064, stack(0x0000005fce000000,0x0000005fce100000)]
  0x00000171bc900450 JavaThread "C1 CompilerThread0" daemon [_thread_blocked, id=8296, stack(0x0000005fce100000,0x0000005fce200000)]
  0x00000171bc907520 JavaThread "Sweeper thread" daemon [_thread_blocked, id=21688, stack(0x0000005fce200000,0x0000005fce300000)]
  0x00000171bca6bf90 JavaThread "Notification Thread" daemon [_thread_blocked, id=6292, stack(0x0000005fce300000,0x0000005fce400000)]
  0x00000171bca9a1e0 JavaThread "Common-Cleaner" daemon [_thread_blocked, id=17396, stack(0x0000005fce500000,0x0000005fce600000)]
  0x00000171bda8d920 JavaThread "AsyncHttpClient-timer-1-1" [_thread_blocked, id=25284, stack(0x0000005fce900000,0x0000005fcea00000)]
  0x00000171bdc071d0 JavaThread "Exec Default Executor" daemon [_thread_in_native, id=11884, stack(0x0000005fcec00000,0x0000005fced00000)]
  0x00000171bdad0080 JavaThread "UrlChecker-2" daemon [_thread_blocked, id=23980, stack(0x0000005fced00000,0x0000005fcee00000)]
  0x00000171bda36150 JavaThread "Exec Stream Pumper" daemon [_thread_in_native, id=13440, stack(0x0000005fcef00000,0x0000005fcf000000)]
  0x00000171bdd583f0 JavaThread "Exec Stream Pumper" daemon [_thread_in_native, id=21400, stack(0x0000005fcf000000,0x0000005fcf100000)]
  0x00000171bde0f4a0 JavaThread "AsyncHttpClient-3-1" [_thread_in_native, id=27440, stack(0x0000005fcf100000,0x0000005fcf200000)]
  0x00000171bd501160 JavaThread "AsyncHttpClient-3-2" [_thread_in_native, id=3776, stack(0x0000005fcea00000,0x0000005fceb00000)]
=>0x00000171bdda3db0 JavaThread "AsyncHttpClient-3-3" [_thread_in_vm, id=15232, stack(0x0000005fcf200000,0x0000005fcf300000)]

Other Threads:
  0x00000171bc0516f0 VMThread "VM Thread" [stack: 0x0000005fcda00000,0x0000005fcdb00000] [id=10772]
  0x00000171bca6c870 WatcherThread [stack: 0x0000005fce400000,0x0000005fce500000] [id=28188]
  0x00000171a27a3250 GCTaskThread "GC Thread#0" [stack: 0x0000005fcd500000,0x0000005fcd600000] [id=13868]
  0x00000171bcc827b0 GCTaskThread "GC Thread#1" [stack: 0x0000005fce600000,0x0000005fce700000] [id=22424]
  0x00000171bcc807d0 GCTaskThread "GC Thread#2" [stack: 0x0000005fce700000,0x0000005fce800000] [id=2168]
  0x00000171bcc7f7e0 GCTaskThread "GC Thread#3" [stack: 0x0000005fceb00000,0x0000005fcec00000] [id=21868]
  0x00000171a27b53e0 ConcurrentGCThread "G1 Main Marker" [stack: 0x0000005fcd600000,0x0000005fcd700000] [id=22800]
  0x00000171a27b5e60 ConcurrentGCThread "G1 Conc#0" [stack: 0x0000005fcd700000,0x0000005fcd800000] [id=23360]
  0x00000171bbeb0090 ConcurrentGCThread "G1 Refine#0" [stack: 0x0000005fcd800000,0x0000005fcd900000] [id=28716]
  0x00000171bda71c50 ConcurrentGCThread "G1 Refine#1" [stack: 0x0000005fce800000,0x0000005fce900000] [id=11296]
  0x00000171bbeb1ab0 ConcurrentGCThread "G1 Young RemSet Sampling" [stack: 0x0000005fcd900000,0x0000005fcda00000] [id=20984]

Threads with active compile tasks:

VM state: not at safepoint (normal execution)

VM Mutex/Monitor currently owned by a thread:  ([mutex/lock_event])
[0x00000171a275d220] Heap_lock - owner thread: 0x00000171bdda3db0

Heap address: 0x0000000083800000, size: 1992 MB, Compressed Oops mode: 32-bit
CDS disabled.
Compressed class space mapped at: 0x0000000100000000-0x0000000140000000, size: 1073741824
Narrow klass base: 0x0000000000000000, Narrow klass shift: 3, Narrow klass range: 0x140000000

GC Precious Log:
 CPUs: 4 total, 4 available
 Memory: 7966M
 Large Page Support: Disabled
 NUMA Support: Disabled
 Compressed Oops: Enabled (32-bit)
 Heap Region Size: 1M
 Heap Min Capacity: 8M
 Heap Initial Capacity: 126M
 Heap Max Capacity: 1992M
 Pre-touch: Disabled
 Parallel Workers: 4
 Concurrent Workers: 1
 Concurrent Refinement Workers: 4
 Periodic GC: Disabled

Heap:
 garbage-first heap   total 77824K, used 43597K [0x0000000083800000, 0x0000000100000000)
  region size 1024K, 2 young (2048K), 2 survivors (2048K)
 Metaspace       used 24389K, capacity 24684K, committed 24752K, reserved 1071104K
  class space    used 2690K, capacity 2781K, committed 2816K, reserved 1048576K

Heap Regions: E=young(eden), S=young(survivor), O=old, HS=humongous(starts), HC=humongous(continues), CS=collection set, F=free, OA=open archive, CA=closed archive, TAMS=top-at-mark-start (previous, next)
|   0|0x0000000083800000, 0x0000000083900000, 0x0000000083900000|100%| O|  |TAMS 0x0000000083900000, 0x0000000083900000| Untracked 
|   1|0x0000000083900000, 0x0000000083a00000, 0x0000000083a00000|100%| O|  |TAMS 0x0000000083a00000, 0x0000000083a00000| Untracked 
|   2|0x0000000083a00000, 0x0000000083b00000, 0x0000000083b00000|100%| O|  |TAMS 0x0000000083b00000, 0x0000000083b00000| Untracked 
|   3|0x0000000083b00000, 0x0000000083bf7000, 0x0000000083c00000| 96%| O|  |TAMS 0x0000000083bf7000, 0x0000000083bf7000| Untracked 
|   4|0x0000000083c00000, 0x0000000083d00000, 0x0000000083d00000|100%| O|  |TAMS 0x0000000083c00000, 0x0000000083d00000| Untracked 
|   5|0x0000000083d00000, 0x0000000083e00000, 0x0000000083e00000|100%| O|  |TAMS 0x0000000083d00000, 0x0000000083e00000| Untracked 
|   6|0x0000000083e00000, 0x0000000083f00000, 0x0000000083f00000|100%| O|  |TAMS 0x0000000083e00000, 0x0000000083eb1600| Untracked 
|   7|0x0000000083f00000, 0x0000000083f58c00, 0x0000000084000000| 34%| O|  |TAMS 0x0000000083f00000, 0x0000000083f00000| Untracked 
|   8|0x0000000084000000, 0x0000000084000000, 0x0000000084100000|  0%| F|  |TAMS 0x0000000084000000, 0x0000000084000000| Untracked 
|   9|0x0000000084100000, 0x0000000084100000, 0x0000000084200000|  0%| F|  |TAMS 0x0000000084100000, 0x0000000084100000| Untracked 
|  10|0x0000000084200000, 0x0000000084200000, 0x0000000084300000|  0%| F|  |TAMS 0x0000000084200000, 0x0000000084200000| Untracked 
|  11|0x0000000084300000, 0x0000000084300000, 0x0000000084400000|  0%| F|  |TAMS 0x0000000084300000, 0x0000000084300000| Untracked 
|  12|0x0000000084400000, 0x0000000084400000, 0x0000000084500000|  0%| F|  |TAMS 0x0000000084400000, 0x0000000084400000| Untracked 
|  13|0x0000000084500000, 0x0000000084500000, 0x0000000084600000|  0%| F|  |TAMS 0x0000000084500000, 0x0000000084500000| Untracked 
|  14|0x0000000084600000, 0x0000000084600000, 0x0000000084700000|  0%| F|  |TAMS 0x0000000084600000, 0x0000000084600000| Untracked 
|  15|0x0000000084700000, 0x0000000084800000, 0x0000000084800000|100%|HS|  |TAMS 0x0000000084800000, 0x0000000084800000| Complete 
|  16|0x0000000084800000, 0x0000000084900000, 0x0000000084900000|100%|HC|  |TAMS 0x0000000084900000, 0x0000000084900000| Complete 
|  17|0x0000000084900000, 0x0000000084a00000, 0x0000000084a00000|100%|HC|  |TAMS 0x0000000084a00000, 0x0000000084a00000| Complete 
|  18|0x0000000084a00000, 0x0000000084b00000, 0x0000000084b00000|100%|HC|  |TAMS 0x0000000084b00000, 0x0000000084b00000| Complete 
|  19|0x0000000084b00000, 0x0000000084c00000, 0x0000000084c00000|100%|HC|  |TAMS 0x0000000084c00000, 0x0000000084c00000| Complete 
|  20|0x0000000084c00000, 0x0000000084d00000, 0x0000000084d00000|100%|HC|  |TAMS 0x0000000084d00000, 0x0000000084d00000| Complete 
|  21|0x0000000084d00000, 0x0000000084e00000, 0x0000000084e00000|100%|HC|  |TAMS 0x0000000084e00000, 0x0000000084e00000| Complete 
|  22|0x0000000084e00000, 0x0000000084f00000, 0x0000000084f00000|100%|HC|  |TAMS 0x0000000084f00000, 0x0000000084f00000| Complete 
|  23|0x0000000084f00000, 0x0000000085000000, 0x0000000085000000|100%|HC|  |TAMS 0x0000000085000000, 0x0000000085000000| Complete 
|  24|0x0000000085000000, 0x0000000085100000, 0x0000000085100000|100%|HC|  |TAMS 0x0000000085100000, 0x0000000085100000| Complete 
|  25|0x0000000085100000, 0x0000000085200000, 0x0000000085200000|100%|HC|  |TAMS 0x0000000085200000, 0x0000000085200000| Complete 
|  26|0x0000000085200000, 0x0000000085300000, 0x0000000085300000|100%|HC|  |TAMS 0x0000000085300000, 0x0000000085300000| Complete 
|  27|0x0000000085300000, 0x0000000085400000, 0x0000000085400000|100%|HC|  |TAMS 0x0000000085400000, 0x0000000085400000| Complete 
|  28|0x0000000085400000, 0x0000000085500000, 0x0000000085500000|100%|HC|  |TAMS 0x0000000085500000, 0x0000000085500000| Complete 
|  29|0x0000000085500000, 0x0000000085600000, 0x0000000085600000|100%|HC|  |TAMS 0x0000000085600000, 0x0000000085600000| Complete 
|  30|0x0000000085600000, 0x0000000085700000, 0x0000000085700000|100%|HC|  |TAMS 0x0000000085700000, 0x0000000085700000| Complete 
|  31|0x0000000085700000, 0x0000000085800000, 0x0000000085800000|100%|HC|  |TAMS 0x0000000085800000, 0x0000000085800000| Complete 
|  32|0x0000000085800000, 0x0000000085800000, 0x0000000085900000|  0%| F|  |TAMS 0x0000000085800000, 0x0000000085800000| Untracked 
|  33|0x0000000085900000, 0x0000000085900000, 0x0000000085a00000|  0%| F|  |TAMS 0x0000000085900000, 0x0000000085900000| Untracked 
|  34|0x0000000085a00000, 0x0000000085a00000, 0x0000000085b00000|  0%| F|  |TAMS 0x0000000085a00000, 0x0000000085a00000| Untracked 
|  35|0x0000000085b00000, 0x0000000085b00000, 0x0000000085c00000|  0%| F|  |TAMS 0x0000000085b00000, 0x0000000085b00000| Untracked 
|  36|0x0000000085c00000, 0x0000000085c00000, 0x0000000085d00000|  0%| F|  |TAMS 0x0000000085c00000, 0x0000000085c00000| Untracked 
|  37|0x0000000085d00000, 0x0000000085d00000, 0x0000000085e00000|  0%| F|  |TAMS 0x0000000085d00000, 0x0000000085d00000| Untracked 
|  38|0x0000000085e00000, 0x0000000085e00000, 0x0000000085f00000|  0%| F|  |TAMS 0x0000000085e00000, 0x0000000085e00000| Untracked 
|  39|0x0000000085f00000, 0x0000000085f00000, 0x0000000086000000|  0%| F|  |TAMS 0x0000000085f00000, 0x0000000085f00000| Untracked 
|  40|0x0000000086000000, 0x0000000086100000, 0x0000000086100000|100%|HS|  |TAMS 0x0000000086000000, 0x0000000086100000| Complete 
|  41|0x0000000086100000, 0x0000000086200000, 0x0000000086200000|100%|HC|  |TAMS 0x0000000086100000, 0x0000000086200000| Complete 
|  42|0x0000000086200000, 0x0000000086300000, 0x0000000086300000|100%|HC|  |TAMS 0x0000000086200000, 0x0000000086300000| Complete 
|  43|0x0000000086300000, 0x0000000086400000, 0x0000000086400000|100%|HC|  |TAMS 0x0000000086300000, 0x0000000086400000| Complete 
|  44|0x0000000086400000, 0x0000000086500000, 0x0000000086500000|100%|HC|  |TAMS 0x0000000086400000, 0x0000000086500000| Complete 
|  45|0x0000000086500000, 0x0000000086600000, 0x0000000086600000|100%|HC|  |TAMS 0x0000000086500000, 0x0000000086600000| Complete 
|  46|0x0000000086600000, 0x0000000086700000, 0x0000000086700000|100%|HC|  |TAMS 0x0000000086600000, 0x0000000086700000| Complete 
|  47|0x0000000086700000, 0x0000000086800000, 0x0000000086800000|100%|HC|  |TAMS 0x0000000086700000, 0x0000000086800000| Complete 
|  48|0x0000000086800000, 0x0000000086900000, 0x0000000086900000|100%|HC|  |TAMS 0x0000000086800000, 0x0000000086900000| Complete 
|  49|0x0000000086900000, 0x0000000086a00000, 0x0000000086a00000|100%|HC|  |TAMS 0x0000000086900000, 0x0000000086a00000| Complete 
|  50|0x0000000086a00000, 0x0000000086b00000, 0x0000000086b00000|100%|HC|  |TAMS 0x0000000086a00000, 0x0000000086b00000| Complete 
|  51|0x0000000086b00000, 0x0000000086c00000, 0x0000000086c00000|100%|HC|  |TAMS 0x0000000086b00000, 0x0000000086c00000| Complete 
|  52|0x0000000086c00000, 0x0000000086d00000, 0x0000000086d00000|100%|HC|  |TAMS 0x0000000086c00000, 0x0000000086d00000| Complete 
|  53|0x0000000086d00000, 0x0000000086e00000, 0x0000000086e00000|100%|HC|  |TAMS 0x0000000086d00000, 0x0000000086e00000| Complete 
|  54|0x0000000086e00000, 0x0000000086f00000, 0x0000000086f00000|100%|HC|  |TAMS 0x0000000086e00000, 0x0000000086f00000| Complete 
|  55|0x0000000086f00000, 0x0000000087000000, 0x0000000087000000|100%|HC|  |TAMS 0x0000000086f00000, 0x0000000087000000| Complete 
|  56|0x0000000087000000, 0x0000000087100000, 0x0000000087100000|100%|HC|  |TAMS 0x0000000087000000, 0x0000000087100000| Complete 
|  57|0x0000000087100000, 0x0000000087100000, 0x0000000087200000|  0%| F|  |TAMS 0x0000000087100000, 0x0000000087100000| Untracked 
|  58|0x0000000087200000, 0x0000000087200000, 0x0000000087300000|  0%| F|  |TAMS 0x0000000087200000, 0x0000000087200000| Untracked 
|  59|0x0000000087300000, 0x0000000087300000, 0x0000000087400000|  0%| F|  |TAMS 0x0000000087300000, 0x0000000087300000| Untracked 
|  60|0x0000000087400000, 0x0000000087400000, 0x0000000087500000|  0%| F|  |TAMS 0x0000000087400000, 0x0000000087400000| Untracked 
|  61|0x0000000087500000, 0x0000000087500000, 0x0000000087600000|  0%| F|  |TAMS 0x0000000087500000, 0x0000000087500000| Untracked 
|  62|0x0000000087600000, 0x0000000087600000, 0x0000000087700000|  0%| F|  |TAMS 0x0000000087600000, 0x0000000087600000| Untracked 
|  63|0x0000000087700000, 0x0000000087700000, 0x0000000087800000|  0%| F|  |TAMS 0x0000000087700000, 0x0000000087700000| Untracked 
|  64|0x0000000087800000, 0x0000000087800000, 0x0000000087900000|  0%| F|  |TAMS 0x0000000087800000, 0x0000000087800000| Untracked 
|  65|0x0000000087900000, 0x0000000087900000, 0x0000000087a00000|  0%| F|  |TAMS 0x0000000087900000, 0x0000000087900000| Untracked 
|  66|0x0000000087a00000, 0x0000000087a00000, 0x0000000087b00000|  0%| F|  |TAMS 0x0000000087a00000, 0x0000000087a00000| Untracked 
|  67|0x0000000087b00000, 0x0000000087b00000, 0x0000000087c00000|  0%| F|  |TAMS 0x0000000087b00000, 0x0000000087b00000| Untracked 
|  68|0x0000000087c00000, 0x0000000087c00000, 0x0000000087d00000|  0%| F|  |TAMS 0x0000000087c00000, 0x0000000087c00000| Untracked 
|  69|0x0000000087d00000, 0x0000000087d00000, 0x0000000087e00000|  0%| F|  |TAMS 0x0000000087d00000, 0x0000000087d00000| Untracked 
|  70|0x0000000087e00000, 0x0000000087e00000, 0x0000000087f00000|  0%| F|  |TAMS 0x0000000087e00000, 0x0000000087e00000| Untracked 
| 105|0x000000008a100000, 0x000000008a100000, 0x000000008a200000|  0%| F|  |TAMS 0x000000008a100000, 0x000000008a100000| Untracked 
| 106|0x000000008a200000, 0x000000008a243968, 0x000000008a300000| 26%| S|CS|TAMS 0x000000008a200000, 0x000000008a200000| Complete 
| 107|0x000000008a300000, 0x000000008a400000, 0x000000008a400000|100%| S|CS|TAMS 0x000000008a300000, 0x000000008a300000| Complete 
| 125|0x000000008b500000, 0x000000008b500000, 0x000000008b600000|  0%| F|  |TAMS 0x000000008b500000, 0x000000008b500000| Untracked 

Card table byte_map: [0x00000171b5550000,0x00000171b5940000] _byte_map_base: 0x00000171b5134000

Marking Bits (Prev, Next): (CMBitMap*) 0x00000171a27a4920, (CMBitMap*) 0x00000171a27a48e0
 Prev Bits: [0x00000171b7c50000, 0x00000171b9b70000)
 Next Bits: [0x00000171b5d30000, 0x00000171b7c50000)

Polling page: 0x00000171a08c0000

Metaspace:

Usage:
  Non-class:     21.39 MB capacity,    21.19 MB (>99%) used,   176.30 KB ( <1%) free+waste,    27.00 KB ( <1%) overhead. 
      Class:      2.72 MB capacity,     2.63 MB ( 97%) used,    81.21 KB (  3%) free+waste,     9.63 KB ( <1%) overhead. 
       Both:     24.11 MB capacity,    23.82 MB ( 99%) used,   257.51 KB (  1%) free+waste,    36.63 KB ( <1%) overhead. 

Virtual space:
  Non-class space:       22.00 MB reserved,      21.42 MB ( 97%) committed 
      Class space:        1.00 GB reserved,       2.75 MB ( <1%) committed 
             Both:        1.02 GB reserved,      24.17 MB (  2%) committed 

Chunk freelists:
   Non-Class:  33.00 KB
       Class:  3.00 KB
        Both:  36.00 KB

MaxMetaspaceSize: 17179869184.00 GB
CompressedClassSpaceSize: 1.00 GB

CodeHeap 'non-profiled nmethods': size=120000Kb used=665Kb max_used=665Kb free=119335Kb
 bounds [0x00000171adc30000, 0x00000171adea0000, 0x00000171b5160000]
CodeHeap 'profiled nmethods': size=120000Kb used=3056Kb max_used=3056Kb free=116943Kb
 bounds [0x00000171a6700000, 0x00000171a6a00000, 0x00000171adc30000]
CodeHeap 'non-nmethods': size=5760Kb used=1242Kb max_used=1283Kb free=4517Kb
 bounds [0x00000171a6160000, 0x00000171a63d0000, 0x00000171a6700000]
 total_blobs=2243 nmethods=1722 adapters=434
 compilation: enabled
              stopped_count=0, restarted_count=0
 full_count=0

Compilation events (20 events):
Event: 11.044 Thread 0x00000171bc900450 1712       3       java.util.Collections$UnmodifiableMap$UnmodifiableEntrySet$UnmodifiableEntrySetSpliterator::tryAdvance (19 bytes)
Event: 11.044 Thread 0x00000171bc900450 nmethod 1712 0x00000171a69f4e10 code [0x00000171a69f5040, 0x00000171a69f5908]
Event: 11.044 Thread 0x00000171bc900450 1713       3       java.util.Collections$UnmodifiableMap$UnmodifiableEntrySet::entryConsumer (7 bytes)
Event: 11.045 Thread 0x00000171bc900450 nmethod 1713 0x00000171a69f5c10 code [0x00000171a69f5e00, 0x00000171a69f63a8]
Event: 11.045 Thread 0x00000171bc900450 1714       3       java.util.Collections$UnmodifiableMap$UnmodifiableEntrySet$$Lambda$171/0x00000001001f53a0::<init> (10 bytes)
Event: 11.045 Thread 0x00000171bc900450 nmethod 1714 0x00000171a69f6590 code [0x00000171a69f6720, 0x00000171a69f68d8]
Event: 11.045 Thread 0x00000171bc900450 1715       3       io.netty.handler.codec.http.DefaultHttpHeaders$HeaderValueConverterAndValidator::validateValueChar (295 bytes)
Event: 11.048 Thread 0x00000171bc900450 nmethod 1715 0x00000171a69f6990 code [0x00000171a69f6f00, 0x00000171a69f95c8]
Event: 11.048 Thread 0x00000171bc900450 1716   !   3       java.security.AccessController::doPrivileged (22 bytes)
Event: 11.048 Thread 0x00000171bc900450 nmethod 1716 0x00000171a69fa190 code [0x00000171a69fa380, 0x00000171a69fa808]
Event: 11.048 Thread 0x00000171bc900450 1718       1       java.util.Collections$EmptyMap::get (2 bytes)
Event: 11.048 Thread 0x00000171bc900450 nmethod 1718 0x00000171adcd5b10 code [0x00000171adcd5ca0, 0x00000171adcd5d58]
Event: 11.048 Thread 0x00000171bc900450 1717       3       java.lang.Class::getInterfaces (49 bytes)
Event: 11.049 Thread 0x00000171bc900450 nmethod 1717 0x00000171a69faa90 code [0x00000171a69fac80, 0x00000171a69fb118]
Event: 11.056 Thread 0x00000171bc900450 1719       3       io.netty.buffer.PooledUnsafeDirectByteBuf::_setByte (11 bytes)
Event: 11.059 Thread 0x00000171bc900450 nmethod 1719 0x00000171a69fb290 code [0x00000171a69fb460, 0x00000171a69fb7b8]
Event: 11.059 Thread 0x00000171bc900450 1720       1       io.netty.buffer.PooledByteBuf::capacity (5 bytes)
Event: 11.059 Thread 0x00000171bc900450 nmethod 1720 0x00000171adcd5e10 code [0x00000171adcd5fa0, 0x00000171adcd6058]
Event: 11.059 Thread 0x00000171bc900450 1721       1       io.netty.util.concurrent.FastThreadLocalThread::threadLocalMap (5 bytes)
Event: 11.059 Thread 0x00000171bc900450 nmethod 1721 0x00000171adcd6110 code [0x00000171adcd62a0, 0x00000171adcd6358]

GC Heap History (12 events):
Event: 0.607 GC heap before
{Heap before GC invocations=0 (full 0):
 garbage-first heap   total 129024K, used 12288K [0x0000000083800000, 0x0000000100000000)
  region size 1024K, 13 young (13312K), 0 survivors (0K)
 Metaspace       used 11171K, capacity 11262K, committed 11392K, reserved 1058816K
  class space    used 1096K, capacity 1150K, committed 1152K, reserved 1048576K
}
Event: 0.613 GC heap after
{Heap after GC invocations=1 (full 0):
 garbage-first heap   total 129024K, used 4151K [0x0000000083800000, 0x0000000100000000)
  region size 1024K, 2 young (2048K), 2 survivors (2048K)
 Metaspace       used 11171K, capacity 11262K, committed 11392K, reserved 1058816K
  class space    used 1096K, capacity 1150K, committed 1152K, reserved 1048576K
}
Event: 0.998 GC heap before
{Heap before GC invocations=1 (full 0):
 garbage-first heap   total 129024K, used 16439K [0x0000000083800000, 0x0000000100000000)
  region size 1024K, 14 young (14336K), 2 survivors (2048K)
 Metaspace       used 15927K, capacity 16092K, committed 16256K, reserved 1064960K
  class space    used 1593K, capacity 1647K, committed 1664K, reserved 1048576K
}
Event: 1.001 GC heap after
{Heap after GC invocations=2 (full 0):
 garbage-first heap   total 129024K, used 5859K [0x0000000083800000, 0x0000000100000000)
  region size 1024K, 2 young (2048K), 2 survivors (2048K)
 Metaspace       used 15927K, capacity 16092K, committed 16256K, reserved 1064960K
  class space    used 1593K, capacity 1647K, committed 1664K, reserved 1048576K
}
Event: 1.874 GC heap before
{Heap before GC invocations=2 (full 0):
 garbage-first heap   total 129024K, used 21219K [0x0000000083800000, 0x0000000100000000)
  region size 1024K, 18 young (18432K), 2 survivors (2048K)
 Metaspace       used 20872K, capacity 21090K, committed 21296K, reserved 1069056K
  class space    used 2245K, capacity 2310K, committed 2432K, reserved 1048576K
}
Event: 1.877 GC heap after
{Heap after GC invocations=3 (full 0):
 garbage-first heap   total 129024K, used 7044K [0x0000000083800000, 0x0000000100000000)
  region size 1024K, 3 young (3072K), 3 survivors (3072K)
 Metaspace       used 20872K, capacity 21090K, committed 21296K, reserved 1069056K
  class space    used 2245K, capacity 2310K, committed 2432K, reserved 1048576K
}
Event: 2.149 GC heap before
{Heap before GC invocations=4 (full 0):
 garbage-first heap   total 27648K, used 15236K [0x0000000083800000, 0x0000000100000000)
  region size 1024K, 12 young (12288K), 3 survivors (3072K)
 Metaspace       used 23144K, capacity 23378K, committed 23600K, reserved 1071104K
  class space    used 2554K, capacity 2645K, committed 2688K, reserved 1048576K
}
Event: 2.152 GC heap after
{Heap after GC invocations=5 (full 0):
 garbage-first heap   total 27648K, used 7621K [0x0000000083800000, 0x0000000100000000)
  region size 1024K, 4 young (4096K), 4 survivors (4096K)
 Metaspace       used 23144K, capacity 23378K, committed 23600K, reserved 1071104K
  class space    used 2554K, capacity 2645K, committed 2688K, reserved 1048576K
}
Event: 6.952 GC heap before
{Heap before GC invocations=6 (full 0):
 garbage-first heap   total 45056K, used 28101K [0x0000000083800000, 0x0000000100000000)
  region size 1024K, 8 young (8192K), 4 survivors (4096K)
 Metaspace       used 24337K, capacity 24588K, committed 24752K, reserved 1071104K
  class space    used 2682K, capacity 2749K, committed 2816K, reserved 1048576K
}
Event: 6.956 GC heap after
{Heap after GC invocations=7 (full 0):
 garbage-first heap   total 45056K, used 25863K [0x0000000083800000, 0x0000000100000000)
  region size 1024K, 2 young (2048K), 2 survivors (2048K)
 Metaspace       used 24337K, capacity 24588K, committed 24752K, reserved 1071104K
  class space    used 2682K, capacity 2749K, committed 2816K, reserved 1048576K
}
Event: 11.057 GC heap before
{Heap before GC invocations=8 (full 0):
 garbage-first heap   total 75776K, used 43271K [0x0000000083800000, 0x0000000100000000)
  region size 1024K, 3 young (3072K), 2 survivors (2048K)
 Metaspace       used 24388K, capacity 24620K, committed 24752K, reserved 1071104K
  class space    used 2690K, capacity 2781K, committed 2816K, reserved 1048576K
}
Event: 11.059 GC heap after
{Heap after GC invocations=9 (full 0):
 garbage-first heap   total 75776K, used 43597K [0x0000000083800000, 0x0000000100000000)
  region size 1024K, 2 young (2048K), 2 survivors (2048K)
 Metaspace       used 24388K, capacity 24620K, committed 24752K, reserved 1071104K
  class space    used 2690K, capacity 2781K, committed 2816K, reserved 1048576K
}

Deoptimization events (20 events):
Event: 6.721 Thread 0x00000171a27614f0 Uncommon trap: trap_request=0xffffffde fr.pc=0x00000171adcb0ae4 relative=0x00000000000003a4
Event: 6.721 Thread 0x00000171a27614f0 Uncommon trap: reason=class_check action=maybe_recompile pc=0x00000171adcb0ae4 method=org.openqa.selenium.json.Input.init()V @ 18 c2
Event: 6.721 Thread 0x00000171a27614f0 DEOPT PACKING pc=0x00000171adcb0ae4 sp=0x0000005fcd4fdd90
Event: 6.721 Thread 0x00000171a27614f0 DEOPT UNPACKING pc=0x00000171a61ae42f sp=0x0000005fcd4fdd48 mode 2
Event: 6.721 Thread 0x00000171a27614f0 Uncommon trap: trap_request=0xffffffde fr.pc=0x00000171adcb0ae4 relative=0x00000000000003a4
Event: 6.721 Thread 0x00000171a27614f0 Uncommon trap: reason=class_check action=maybe_recompile pc=0x00000171adcb0ae4 method=org.openqa.selenium.json.Input.init()V @ 18 c2
Event: 6.721 Thread 0x00000171a27614f0 DEOPT PACKING pc=0x00000171adcb0ae4 sp=0x0000005fcd4fdd90
Event: 6.721 Thread 0x00000171a27614f0 DEOPT UNPACKING pc=0x00000171a61ae42f sp=0x0000005fcd4fdd48 mode 2
Event: 6.878 Thread 0x00000171a27614f0 Uncommon trap: trap_request=0xffffff45 fr.pc=0x00000171adc7c008 relative=0x0000000000001068
Event: 6.878 Thread 0x00000171a27614f0 Uncommon trap: reason=unstable_if action=reinterpret pc=0x00000171adc7c008 method=java.util.concurrent.ConcurrentHashMap.putVal(Ljava/lang/Object;Ljava/lang/Object;Z)Ljava/lang/Object; @ 256 c2
Event: 6.878 Thread 0x00000171a27614f0 DEOPT PACKING pc=0x00000171adc7c008 sp=0x0000005fcd4fe390
Event: 6.878 Thread 0x00000171a27614f0 DEOPT UNPACKING pc=0x00000171a61ae42f sp=0x0000005fcd4fe308 mode 2
Event: 6.913 Thread 0x00000171a27614f0 DEOPT PACKING pc=0x00000171a690ac02 sp=0x0000005fcd4fcbe0
Event: 6.913 Thread 0x00000171a27614f0 DEOPT UNPACKING pc=0x00000171a61ae23f sp=0x0000005fcd4fc0f0 mode 0
Event: 6.929 Thread 0x00000171a27614f0 DEOPT PACKING pc=0x00000171a690ac02 sp=0x0000005fcd4fd880
Event: 6.929 Thread 0x00000171a27614f0 DEOPT UNPACKING pc=0x00000171a61ae23f sp=0x0000005fcd4fcd90 mode 0
Event: 6.965 Thread 0x00000171bd501160 Uncommon trap: trap_request=0xffffff45 fr.pc=0x00000171adc86e54 relative=0x00000000000001b4
Event: 6.965 Thread 0x00000171bd501160 Uncommon trap: reason=unstable_if action=reinterpret pc=0x00000171adc86e54 method=java.io.ByteArrayInputStream.read()I @ 8 c2
Event: 6.965 Thread 0x00000171bd501160 DEOPT PACKING pc=0x00000171adc86e54 sp=0x0000005fceafddb0
Event: 6.965 Thread 0x00000171bd501160 DEOPT UNPACKING pc=0x00000171a61ae42f sp=0x0000005fceafdd68 mode 2

Classes unloaded (0 events):
No events

Classes redefined (0 events):
No events

Internal exceptions (20 events):
Event: 1.133 Thread 0x00000171bdc071d0 Exception <a 'java/lang/NoSuchMethodError'{0x000000008afa05a0}: 'java.lang.Object java.lang.invoke.DirectMethodHandle$Holder.newInvokeSpecial(java.lang.Object, java.lang.Object, long)'> (0x000000008afa05a0) 
thrown [./open/src/hotspot/share/interpreter/linkResolver.cpp, line 782]
Event: 1.134 Thread 0x00000171bdc071d0 Exception <a 'java/lang/NoSuchMethodError'{0x000000008afa4990}: 'java.lang.Object java.lang.invoke.Invokers$Holder.linkToTargetMethod(java.lang.Object, long, java.lang.Object)'> (0x000000008afa4990) 
thrown [./open/src/hotspot/share/interpreter/linkResolver.cpp, line 782]
Event: 1.650 Thread 0x00000171a27614f0 Exception <a 'java/lang/NoSuchMethodError'{0x000000008ae562f0}: 'java.lang.Object java.lang.invoke.DirectMethodHandle$Holder.invokeInterface(java.lang.Object, java.lang.Object, java.lang.Object)'> (0x000000008ae562f0) 
thrown [./open/src/hotspot/share/interpreter/linkResolver.cpp, line 782]
Event: 1.651 Thread 0x00000171a27614f0 Exception <a 'java/lang/IncompatibleClassChangeError'{0x000000008ae59910}: Found class java.lang.Object, but interface was expected> (0x000000008ae59910) 
thrown [./open/src/hotspot/share/interpreter/linkResolver.cpp, line 848]
Event: 1.652 Thread 0x00000171a27614f0 Exception <a 'java/lang/NoSuchMethodError'{0x000000008ae625e8}: 'int java.lang.invoke.DirectMethodHandle$Holder.invokeSpecialIFC(java.lang.Object, java.lang.Object, java.lang.Object, java.lang.Object)'> (0x000000008ae625e8) 
thrown [./open/src/hotspot/share/interpreter/linkResolver.cpp, line 782]
Event: 1.653 Thread 0x00000171a27614f0 Exception <a 'java/lang/NoSuchMethodError'{0x000000008ae6b1f8}: 'java.lang.Object java.lang.invoke.DirectMethodHandle$Holder.invokeInterface(java.lang.Object, java.lang.Object, java.lang.Object, java.lang.Object)'> (0x000000008ae6b1f8) 
thrown [./open/src/hotspot/share/interpreter/linkResolver.cpp, line 782]
Event: 1.657 Thread 0x00000171a27614f0 Exception <a 'java/lang/NoSuchMethodError'{0x000000008ae92c78}: 'java.lang.Object java.lang.invoke.DirectMethodHandle$Holder.invokeVirtual(java.lang.Object, java.lang.Object, java.lang.Object)'> (0x000000008ae92c78) 
thrown [./open/src/hotspot/share/interpreter/linkResolver.cpp, line 782]
Event: 1.668 Thread 0x00000171a27614f0 Exception <a 'java/lang/NoSuchMethodError'{0x000000008ad0ac08}: 'void java.lang.invoke.DirectMethodHandle$Holder.invokeInterface(java.lang.Object, java.lang.Object, java.lang.Object)'> (0x000000008ad0ac08) 
thrown [./open/src/hotspot/share/interpreter/linkResolver.cpp, line 782]
Event: 1.678 Thread 0x00000171a27614f0 Exception <a 'java/lang/NoSuchMethodError'{0x000000008ad42b00}: 'int java.lang.invoke.DirectMethodHandle$Holder.invokeVirtual(java.lang.Object, java.lang.Object)'> (0x000000008ad42b00) 
thrown [./open/src/hotspot/share/interpreter/linkResolver.cpp, line 782]
Event: 1.679 Thread 0x00000171a27614f0 Exception <a 'java/lang/NoSuchMethodError'{0x000000008ad49350}: 'double java.lang.invoke.DirectMethodHandle$Holder.invokeVirtual(java.lang.Object, java.lang.Object)'> (0x000000008ad49350) 
thrown [./open/src/hotspot/share/interpreter/linkResolver.cpp, line 782]
Event: 1.680 Thread 0x00000171a27614f0 Exception <a 'java/lang/NoSuchMethodError'{0x000000008ad4fe88}: 'float java.lang.invoke.DirectMethodHandle$Holder.invokeVirtual(java.lang.Object, java.lang.Object)'> (0x000000008ad4fe88) 
thrown [./open/src/hotspot/share/interpreter/linkResolver.cpp, line 782]
Event: 1.681 Thread 0x00000171a27614f0 Exception <a 'java/lang/NoSuchMethodError'{0x000000008ad595d8}: 'long java.lang.invoke.DirectMethodHandle$Holder.invokeVirtual(java.lang.Object, java.lang.Object)'> (0x000000008ad595d8) 
thrown [./open/src/hotspot/share/interpreter/linkResolver.cpp, line 782]
Event: 1.685 Thread 0x00000171a27614f0 Exception <a 'java/lang/NoSuchMethodError'{0x000000008ad85698}: 'void java.lang.invoke.DirectMethodHandle$Holder.invokeStatic(java.lang.Object, java.lang.Object, java.lang.Object)'> (0x000000008ad85698) 
thrown [./open/src/hotspot/share/interpreter/linkResolver.cpp, line 782]
Event: 1.716 Thread 0x00000171a27614f0 Exception <a 'java/lang/NoSuchMethodError'{0x000000008acba828}: 'void java.lang.invoke.DirectMethodHandle$Holder.invokeSpecial(java.lang.Object, java.lang.Object, java.lang.Object, java.lang.Object, java.lang.Object)'> (0x000000008acba828) 
thrown [./open/src/hotspot/share/interpreter/linkResolver.cpp, line 782]
Event: 1.740 Thread 0x00000171a27614f0 Exception <a 'java/lang/NoSuchMethodError'{0x000000008ab9bbb8}: 'java.lang.Object java.lang.invoke.DirectMethodHandle$Holder.newInvokeSpecial(java.lang.Object, java.lang.Object, java.lang.Object, java.lang.Object, java.lang.Object)'> (0x000000008ab9bbb8) 
thrown [./open/src/hotspot/share/interpreter/linkResolver.cpp, line 782]
Event: 1.764 Thread 0x00000171a27614f0 Exception <a 'java/lang/NoSuchMethodError'{0x000000008aac1598}: 'java.lang.Object java.lang.invoke.Invokers$Holder.invokeExact_MT(java.lang.Object, java.lang.Object, java.lang.Object, java.lang.Object, java.lang.Object, java.lang.Object)'> (0x000000008aac1598) 
thrown [./open/src/hotspot/share/interpreter/linkResolver.cpp, line 782]
Event: 1.870 Thread 0x00000171a27614f0 Exception <a 'java/lang/NoSuchMethodError'{0x000000008a5e7058}: 'void java.lang.invoke.DirectMethodHandle$Holder.invokeStatic(java.lang.Object, java.lang.Object, java.lang.Object, java.lang.Object)'> (0x000000008a5e7058) 
thrown [./open/src/hotspot/share/interpreter/linkResolver.cpp, line 782]
Event: 1.940 Thread 0x00000171a27614f0 Exception <a 'java/lang/NoSuchMethodError'{0x0000000084d3e988}: 'void java.lang.invoke.DirectMethodHandle$Holder.invokeSpecial(java.lang.Object, java.lang.Object, java.lang.Object, java.lang.Object, java.lang.Object, java.lang.Object)'> (0x0000000084d3e988) 
thrown [./open/src/hotspot/share/interpreter/linkResolver.cpp, line 782]
Event: 6.727 Thread 0x00000171a27614f0 Exception <a 'java/lang/NoSuchMethodError'{0x000000008a358b48}: 'java.lang.Object java.lang.invoke.DirectMethodHandle$Holder.invokeSpecialIFC(java.lang.Object, java.lang.Object, java.lang.Object)'> (0x000000008a358b48) 
thrown [./open/src/hotspot/share/interpreter/linkResolver.cpp, line 782]
Event: 6.920 Thread 0x00000171a27614f0 Exception <a 'java/lang/ClassNotFoundException'{0x000000008a232810}: sun/util/logging/resources/spi/loggingProvider> (0x000000008a232810) 
thrown [./open/src/hotspot/share/classfile/systemDictionary.cpp, line 295]

Events (20 events):
Event: 6.966 Executing VM operation: HandshakeAllThreads
Event: 6.966 Executing VM operation: HandshakeAllThreads done
Event: 6.972 Executing VM operation: G1Concurrent
Event: 6.972 Executing VM operation: G1Concurrent done
Event: 8.418 Loaded shared library C:\Users\Aman\.p2\pool\plugins\org.eclipse.justj.openjdk.hotspot.jre.full.win32.x86_64_15.0.1.v20201027-0507\jre\bin\java.dll
Event: 11.039 loading class sun/reflect/generics/scope/MethodScope
Event: 11.039 loading class sun/reflect/generics/scope/MethodScope done
Event: 11.039 loading class sun/reflect/generics/repository/MethodRepository
Event: 11.039 loading class sun/reflect/generics/repository/ConstructorRepository
Event: 11.039 loading class sun/reflect/generics/repository/ConstructorRepository done
Event: 11.039 loading class sun/reflect/generics/repository/MethodRepository done
Event: 11.039 loading class sun/reflect/generics/tree/MethodTypeSignature
Event: 11.039 loading class sun/reflect/generics/tree/MethodTypeSignature done
Event: 11.043 loading class java/net/URLEncoder
Event: 11.043 loading class java/net/URLEncoder done
Event: 11.043 loading class java/io/CharArrayWriter
Event: 11.043 loading class java/io/CharArrayWriter done
Event: 11.046 Thread 0x00000171bdda3db0 Thread added: 0x00000171bdda3db0
Event: 11.057 Executing VM operation: G1TryInitiateConcMark
Event: 11.059 Executing VM operation: G1TryInitiateConcMark done


Dynamic libraries:
0x00007ff7c2900000 - 0x00007ff7c290d000 	C:\Users\Aman\.p2\pool\plugins\org.eclipse.justj.openjdk.hotspot.jre.full.win32.x86_64_15.0.1.v20201027-0507\jre\bin\javaw.exe
0x00007ffbef2a0000 - 0x00007ffbef490000 	C:\Windows\SYSTEM32\ntdll.dll
0x00007ffbed3b0000 - 0x00007ffbed462000 	C:\Windows\System32\KERNEL32.DLL
0x00007ffbec340000 - 0x00007ffbec5e5000 	C:\Windows\System32\KERNELBASE.dll
0x00007ffbec690000 - 0x00007ffbec78a000 	C:\Windows\System32\ucrtbase.dll
0x00007ffbdb3e0000 - 0x00007ffbdb3f9000 	C:\Users\Aman\.p2\pool\plugins\org.eclipse.justj.openjdk.hotspot.jre.full.win32.x86_64_15.0.1.v20201027-0507\jre\bin\VCRUNTIME140.dll
0x00007ffbde8f0000 - 0x00007ffbde908000 	C:\Users\Aman\.p2\pool\plugins\org.eclipse.justj.openjdk.hotspot.jre.full.win32.x86_64_15.0.1.v20201027-0507\jre\bin\jli.dll
0x00007ffbed8f0000 - 0x00007ffbeda84000 	C:\Windows\System32\USER32.dll
0x00007ffbed120000 - 0x00007ffbed141000 	C:\Windows\System32\win32u.dll
0x00007ffbd95c0000 - 0x00007ffbd9844000 	C:\Windows\WinSxS\amd64_microsoft.windows.common-controls_6595b64144ccf1df_6.0.18362.1256_none_9e7e379be45e40e2\COMCTL32.dll
0x00007ffbed470000 - 0x00007ffbed496000 	C:\Windows\System32\GDI32.dll
0x00007ffbef1c0000 - 0x00007ffbef25e000 	C:\Windows\System32\msvcrt.dll
0x00007ffbed150000 - 0x00007ffbed2e6000 	C:\Windows\System32\gdi32full.dll
0x00007ffbeee00000 - 0x00007ffbef136000 	C:\Windows\System32\combase.dll
0x00007ffbec5f0000 - 0x00007ffbec68e000 	C:\Windows\System32\msvcp_win.dll
0x00007ffbedb20000 - 0x00007ffbedc40000 	C:\Windows\System32\RPCRT4.dll
0x00007ffbec290000 - 0x00007ffbec311000 	C:\Windows\System32\bcryptPrimitives.dll
0x00007ffbed640000 - 0x00007ffbed66e000 	C:\Windows\System32\IMM32.DLL
0x00007ffbe66f0000 - 0x00007ffbe66fc000 	C:\Users\Aman\.p2\pool\plugins\org.eclipse.justj.openjdk.hotspot.jre.full.win32.x86_64_15.0.1.v20201027-0507\jre\bin\vcruntime140_1.dll
0x00007ffbc0ed0000 - 0x00007ffbc0f61000 	C:\Users\Aman\.p2\pool\plugins\org.eclipse.justj.openjdk.hotspot.jre.full.win32.x86_64_15.0.1.v20201027-0507\jre\bin\msvcp140.dll
0x00007ffb9e470000 - 0x00007ffb9efce000 	C:\Users\Aman\.p2\pool\plugins\org.eclipse.justj.openjdk.hotspot.jre.full.win32.x86_64_15.0.1.v20201027-0507\jre\bin\server\jvm.dll
0x00007ffbed710000 - 0x00007ffbed7b3000 	C:\Windows\System32\ADVAPI32.dll
0x00007ffbed670000 - 0x00007ffbed707000 	C:\Windows\System32\sechost.dll
0x00007ffbef1b0000 - 0x00007ffbef1b8000 	C:\Windows\System32\PSAPI.DLL
0x00007ffbd5e60000 - 0x00007ffbd5e69000 	C:\Windows\SYSTEM32\WSOCK32.dll
0x00007ffbe8df0000 - 0x00007ffbe8e14000 	C:\Windows\SYSTEM32\WINMM.dll
0x00007ffbef140000 - 0x00007ffbef1af000 	C:\Windows\System32\WS2_32.dll
0x00007ffbe8dc0000 - 0x00007ffbe8ded000 	C:\Windows\SYSTEM32\WINMMBASE.dll
0x00007ffbec240000 - 0x00007ffbec28a000 	C:\Windows\System32\cfgmgr32.dll
0x00007ffbde300000 - 0x00007ffbde30a000 	C:\Windows\SYSTEM32\VERSION.dll
0x00007ffbec1a0000 - 0x00007ffbec1b1000 	C:\Windows\System32\kernel.appcore.dll
0x00007ffbdd9d0000 - 0x00007ffbdd9da000 	C:\Users\Aman\.p2\pool\plugins\org.eclipse.justj.openjdk.hotspot.jre.full.win32.x86_64_15.0.1.v20201027-0507\jre\bin\jimage.dll
0x00007ffbeaa20000 - 0x00007ffbeac14000 	C:\Windows\SYSTEM32\DBGHELP.DLL
0x00007ffbdce60000 - 0x00007ffbdce8a000 	C:\Windows\SYSTEM32\dbgcore.DLL
0x00007ffbdb280000 - 0x00007ffbdb2a5000 	C:\Users\Aman\.p2\pool\plugins\org.eclipse.justj.openjdk.hotspot.jre.full.win32.x86_64_15.0.1.v20201027-0507\jre\bin\java.dll
0x00007ffbdb480000 - 0x00007ffbdb498000 	C:\Users\Aman\.p2\pool\plugins\org.eclipse.justj.openjdk.hotspot.jre.full.win32.x86_64_15.0.1.v20201027-0507\jre\bin\zip.dll
0x00007ffbeddc0000 - 0x00007ffbee4a7000 	C:\Windows\System32\SHELL32.dll
0x00007ffbedc40000 - 0x00007ffbedce9000 	C:\Windows\System32\shcore.dll
0x00007ffbec790000 - 0x00007ffbecf11000 	C:\Windows\System32\windows.storage.dll
0x00007ffbec1e0000 - 0x00007ffbec203000 	C:\Windows\System32\profapi.dll
0x00007ffbec150000 - 0x00007ffbec19a000 	C:\Windows\System32\powrprof.dll
0x00007ffbec140000 - 0x00007ffbec150000 	C:\Windows\System32\UMPDC.dll
0x00007ffbeeda0000 - 0x00007ffbeedf2000 	C:\Windows\System32\shlwapi.dll
0x00007ffbec320000 - 0x00007ffbec337000 	C:\Windows\System32\cryptsp.dll
0x00007ffbdd9c0000 - 0x00007ffbdd9d0000 	C:\Users\Aman\.p2\pool\plugins\org.eclipse.justj.openjdk.hotspot.jre.full.win32.x86_64_15.0.1.v20201027-0507\jre\bin\verify.dll
0x00007ffbdb260000 - 0x00007ffbdb279000 	C:\Users\Aman\.p2\pool\plugins\org.eclipse.justj.openjdk.hotspot.jre.full.win32.x86_64_15.0.1.v20201027-0507\jre\bin\net.dll
0x00007ffbded90000 - 0x00007ffbdee80000 	C:\Windows\SYSTEM32\WINHTTP.dll
0x00007ffbeb990000 - 0x00007ffbeb9f7000 	C:\Windows\system32\mswsock.dll
0x00007ffbdb1c0000 - 0x00007ffbdb1d2000 	C:\Users\Aman\.p2\pool\plugins\org.eclipse.justj.openjdk.hotspot.jre.full.win32.x86_64_15.0.1.v20201027-0507\jre\bin\nio.dll
0x00007ffbeb730000 - 0x00007ffbeb7fb000 	C:\Windows\SYSTEM32\DNSAPI.dll
0x00007ffbee680000 - 0x00007ffbee688000 	C:\Windows\System32\NSI.dll
0x00007ffbeb6a0000 - 0x00007ffbeb6da000 	C:\Windows\SYSTEM32\IPHLPAPI.DLL
0x00007ffbd9190000 - 0x00007ffbd919a000 	C:\Windows\System32\rasadhlp.dll
0x00007ffbdf710000 - 0x00007ffbdf787000 	C:\Windows\System32\fwpuclnt.dll
0x00007ffbec210000 - 0x00007ffbec236000 	C:\Windows\System32\bcrypt.dll
0x00007ffbdfe20000 - 0x00007ffbdfe29000 	C:\Users\Aman\.p2\pool\plugins\org.eclipse.justj.openjdk.hotspot.jre.full.win32.x86_64_15.0.1.v20201027-0507\jre\bin\management.dll
0x00007ffbdb360000 - 0x00007ffbdb36b000 	C:\Users\Aman\.p2\pool\plugins\org.eclipse.justj.openjdk.hotspot.jre.full.win32.x86_64_15.0.1.v20201027-0507\jre\bin\management_ext.dll
0x00007ffbdfe30000 - 0x00007ffbdfe3d000 	C:\Users\Aman\.p2\pool\plugins\org.eclipse.justj.openjdk.hotspot.jre.full.win32.x86_64_15.0.1.v20201027-0507\jre\bin\sunmscapi.dll
0x00007ffbecf20000 - 0x00007ffbed069000 	C:\Windows\System32\CRYPT32.dll
0x00007ffbec1c0000 - 0x00007ffbec1d2000 	C:\Windows\System32\MSASN1.dll
0x00007ffbebc60000 - 0x00007ffbebc86000 	C:\Windows\SYSTEM32\ncrypt.dll
0x00007ffbebc20000 - 0x00007ffbebc5b000 	C:\Windows\SYSTEM32\NTASN1.dll
0x00007ffbeb500000 - 0x00007ffbeb533000 	C:\Windows\system32\rsaenh.dll
0x00007ffbec060000 - 0x00007ffbec085000 	C:\Windows\SYSTEM32\USERENV.dll
0x00007ffbebb60000 - 0x00007ffbebb6c000 	C:\Windows\SYSTEM32\CRYPTBASE.dll
0x00007ffbdf8f0000 - 0x00007ffbdf906000 	C:\Windows\SYSTEM32\dhcpcsvc6.DLL
0x00007ffbdfba0000 - 0x00007ffbdfbbc000 	C:\Windows\SYSTEM32\dhcpcsvc.DLL
0x00007ffbe6570000 - 0x00007ffbe6586000 	C:\Windows\system32\napinsp.dll
0x00007ffbe63b0000 - 0x00007ffbe63ca000 	C:\Windows\system32\pnrpnsp.dll
0x00007ffbe6aa0000 - 0x00007ffbe6aae000 	C:\Windows\System32\winrnr.dll
0x00007ffbdfd00000 - 0x00007ffbdfd1c000 	C:\Windows\system32\NLAapi.dll
0x00007ffbe6390000 - 0x00007ffbe63a5000 	C:\Windows\system32\wshbth.dll

dbghelp: loaded successfully - version: 4.0.5 - missing functions: none
symbol engine: initialized successfully - sym options: 0x614 - pdb path: .;C:\Users\Aman\.p2\pool\plugins\org.eclipse.justj.openjdk.hotspot.jre.full.win32.x86_64_15.0.1.v20201027-0507\jre\bin;C:\Windows\SYSTEM32;C:\Windows\WinSxS\amd64_microsoft.windows.common-controls_6595b64144ccf1df_6.0.18362.1256_none_9e7e379be45e40e2;C:\Users\Aman\.p2\pool\plugins\org.eclipse.justj.openjdk.hotspot.jre.full.win32.x86_64_15.0.1.v20201027-0507\jre\bin\server

VM Arguments:
jvm_args: -Dfile.encoding=Cp1252 -XX:+ShowCodeDetailsInExceptionMessages 
java_command: Practice.Radio
java_class_path (initial): C:\Users\Aman\eclipse-workspace\SeleniumSampleFramework\target\test-classes;C:\Users\Aman\eclipse-workspace\SeleniumSampleFramework\target\classes;C:\Users\Aman\.m2\repository\org\seleniumhq\selenium\selenium-java\4.0.0-alpha-5\selenium-java-4.0.0-alpha-5.jar;C:\Users\Aman\.m2\repository\org\seleniumhq\selenium\selenium-api\4.0.0-alpha-5\selenium-api-4.0.0-alpha-5.jar;C:\Users\Aman\.m2\repository\org\seleniumhq\selenium\selenium-chrome-driver\4.0.0-alpha-5\selenium-chrome-driver-4.0.0-alpha-5.jar;C:\Users\Aman\.m2\repository\com\google\auto\service\auto-service-annotations\1.0-rc6\auto-service-annotations-1.0-rc6.jar;C:\Users\Aman\.m2\repository\com\google\auto\service\auto-service\1.0-rc6\auto-service-1.0-rc6.jar;C:\Users\Aman\.m2\repository\com\google\auto\auto-common\0.10\auto-common-0.10.jar;C:\Users\Aman\.m2\repository\com\google\guava\guava\28.2-jre\guava-28.2-jre.jar;C:\Users\Aman\.m2\repository\com\google\guava\failureaccess\1.0.1\failureaccess-1.0.1.jar;C:\Users\Aman\.m2\repository\com\google\guava\listenablefuture\9999.0-empty-to-avoid-conflict-with-guava\listenablefuture-9999.0-empty-to-avoid-conflict-with-guava.jar;C:\Users\Aman\.m2\repository\com\google\code\findbugs\jsr305\3.0.2\jsr305-3.0.2.jar;C:\Users\Aman\.m2\repository\org\checkerframework\checker-qual\2.10.0\checker-qual-2.10.0.jar;C:\Users\Aman\.m2\repository\com\google\errorprone\error_prone_annotations\2.3.4\error_prone_annotations-2.3.4.jar;C:\Users\Aman\.m2\repository\com\google\j2objc\j2objc-annotations\1.3\j2objc-annotations-1.3.jar;C:\Users\Aman\.m2\repository\org\seleniumhq\selenium\selenium-chromium-driver\4.0.0-alpha-5\selenium-chromium-driver-4.0.0-alpha-5.jar;C:\Users\Aman\.m2\repository\org\seleniumhq\selenium\selenium-devtools\4.0.0-alpha-5\selenium-devtools-4.0.0-alpha-5.jar;C:\Users\Aman\.m2\repository\org\seleniumhq\selenium\selenium-http\4.0.0-alpha-5\selenium-http-4.0.0-alpha-5.jar;C:\Users\Aman\.m2\repository\org\seleniumhq\selenium\selenium-json\
Launcher Type: SUN_STANDARD

[Global flags]
     intx CICompilerCount                          = 3                                         {product} {ergonomic}
     uint ConcGCThreads                            = 1                                         {product} {ergonomic}
     uint G1ConcRefinementThreads                  = 4                                         {product} {ergonomic}
   size_t G1HeapRegionSize                         = 1048576                                   {product} {ergonomic}
    uintx GCDrainStackTargetSize                   = 64                                        {product} {ergonomic}
   size_t InitialHeapSize                          = 132120576                                 {product} {ergonomic}
   size_t MarkStackSize                            = 4194304                                   {product} {ergonomic}
   size_t MaxHeapSize                              = 2088763392                                {product} {ergonomic}
   size_t MaxNewSize                               = 1253048320                                {product} {ergonomic}
   size_t MinHeapDeltaBytes                        = 1048576                                   {product} {ergonomic}
   size_t MinHeapSize                              = 8388608                                   {product} {ergonomic}
    uintx NonNMethodCodeHeapSize                   = 5832780                                {pd product} {ergonomic}
    uintx NonProfiledCodeHeapSize                  = 122912730                              {pd product} {ergonomic}
    uintx ProfiledCodeHeapSize                     = 122912730                              {pd product} {ergonomic}
    uintx ReservedCodeCacheSize                    = 251658240                              {pd product} {ergonomic}
     bool SegmentedCodeCache                       = true                                      {product} {ergonomic}
     bool ShowCodeDetailsInExceptionMessages       = true                                   {manageable} {command line}
   size_t SoftMaxHeapSize                          = 2088763392                             {manageable} {ergonomic}
     bool UseCompressedClassPointers               = true                                 {lp64_product} {ergonomic}
     bool UseCompressedOops                        = true                                 {lp64_product} {ergonomic}
     bool UseG1GC                                  = true                                      {product} {ergonomic}
     bool UseLargePagesIndividualAllocation        = false                                  {pd product} {ergonomic}

Logging:
Log output configuration:
 #0: stdout all=warning uptime,level,tags
 #1: stderr all=off uptime,level,tags

Environment Variables:
JAVA_HOME=C:\Program Files\Java\jdk1.8.0_241
PATH=C:/Users/Aman/.p2/pool/plugins/org.eclipse.justj.openjdk.hotspot.jre.full.win32.x86_64_15.0.1.v20201027-0507/jre/bin/server;C:/Users/Aman/.p2/pool/plugins/org.eclipse.justj.openjdk.hotspot.jre.full.win32.x86_64_15.0.1.v20201027-0507/jre/bin;C:\Program Files\AdoptOpenJDK\jdk-11.0.9.101-hotspot\bin;C:\Python38\Scripts\;C:\Python38\;C:\Windows\System32;C:\Program Files (x86)\Common Files\Oracle\Java\javapath;C:\Users\Aman\apache-ant-1.9.14\bin;C:\Program Files\Git\cmd;C:\Program Files\Java\jdk1.8.0_241\bin;C:\Program Files\nodejs\;C:\ProgramData\chocolatey\bin;C:\Windows\System32\wbem;C:\Program Files\Microsoft SQL Server\Client SDK\ODBC\170\Tools\Binn\;C:\Program Files (x86)\Microsoft SQL Server\150\Tools\Binn\;C:\Program Files\Microsoft SQL Server\150\Tools\Binn\;C:\Program Files\Microsoft SQL Server\150\DTS\Binn\;C:\Maven\bin;C:\Users\Aman\eclipse-workspace\SeleniumSampleFramework\drivers\chromedriver1;C:\Users\Aman\AppData\Local\Programs\Python\Python39\Scripts\;C:\Users\Aman\AppData\Local\Programs\Python\Python39\;C:\Program Files\MySQL\MySQL Shell 8.0\bin\;C:\Windows\System32;C:\Users\Aman\AppData\Local\Programs\Python\Python37\Scripts\;C:\Users\Aman\AppData\Local\Programs\Python\Python37\;C:\Users\Aman\AppData\Local\Microsoft\WindowsApps;C:\Program Files\JetBrains\PyCharm Community Edition 2019.3.3\bin;;C:\Program Files\Java\jre1.8.0_241\bin;C:\Program Files\Java\jre1.8.0_241\bin;C:\Users\Aman\apache-ant-1.9.14\bin;C:\Users\Aman\AppData\Roaming\npm;C:\Users\Aman\AppData\Local\Programs\Microsoft VS Code\bin;C:\Program Files\JetBrains\IntelliJ IDEA 2020.3.2\bin;;C:\Windows\system32;
USERNAME=Aman
OS=Windows_NT
PROCESSOR_IDENTIFIER=Intel64 Family 6 Model 142 Stepping 9, GenuineIntel



---------------  S Y S T E M  ---------------

OS:
 Windows 10 , 64 bit Build 18362 (10.0.18362.1110)
OS uptime: 11 days 10:25 hours

CPU: total 4 (initial active 4) (2 cores per cpu, 2 threads per core) family 6 model 142 stepping 9 microcode 0x8e, cmov, cx8, fxsr, mmx, sse, sse2, sse3, ssse3, sse4.1, sse4.2, popcnt, vzeroupper, avx, avx2, aes, clmul, erms, 3dnowpref, lzcnt, ht, tsc, tscinvbit, bmi1, bmi2, adx, fma, clflush, clflushopt

Memory: 4k page, system-wide physical 7966M (587M free)
TotalPageFile size 32542M (AvailPageFile size 115M)
current process WorkingSet (physical memory assigned to process): 168M, peak: 168M
current process commit charge ("private bytes"): 222M, peak: 226M

vm_info: OpenJDK 64-Bit Server VM (15.0.1+9-18) for windows-amd64 JRE (15.0.1+9-18), built on Sep 15 2020 14:39:31 by "mach5one" with unknown MS VC++:1925

END.
