#
# There is insufficient memory for the Java Runtime Environment to continue.
# Native memory allocation (mmap) failed to map 13631488 bytes for G1 virtual space
# Possible reasons:
#   The system is out of physical RAM or swap space
#   The process is running with CompressedOops enabled, and the Java Heap may be blocking the growth of the native heap
# Possible solutions:
#   Reduce memory load on the system
#   Increase physical memory or swap space
#   Check if swap backing store is full
#   Decrease Java heap size (-Xmx/-Xms)
#   Decrease number of Java threads
#   Decrease Java thread stack sizes (-Xss)
#   Set larger code cache with -XX:ReservedCodeCacheSize=
#   JVM is running with Unscaled Compressed Oops mode in which the Java heap is
#     placed in the first 4GB address space. The Java Heap base address is the
#     maximum limit for the native heap growth. Please use -XX:HeapBaseMinAddress
#     to set the Java Heap base and to place the Java Heap above 4GB virtual address.
# This output file may be truncated or incomplete.
#
#  Out of Memory Error (./open/src/hotspot/os/windows/os_windows.cpp:3472), pid=12236, tid=22348
#
# JRE version: OpenJDK Runtime Environment (15.0.1+9) (build 15.0.1+9-18)
# Java VM: OpenJDK 64-Bit Server VM (15.0.1+9-18, mixed mode, tiered, compressed oops, g1 gc, windows-amd64)
# No core dump will be written. Minidumps are not enabled by default on client versions of Windows
#

---------------  S U M M A R Y ------------

Command Line: -Dfile.encoding=Cp1252 -XX:+ShowCodeDetailsInExceptionMessages Practice.Radio

Host: Intel(R) Core(TM) i7-7500U CPU @ 2.70GHz, 4 cores, 7G,  Windows 10 , 64 bit Build 18362 (10.0.18362.1110)
Time: Tue Feb 16 21:16:27 2021 India Standard Time elapsed time: 12.169661 seconds (0d 0h 0m 12s)

---------------  T H R E A D  ---------------

Current thread (0x000001fca2a9c9c0):  VMThread "VM Thread" [stack: 0x0000000f16600000,0x0000000f16700000] [id=22348]

Stack: [0x0000000f16600000,0x0000000f16700000]
[error occurred during error reporting (printing stack bounds), id 0xc0000005, EXCEPTION_ACCESS_VIOLATION (0xc0000005) at pc=0x000001fc8c3510ad]

Native frames: (J=compiled Java code, j=interpreted, Vv=VM code, C=native code)
V  [jvm.dll+0x62ae9a]
V  [jvm.dll+0x781389]
V  [jvm.dll+0x782ae3]
V  [jvm.dll+0x7830a5]
V  [jvm.dll+0x78305b]
V  [jvm.dll+0x62a2b9]
V  [jvm.dll+0x62aa88]
C  [ntdll.dll+0xa184f]
C  [ntdll.dll+0x6a889]
C  [ntdll.dll+0xa04be]
C  0x000001fc8c3510ad

VM_Operation (0x0000000f162ff8d0): G1Concurrent, mode: safepoint, requested by thread 0x000001fc889a2280


---------------  P R O C E S S  ---------------

Threads class SMR info:
_java_thread_list=0x000001fca46a63d0, length=18, elements={
0x000001fc889521b0, 0x000001fca2284020, 0x000001fca228e650, 0x000001fca2aae050,
0x000001fca2add010, 0x000001fca2add4e0, 0x000001fca2ae1cf0, 0x000001fca2b38280,
0x000001fca2b5e780, 0x000001fca2c57150, 0x000001fca2c78b50, 0x000001fca3767c30,
0x000001fca4078280, 0x000001fca4077580, 0x000001fca3ff61d0, 0x000001fca3ff66a0,
0x000001fca3e33880, 0x000001fca4658d50
}

Java Threads: ( => current thread )
  0x000001fc889521b0 JavaThread "Forwarding get on session d85ba1d81e0be88862218128f7b7a7a4 to remote" [_thread_blocked, id=10948, stack(0x0000000f16000000,0x0000000f16100000)]
  0x000001fca2284020 JavaThread "Reference Handler" daemon [_thread_blocked, id=9488, stack(0x0000000f16700000,0x0000000f16800000)]
  0x000001fca228e650 JavaThread "Finalizer" daemon [_thread_blocked, id=28220, stack(0x0000000f16800000,0x0000000f16900000)]
  0x000001fca2aae050 JavaThread "Signal Dispatcher" daemon [_thread_blocked, id=9228, stack(0x0000000f16900000,0x0000000f16a00000)]
  0x000001fca2add010 JavaThread "Attach Listener" daemon [_thread_blocked, id=2228, stack(0x0000000f16a00000,0x0000000f16b00000)]
  0x000001fca2add4e0 JavaThread "Service Thread" daemon [_thread_blocked, id=8104, stack(0x0000000f16b00000,0x0000000f16c00000)]
  0x000001fca2ae1cf0 JavaThread "C2 CompilerThread0" daemon [_thread_blocked, id=28688, stack(0x0000000f16c00000,0x0000000f16d00000)]
  0x000001fca2b38280 JavaThread "C1 CompilerThread0" daemon [_thread_blocked, id=28080, stack(0x0000000f16d00000,0x0000000f16e00000)]
  0x000001fca2b5e780 JavaThread "Sweeper thread" daemon [_thread_blocked, id=21156, stack(0x0000000f16e00000,0x0000000f16f00000)]
  0x000001fca2c57150 JavaThread "Notification Thread" daemon [_thread_blocked, id=29672, stack(0x0000000f16f00000,0x0000000f17000000)]
  0x000001fca2c78b50 JavaThread "Common-Cleaner" daemon [_thread_blocked, id=25484, stack(0x0000000f17100000,0x0000000f17200000)]
  0x000001fca3767c30 JavaThread "AsyncHttpClient-timer-1-1" [_thread_blocked, id=23564, stack(0x0000000f17600000,0x0000000f17700000)]
  0x000001fca4078280 JavaThread "Exec Default Executor" daemon [_thread_in_native, id=7452, stack(0x0000000f17700000,0x0000000f17800000)]
  0x000001fca4077580 JavaThread "UrlChecker-2" daemon [_thread_blocked, id=27168, stack(0x0000000f17800000,0x0000000f17900000)]
  0x000001fca3ff61d0 JavaThread "Exec Stream Pumper" daemon [_thread_in_native, id=12264, stack(0x0000000f17a00000,0x0000000f17b00000)]
  0x000001fca3ff66a0 JavaThread "Exec Stream Pumper" daemon [_thread_in_native, id=21132, stack(0x0000000f17b00000,0x0000000f17c00000)]
  0x000001fca3e33880 JavaThread "AsyncHttpClient-3-1" [_thread_in_native, id=26148, stack(0x0000000f17d00000,0x0000000f17e00000)]
  0x000001fca4658d50 JavaThread "AsyncHttpClient-3-2" [_thread_in_native, id=21040, stack(0x0000000f17c00000,0x0000000f17d00000)]

Other Threads:
=>0x000001fca2a9c9c0 VMThread "VM Thread" [stack: 0x0000000f16600000,0x0000000f16700000] [id=22348]
  0x000001fca2c57a30 WatcherThread [stack: 0x0000000f17000000,0x0000000f17100000] [id=24348]
  0x000001fc8898fff0 GCTaskThread "GC Thread#0" [stack: 0x0000000f16100000,0x0000000f16200000] [id=15720]
  0x000001fca2f92a40 GCTaskThread "GC Thread#1" [stack: 0x0000000f17300000,0x0000000f17400000] [id=17856]
  0x000001fca2f933d0 GCTaskThread "GC Thread#2" [stack: 0x0000000f17400000,0x0000000f17500000] [id=9292]
  0x000001fca2f913f0 GCTaskThread "GC Thread#3" [stack: 0x0000000f17200000,0x0000000f17300000] [id=24104]
  0x000001fc889a2280 ConcurrentGCThread "G1 Main Marker" [stack: 0x0000000f16200000,0x0000000f16300000] [id=13592]
  0x000001fc889a2e00 ConcurrentGCThread "G1 Conc#0" [stack: 0x0000000f16300000,0x0000000f16400000] [id=9004]
  0x000001fca20a0090 ConcurrentGCThread "G1 Refine#0" [stack: 0x0000000f16400000,0x0000000f16500000] [id=16796]
  0x000001fca3fbec50 ConcurrentGCThread "G1 Refine#1" [stack: 0x0000000f17500000,0x0000000f17600000] [id=15088]
  0x000001fca20a17c0 ConcurrentGCThread "G1 Young RemSet Sampling" [stack: 0x0000000f16500000,0x0000000f16600000] [id=13636]

Threads with active compile tasks:
C2 CompilerThread0    13435 1652   !   4       java.util.concurrent.ConcurrentHashMap::transfer (849 bytes)

VM state: at safepoint (normal execution)

VM Mutex/Monitor currently owned by a thread:  ([mutex/lock_event])
[0x000001fc8894e190] Threads_lock - owner thread: 0x000001fca2a9c9c0
[0x000001fc8894dd10] Heap_lock - owner thread: 0x000001fc889a2280

Heap address: 0x0000000083800000, size: 1992 MB, Compressed Oops mode: 32-bit
CDS disabled.
Compressed class space mapped at: 0x0000000100000000-0x0000000140000000, size: 1073741824
Narrow klass base: 0x0000000000000000, Narrow klass shift: 3, Narrow klass range: 0x140000000

GC Precious Log:
 CPUs: 4 total, 4 available
 Memory: 7966M
 Large Page Support: Disabled
 NUMA Support: Disabled
 Compressed Oops: Enabled (32-bit)
 Heap Region Size: 1M
 Heap Min Capacity: 8M
 Heap Initial Capacity: 126M
 Heap Max Capacity: 1992M
 Pre-touch: Disabled
 Parallel Workers: 4
 Concurrent Workers: 1
 Concurrent Refinement Workers: 4
 Periodic GC: Disabled

Heap:
 garbage-first heap   total 75776K, used 43149K [0x0000000083800000, 0x0000000100000000)
  region size 1024K, 3 young (3072K), 2 survivors (2048K)
 Metaspace       used 24350K, capacity 24620K, committed 24832K, reserved 1071104K
  class space    used 2683K, capacity 2781K, committed 2816K, reserved 1048576K

Heap Regions: E=young(eden), S=young(survivor), O=old, HS=humongous(starts), HC=humongous(continues), CS=collection set, F=free, OA=open archive, CA=closed archive, TAMS=top-at-mark-start (previous, next)
|   0|0x0000000083800000, 0x0000000083900000, 0x0000000083900000|100%| O|  |TAMS 0x0000000083900000, 0x0000000083800000| Updating 
|   1|0x0000000083900000, 0x0000000083a00000, 0x0000000083a00000|100%| O|  |TAMS 0x0000000083a00000, 0x0000000083900000| Updating 
|   2|0x0000000083a00000, 0x0000000083b00000, 0x0000000083b00000|100%| O|  |TAMS 0x0000000083b00000, 0x0000000083a00000| Updating 
|   3|0x0000000083b00000, 0x0000000083bf5c00, 0x0000000083c00000| 95%| O|  |TAMS 0x0000000083bf5c00, 0x0000000083b00000| Updating 
|   4|0x0000000083c00000, 0x0000000083d00000, 0x0000000083d00000|100%| O|  |TAMS 0x0000000083d00000, 0x0000000083c00000| Updating 
|   5|0x0000000083d00000, 0x0000000083e00000, 0x0000000083e00000|100%| O|  |TAMS 0x0000000083e00000, 0x0000000083d00000| Updating 
|   6|0x0000000083e00000, 0x0000000083eb9600, 0x0000000083f00000| 72%| O|  |TAMS 0x0000000083eb9600, 0x0000000083e00000| Updating 
|   7|0x0000000083f00000, 0x0000000083f00000, 0x0000000084000000|  0%| F|  |TAMS 0x0000000083f00000, 0x0000000083f00000| Untracked 
|   8|0x0000000084000000, 0x0000000084000000, 0x0000000084100000|  0%| F|  |TAMS 0x0000000084000000, 0x0000000084000000| Untracked 
|   9|0x0000000084100000, 0x0000000084100000, 0x0000000084200000|  0%| F|  |TAMS 0x0000000084100000, 0x0000000084100000| Untracked 
|  10|0x0000000084200000, 0x0000000084200000, 0x0000000084300000|  0%| F|  |TAMS 0x0000000084200000, 0x0000000084200000| Untracked 
|  11|0x0000000084300000, 0x0000000084300000, 0x0000000084400000|  0%| F|  |TAMS 0x0000000084300000, 0x0000000084300000| Untracked 
|  12|0x0000000084400000, 0x0000000084400000, 0x0000000084500000|  0%| F|  |TAMS 0x0000000084400000, 0x0000000084400000| Untracked 
|  13|0x0000000084500000, 0x0000000084500000, 0x0000000084600000|  0%| F|  |TAMS 0x0000000084500000, 0x0000000084500000| Untracked 
|  14|0x0000000084600000, 0x0000000084600000, 0x0000000084700000|  0%| F|  |TAMS 0x0000000084600000, 0x0000000084600000| Untracked 
|  15|0x0000000084700000, 0x0000000084800000, 0x0000000084800000|100%|HS|  |TAMS 0x0000000084800000, 0x0000000084700000| Complete 
|  16|0x0000000084800000, 0x0000000084900000, 0x0000000084900000|100%|HC|  |TAMS 0x0000000084900000, 0x0000000084800000| Complete 
|  17|0x0000000084900000, 0x0000000084a00000, 0x0000000084a00000|100%|HC|  |TAMS 0x0000000084a00000, 0x0000000084900000| Complete 
|  18|0x0000000084a00000, 0x0000000084b00000, 0x0000000084b00000|100%|HC|  |TAMS 0x0000000084b00000, 0x0000000084a00000| Complete 
|  19|0x0000000084b00000, 0x0000000084c00000, 0x0000000084c00000|100%|HC|  |TAMS 0x0000000084c00000, 0x0000000084b00000| Complete 
|  20|0x0000000084c00000, 0x0000000084d00000, 0x0000000084d00000|100%|HC|  |TAMS 0x0000000084d00000, 0x0000000084c00000| Complete 
|  21|0x0000000084d00000, 0x0000000084e00000, 0x0000000084e00000|100%|HC|  |TAMS 0x0000000084e00000, 0x0000000084d00000| Complete 
|  22|0x0000000084e00000, 0x0000000084f00000, 0x0000000084f00000|100%|HC|  |TAMS 0x0000000084f00000, 0x0000000084e00000| Complete 
|  23|0x0000000084f00000, 0x0000000085000000, 0x0000000085000000|100%|HC|  |TAMS 0x0000000085000000, 0x0000000084f00000| Complete 
|  24|0x0000000085000000, 0x0000000085100000, 0x0000000085100000|100%|HC|  |TAMS 0x0000000085100000, 0x0000000085000000| Complete 
|  25|0x0000000085100000, 0x0000000085200000, 0x0000000085200000|100%|HC|  |TAMS 0x0000000085200000, 0x0000000085100000| Complete 
|  26|0x0000000085200000, 0x0000000085300000, 0x0000000085300000|100%|HC|  |TAMS 0x0000000085300000, 0x0000000085200000| Complete 
|  27|0x0000000085300000, 0x0000000085400000, 0x0000000085400000|100%|HC|  |TAMS 0x0000000085400000, 0x0000000085300000| Complete 
|  28|0x0000000085400000, 0x0000000085500000, 0x0000000085500000|100%|HC|  |TAMS 0x0000000085500000, 0x0000000085400000| Complete 
|  29|0x0000000085500000, 0x0000000085600000, 0x0000000085600000|100%|HC|  |TAMS 0x0000000085600000, 0x0000000085500000| Complete 
|  30|0x0000000085600000, 0x0000000085700000, 0x0000000085700000|100%|HC|  |TAMS 0x0000000085700000, 0x0000000085600000| Complete 
|  31|0x0000000085700000, 0x0000000085800000, 0x0000000085800000|100%|HC|  |TAMS 0x0000000085800000, 0x0000000085700000| Complete 
|  32|0x0000000085800000, 0x0000000085800000, 0x0000000085900000|  0%| F|  |TAMS 0x0000000085800000, 0x0000000085800000| Untracked 
|  33|0x0000000085900000, 0x0000000085900000, 0x0000000085a00000|  0%| F|  |TAMS 0x0000000085900000, 0x0000000085900000| Untracked 
|  34|0x0000000085a00000, 0x0000000085a00000, 0x0000000085b00000|  0%| F|  |TAMS 0x0000000085a00000, 0x0000000085a00000| Untracked 
|  35|0x0000000085b00000, 0x0000000085b00000, 0x0000000085c00000|  0%| F|  |TAMS 0x0000000085b00000, 0x0000000085b00000| Untracked 
|  36|0x0000000085c00000, 0x0000000085c00000, 0x0000000085d00000|  0%| F|  |TAMS 0x0000000085c00000, 0x0000000085c00000| Untracked 
|  37|0x0000000085d00000, 0x0000000085d00000, 0x0000000085e00000|  0%| F|  |TAMS 0x0000000085d00000, 0x0000000085d00000| Untracked 
|  38|0x0000000085e00000, 0x0000000085e745e0, 0x0000000085f00000| 45%| S|CS|TAMS 0x0000000085e00000, 0x0000000085e00000| Complete 
|  39|0x0000000085f00000, 0x0000000086000000, 0x0000000086000000|100%| S|CS|TAMS 0x0000000085f00000, 0x0000000085f00000| Complete 
|  40|0x0000000086000000, 0x0000000086100000, 0x0000000086100000|100%|HS|  |TAMS 0x0000000086000000, 0x0000000086000000| Complete 
|  41|0x0000000086100000, 0x0000000086200000, 0x0000000086200000|100%|HC|  |TAMS 0x0000000086100000, 0x0000000086100000| Complete 
|  42|0x0000000086200000, 0x0000000086300000, 0x0000000086300000|100%|HC|  |TAMS 0x0000000086200000, 0x0000000086200000| Complete 
|  43|0x0000000086300000, 0x0000000086400000, 0x0000000086400000|100%|HC|  |TAMS 0x0000000086300000, 0x0000000086300000| Complete 
|  44|0x0000000086400000, 0x0000000086500000, 0x0000000086500000|100%|HC|  |TAMS 0x0000000086400000, 0x0000000086400000| Complete 
|  45|0x0000000086500000, 0x0000000086600000, 0x0000000086600000|100%|HC|  |TAMS 0x0000000086500000, 0x0000000086500000| Complete 
|  46|0x0000000086600000, 0x0000000086700000, 0x0000000086700000|100%|HC|  |TAMS 0x0000000086600000, 0x0000000086600000| Complete 
|  47|0x0000000086700000, 0x0000000086800000, 0x0000000086800000|100%|HC|  |TAMS 0x0000000086700000, 0x0000000086700000| Complete 
|  48|0x0000000086800000, 0x0000000086900000, 0x0000000086900000|100%|HC|  |TAMS 0x0000000086800000, 0x0000000086800000| Complete 
|  49|0x0000000086900000, 0x0000000086a00000, 0x0000000086a00000|100%|HC|  |TAMS 0x0000000086900000, 0x0000000086900000| Complete 
|  50|0x0000000086a00000, 0x0000000086b00000, 0x0000000086b00000|100%|HC|  |TAMS 0x0000000086a00000, 0x0000000086a00000| Complete 
|  51|0x0000000086b00000, 0x0000000086c00000, 0x0000000086c00000|100%|HC|  |TAMS 0x0000000086b00000, 0x0000000086b00000| Complete 
|  52|0x0000000086c00000, 0x0000000086d00000, 0x0000000086d00000|100%|HC|  |TAMS 0x0000000086c00000, 0x0000000086c00000| Complete 
|  53|0x0000000086d00000, 0x0000000086e00000, 0x0000000086e00000|100%|HC|  |TAMS 0x0000000086d00000, 0x0000000086d00000| Complete 
|  54|0x0000000086e00000, 0x0000000086f00000, 0x0000000086f00000|100%|HC|  |TAMS 0x0000000086e00000, 0x0000000086e00000| Complete 
|  55|0x0000000086f00000, 0x0000000087000000, 0x0000000087000000|100%|HC|  |TAMS 0x0000000086f00000, 0x0000000086f00000| Complete 
|  56|0x0000000087000000, 0x0000000087100000, 0x0000000087100000|100%|HC|  |TAMS 0x0000000087000000, 0x0000000087000000| Complete 
| 106|0x000000008a200000, 0x000000008a200000, 0x000000008a300000|  0%| F|  |TAMS 0x000000008a200000, 0x000000008a200000| Untracked 
| 107|0x000000008a300000, 0x000000008a300000, 0x000000008a400000|  0%| F|  |TAMS 0x000000008a300000, 0x000000008a300000| Untracked 
| 108|0x000000008a400000, 0x000000008a400000, 0x000000008a500000|  0%| F|  |TAMS 0x000000008a400000, 0x000000008a400000| Untracked 
| 125|0x000000008b500000, 0x000000008b516b48, 0x000000008b600000|  8%| E|  |TAMS 0x000000008b500000, 0x000000008b500000| Complete 

Card table byte_map: [0x000001fc9b740000,0x000001fc9bb30000] _byte_map_base: 0x000001fc9b324000

Marking Bits (Prev, Next): (CMBitMap*) 0x000001fc889917c0, (CMBitMap*) 0x000001fc88991780
 Prev Bits: [0x000001fc9de40000, 0x000001fc9fd60000)
 Next Bits: [0x000001fc9bf20000, 0x000001fc9de40000)

Polling page: 0x000001fc86ad0000

Metaspace:

Usage:
  Non-class:     21.33 MB capacity,    21.16 MB (>99%) used,   145.13 KB ( <1%) free+waste,    26.94 KB ( <1%) overhead. 
      Class:      2.72 MB capacity,     2.62 MB ( 96%) used,    88.06 KB (  3%) free+waste,     9.63 KB ( <1%) overhead. 
       Both:     24.04 MB capacity,    23.78 MB ( 99%) used,   233.20 KB ( <1%) free+waste,    36.56 KB ( <1%) overhead. 

Virtual space:
  Non-class space:       22.00 MB reserved,      21.50 MB ( 98%) committed 
      Class space:        1.00 GB reserved,       2.75 MB ( <1%) committed 
             Both:        1.02 GB reserved,      24.25 MB (  2%) committed 

Chunk freelists:
   Non-Class:  49.00 KB
       Class:  3.00 KB
        Both:  52.00 KB

MaxMetaspaceSize: 17179869184.00 GB
CompressedClassSpaceSize: 1.00 GB

CodeHeap 'non-profiled nmethods': size=120000Kb used=669Kb max_used=669Kb free=119331Kb
 bounds [0x000001fc93e20000, 0x000001fc94090000, 0x000001fc9b350000]
CodeHeap 'profiled nmethods': size=120000Kb used=3001Kb max_used=3001Kb free=116998Kb
 bounds [0x000001fc8c8f0000, 0x000001fc8cbe0000, 0x000001fc93e20000]
CodeHeap 'non-nmethods': size=5760Kb used=1272Kb max_used=1290Kb free=4487Kb
 bounds [0x000001fc8c350000, 0x000001fc8c5c0000, 0x000001fc8c8f0000]
 total_blobs=2220 nmethods=1697 adapters=434
 compilation: enabled
              stopped_count=0, restarted_count=0
 full_count=0

Compilation events (20 events):
Event: 11.800 Thread 0x000001fca2b38280 1691       1       java.util.stream.Collectors$CollectorImpl::characteristics (5 bytes)
Event: 11.800 Thread 0x000001fca2b38280 nmethod 1691 0x000001fc93ec7110 code [0x000001fc93ec72a0, 0x000001fc93ec7358]
Event: 11.801 Thread 0x000001fca2b38280 1692       3       java.lang.PublicMethods$MethodList::filter (104 bytes)
Event: 11.802 Thread 0x000001fca2b38280 nmethod 1692 0x000001fc8cbda090 code [0x000001fc8cbda2e0, 0x000001fc8cbdad18]
Event: 11.802 Thread 0x000001fca2b38280 1693       3       java.lang.Class::getMethodsRecursive (99 bytes)
Event: 11.802 Thread 0x000001fca2b38280 nmethod 1693 0x000001fc8cbdb210 code [0x000001fc8cbdb440, 0x000001fc8cbdb9c8]
Event: 11.802 Thread 0x000001fca2b38280 1694   !   3       java.lang.reflect.Executable::declaredAnnotations (85 bytes)
Event: 11.803 Thread 0x000001fca2b38280 nmethod 1694 0x000001fc8cbdbd10 code [0x000001fc8cbdbf40, 0x000001fc8cbdc7e8]
Event: 11.811 Thread 0x000001fca2b38280 1695       3       io.netty.buffer.PooledUnsafeDirectByteBuf::addr (8 bytes)
Event: 11.811 Thread 0x000001fca2b38280 nmethod 1695 0x000001fc8cbdcb90 code [0x000001fc8cbdcd20, 0x000001fc8cbdce38]
Event: 11.811 Thread 0x000001fca2b38280 1696       3       io.netty.buffer.UnsafeByteBufUtil::setByte (7 bytes)
Event: 11.814 Thread 0x000001fca2b38280 nmethod 1696 0x000001fc8cbdcf10 code [0x000001fc8cbdd0c0, 0x000001fc8cbdd338]
Event: 11.814 Thread 0x000001fca2b38280 1697       3       io.netty.util.internal.PlatformDependent::putByte (6 bytes)
Event: 11.814 Thread 0x000001fca2b38280 nmethod 1697 0x000001fc8cbdd490 code [0x000001fc8cbdd640, 0x000001fc8cbdd858]
Event: 11.826 Thread 0x000001fca2b38280 1698       3       io.netty.channel.AbstractChannelHandlerContext::channel (8 bytes)
Event: 11.826 Thread 0x000001fca2b38280 nmethod 1698 0x000001fc8cbdd990 code [0x000001fc8cbddb20, 0x000001fc8cbddc38]
Event: 11.826 Thread 0x000001fca2b38280 1699       3       io.netty.channel.nio.AbstractNioChannel::eventLoop (8 bytes)
Event: 11.826 Thread 0x000001fca2b38280 nmethod 1699 0x000001fc8cbddd10 code [0x000001fc8cbddec0, 0x000001fc8cbde208]
Event: 11.826 Thread 0x000001fca2b38280 1700       3       io.netty.channel.AbstractChannel::eventLoop (21 bytes)
Event: 11.826 Thread 0x000001fca2b38280 nmethod 1700 0x000001fc8cbde310 code [0x000001fc8cbde4c0, 0x000001fc8cbde6c8]

GC Heap History (10 events):
Event: 1.001 GC heap before
{Heap before GC invocations=0 (full 0):
 garbage-first heap   total 129024K, used 12288K [0x0000000083800000, 0x0000000100000000)
  region size 1024K, 13 young (13312K), 0 survivors (0K)
 Metaspace       used 11190K, capacity 11326K, committed 11392K, reserved 1058816K
  class space    used 1094K, capacity 1150K, committed 1152K, reserved 1048576K
}
Event: 1.011 GC heap after
{Heap after GC invocations=1 (full 0):
 garbage-first heap   total 129024K, used 4221K [0x0000000083800000, 0x0000000100000000)
  region size 1024K, 2 young (2048K), 2 survivors (2048K)
 Metaspace       used 11190K, capacity 11326K, committed 11392K, reserved 1058816K
  class space    used 1094K, capacity 1150K, committed 1152K, reserved 1048576K
}
Event: 1.695 GC heap before
{Heap before GC invocations=1 (full 0):
 garbage-first heap   total 129024K, used 16509K [0x0000000083800000, 0x0000000100000000)
  region size 1024K, 14 young (14336K), 2 survivors (2048K)
 Metaspace       used 15987K, capacity 16156K, committed 16256K, reserved 1064960K
  class space    used 1595K, capacity 1647K, committed 1664K, reserved 1048576K
}
Event: 1.702 GC heap after
{Heap after GC invocations=2 (full 0):
 garbage-first heap   total 129024K, used 5830K [0x0000000083800000, 0x0000000100000000)
  region size 1024K, 2 young (2048K), 2 survivors (2048K)
 Metaspace       used 15987K, capacity 16156K, committed 16256K, reserved 1064960K
  class space    used 1595K, capacity 1647K, committed 1664K, reserved 1048576K
}
Event: 3.314 GC heap before
{Heap before GC invocations=2 (full 0):
 garbage-first heap   total 129024K, used 19142K [0x0000000083800000, 0x0000000100000000)
  region size 1024K, 17 young (17408K), 2 survivors (2048K)
 Metaspace       used 20769K, capacity 20988K, committed 21248K, reserved 1069056K
  class space    used 2227K, capacity 2276K, committed 2304K, reserved 1048576K
}
Event: 3.318 GC heap after
{Heap after GC invocations=3 (full 0):
 garbage-first heap   total 129024K, used 6945K [0x0000000083800000, 0x0000000100000000)
  region size 1024K, 3 young (3072K), 3 survivors (3072K)
 Metaspace       used 20769K, capacity 20988K, committed 21248K, reserved 1069056K
  class space    used 2227K, capacity 2276K, committed 2304K, reserved 1048576K
}
Event: 3.575 GC heap before
{Heap before GC invocations=4 (full 0):
 garbage-first heap   total 27648K, used 15137K [0x0000000083800000, 0x0000000100000000)
  region size 1024K, 12 young (12288K), 3 survivors (3072K)
 Metaspace       used 23158K, capacity 23378K, committed 23424K, reserved 1071104K
  class space    used 2555K, capacity 2645K, committed 2688K, reserved 1048576K
}
Event: 3.579 GC heap after
{Heap after GC invocations=5 (full 0):
 garbage-first heap   total 27648K, used 7567K [0x0000000083800000, 0x0000000100000000)
  region size 1024K, 1 young (1024K), 1 survivors (1024K)
 Metaspace       used 23158K, capacity 23378K, committed 23424K, reserved 1071104K
  class space    used 2555K, capacity 2645K, committed 2688K, reserved 1048576K
}
Event: 11.812 GC heap before
{Heap before GC invocations=6 (full 0):
 garbage-first heap   total 45056K, used 28047K [0x0000000083800000, 0x0000000100000000)
  region size 1024K, 5 young (5120K), 1 survivors (1024K)
 Metaspace       used 24348K, capacity 24620K, committed 24832K, reserved 1071104K
  class space    used 2683K, capacity 2781K, committed 2816K, reserved 1048576K
}
Event: 11.814 GC heap after
{Heap after GC invocations=7 (full 0):
 garbage-first heap   total 45056K, used 25741K [0x0000000083800000, 0x0000000100000000)
  region size 1024K, 2 young (2048K), 2 survivors (2048K)
 Metaspace       used 24348K, capacity 24620K, committed 24832K, reserved 1071104K
  class space    used 2683K, capacity 2781K, committed 2816K, reserved 1048576K
}

Deoptimization events (20 events):
Event: 11.394 Thread 0x000001fc889521b0 Uncommon trap: trap_request=0xffffffde fr.pc=0x000001fc93ea36e8 relative=0x0000000000000588
Event: 11.394 Thread 0x000001fc889521b0 Uncommon trap: reason=class_check action=maybe_recompile pc=0x000001fc93ea36e8 method=org.openqa.selenium.json.Input.init()V @ 18 c2
Event: 11.394 Thread 0x000001fc889521b0 DEOPT PACKING pc=0x000001fc93ea36e8 sp=0x0000000f160fe2b0
Event: 11.394 Thread 0x000001fc889521b0 DEOPT UNPACKING pc=0x000001fc8c39e42f sp=0x0000000f160fe298 mode 2
Event: 11.394 Thread 0x000001fc889521b0 Uncommon trap: trap_request=0xffffffde fr.pc=0x000001fc93ea36e8 relative=0x0000000000000588
Event: 11.394 Thread 0x000001fc889521b0 Uncommon trap: reason=class_check action=maybe_recompile pc=0x000001fc93ea36e8 method=org.openqa.selenium.json.Input.init()V @ 18 c2
Event: 11.395 Thread 0x000001fc889521b0 DEOPT PACKING pc=0x000001fc93ea36e8 sp=0x0000000f160fe2b0
Event: 11.395 Thread 0x000001fc889521b0 DEOPT UNPACKING pc=0x000001fc8c39e42f sp=0x0000000f160fe298 mode 2
Event: 11.765 Thread 0x000001fc889521b0 DEOPT PACKING pc=0x000001fc8cb0c502 sp=0x0000000f160fdad0
Event: 11.766 Thread 0x000001fc889521b0 DEOPT UNPACKING pc=0x000001fc8c39e23f sp=0x0000000f160fcfe0 mode 0
Event: 11.771 Thread 0x000001fc889521b0 Uncommon trap: trap_request=0xffffff45 fr.pc=0x000001fc93e78b84 relative=0x0000000000001064
Event: 11.771 Thread 0x000001fc889521b0 Uncommon trap: reason=unstable_if action=reinterpret pc=0x000001fc93e78b84 method=java.util.concurrent.ConcurrentHashMap.putVal(Ljava/lang/Object;Ljava/lang/Object;Z)Ljava/lang/Object; @ 256 c2
Event: 11.771 Thread 0x000001fc889521b0 DEOPT PACKING pc=0x000001fc93e78b84 sp=0x0000000f160fe8f0
Event: 11.771 Thread 0x000001fc889521b0 DEOPT UNPACKING pc=0x000001fc8c39e42f sp=0x0000000f160fe868 mode 2
Event: 11.788 Thread 0x000001fc889521b0 DEOPT PACKING pc=0x000001fc8cb0c502 sp=0x0000000f160fddb0
Event: 11.788 Thread 0x000001fc889521b0 DEOPT UNPACKING pc=0x000001fc8c39e23f sp=0x0000000f160fd2c0 mode 0
Event: 11.825 Thread 0x000001fca4658d50 Uncommon trap: trap_request=0xffffff45 fr.pc=0x000001fc93e7c4d4 relative=0x00000000000001b4
Event: 11.825 Thread 0x000001fca4658d50 Uncommon trap: reason=unstable_if action=reinterpret pc=0x000001fc93e7c4d4 method=java.io.ByteArrayInputStream.read()I @ 8 c2
Event: 11.825 Thread 0x000001fca4658d50 DEOPT PACKING pc=0x000001fc93e7c4d4 sp=0x0000000f17cfe4c0
Event: 11.825 Thread 0x000001fca4658d50 DEOPT UNPACKING pc=0x000001fc8c39e42f sp=0x0000000f17cfe478 mode 2

Classes unloaded (0 events):
No events

Classes redefined (0 events):
No events

Internal exceptions (20 events):
Event: 1.963 Thread 0x000001fca4078280 Exception <a 'java/lang/NoSuchMethodError'{0x000000008af2f450}: 'java.lang.Object java.lang.invoke.Invokers$Holder.linkToTargetMethod(java.lang.Object, long, java.lang.Object)'> (0x000000008af2f450) 
thrown [./open/src/hotspot/share/interpreter/linkResolver.cpp, line 782]
Event: 2.451 Thread 0x000001fca4077580 Exception <a 'java/net/SocketException'{0x000000008af44768}: Socket is not connected: shutdown> (0x000000008af44768) 
thrown [./open/src/hotspot/share/prims/jni.cpp, line 599]
Event: 3.004 Thread 0x000001fc889521b0 Exception <a 'java/lang/NoSuchMethodError'{0x000000008ae78a20}: 'java.lang.Object java.lang.invoke.DirectMethodHandle$Holder.invokeInterface(java.lang.Object, java.lang.Object, java.lang.Object)'> (0x000000008ae78a20) 
thrown [./open/src/hotspot/share/interpreter/linkResolver.cpp, line 782]
Event: 3.004 Thread 0x000001fc889521b0 Exception <a 'java/lang/IncompatibleClassChangeError'{0x000000008ae7c010}: Found class java.lang.Object, but interface was expected> (0x000000008ae7c010) 
thrown [./open/src/hotspot/share/interpreter/linkResolver.cpp, line 848]
Event: 3.006 Thread 0x000001fc889521b0 Exception <a 'java/lang/NoSuchMethodError'{0x000000008ae84ce8}: 'int java.lang.invoke.DirectMethodHandle$Holder.invokeSpecialIFC(java.lang.Object, java.lang.Object, java.lang.Object, java.lang.Object)'> (0x000000008ae84ce8) 
thrown [./open/src/hotspot/share/interpreter/linkResolver.cpp, line 782]
Event: 3.009 Thread 0x000001fc889521b0 Exception <a 'java/lang/NoSuchMethodError'{0x000000008ae8d8f8}: 'java.lang.Object java.lang.invoke.DirectMethodHandle$Holder.invokeInterface(java.lang.Object, java.lang.Object, java.lang.Object, java.lang.Object)'> (0x000000008ae8d8f8) 
thrown [./open/src/hotspot/share/interpreter/linkResolver.cpp, line 782]
Event: 3.015 Thread 0x000001fc889521b0 Exception <a 'java/lang/NoSuchMethodError'{0x000000008aeb5378}: 'java.lang.Object java.lang.invoke.DirectMethodHandle$Holder.invokeVirtual(java.lang.Object, java.lang.Object, java.lang.Object)'> (0x000000008aeb5378) 
thrown [./open/src/hotspot/share/interpreter/linkResolver.cpp, line 782]
Event: 3.034 Thread 0x000001fc889521b0 Exception <a 'java/lang/NoSuchMethodError'{0x000000008ad2def8}: 'void java.lang.invoke.DirectMethodHandle$Holder.invokeInterface(java.lang.Object, java.lang.Object, java.lang.Object)'> (0x000000008ad2def8) 
thrown [./open/src/hotspot/share/interpreter/linkResolver.cpp, line 782]
Event: 3.048 Thread 0x000001fc889521b0 Exception <a 'java/lang/NoSuchMethodError'{0x000000008ad65df0}: 'int java.lang.invoke.DirectMethodHandle$Holder.invokeVirtual(java.lang.Object, java.lang.Object)'> (0x000000008ad65df0) 
thrown [./open/src/hotspot/share/interpreter/linkResolver.cpp, line 782]
Event: 3.049 Thread 0x000001fc889521b0 Exception <a 'java/lang/NoSuchMethodError'{0x000000008ad6c640}: 'double java.lang.invoke.DirectMethodHandle$Holder.invokeVirtual(java.lang.Object, java.lang.Object)'> (0x000000008ad6c640) 
thrown [./open/src/hotspot/share/interpreter/linkResolver.cpp, line 782]
Event: 3.049 Thread 0x000001fc889521b0 Exception <a 'java/lang/NoSuchMethodError'{0x000000008ad73178}: 'float java.lang.invoke.DirectMethodHandle$Holder.invokeVirtual(java.lang.Object, java.lang.Object)'> (0x000000008ad73178) 
thrown [./open/src/hotspot/share/interpreter/linkResolver.cpp, line 782]
Event: 3.050 Thread 0x000001fc889521b0 Exception <a 'java/lang/NoSuchMethodError'{0x000000008ad7cb38}: 'long java.lang.invoke.DirectMethodHandle$Holder.invokeVirtual(java.lang.Object, java.lang.Object)'> (0x000000008ad7cb38) 
thrown [./open/src/hotspot/share/interpreter/linkResolver.cpp, line 782]
Event: 3.055 Thread 0x000001fc889521b0 Exception <a 'java/lang/NoSuchMethodError'{0x000000008ada89a8}: 'void java.lang.invoke.DirectMethodHandle$Holder.invokeStatic(java.lang.Object, java.lang.Object, java.lang.Object)'> (0x000000008ada89a8) 
thrown [./open/src/hotspot/share/interpreter/linkResolver.cpp, line 782]
Event: 3.114 Thread 0x000001fc889521b0 Exception <a 'java/lang/NoSuchMethodError'{0x000000008acde6f0}: 'void java.lang.invoke.DirectMethodHandle$Holder.invokeSpecial(java.lang.Object, java.lang.Object, java.lang.Object, java.lang.Object, java.lang.Object)'> (0x000000008acde6f0) 
thrown [./open/src/hotspot/share/interpreter/linkResolver.cpp, line 782]
Event: 3.142 Thread 0x000001fc889521b0 Exception <a 'java/lang/NoSuchMethodError'{0x000000008abbfe18}: 'java.lang.Object java.lang.invoke.DirectMethodHandle$Holder.newInvokeSpecial(java.lang.Object, java.lang.Object, java.lang.Object, java.lang.Object, java.lang.Object)'> (0x000000008abbfe18) 
thrown [./open/src/hotspot/share/interpreter/linkResolver.cpp, line 782]
Event: 3.187 Thread 0x000001fc889521b0 Exception <a 'java/lang/NoSuchMethodError'{0x000000008aae6e10}: 'java.lang.Object java.lang.invoke.Invokers$Holder.invokeExact_MT(java.lang.Object, java.lang.Object, java.lang.Object, java.lang.Object, java.lang.Object, java.lang.Object)'> (0x000000008aae6e10) 
thrown [./open/src/hotspot/share/interpreter/linkResolver.cpp, line 782]
Event: 3.331 Thread 0x000001fc889521b0 Exception <a 'java/lang/NoSuchMethodError'{0x000000008b5484f0}: 'void java.lang.invoke.DirectMethodHandle$Holder.invokeStatic(java.lang.Object, java.lang.Object, java.lang.Object, java.lang.Object)'> (0x000000008b5484f0) 
thrown [./open/src/hotspot/share/interpreter/linkResolver.cpp, line 782]
Event: 3.391 Thread 0x000001fc889521b0 Exception <a 'java/lang/NoSuchMethodError'{0x0000000084dc2160}: 'void java.lang.invoke.DirectMethodHandle$Holder.invokeSpecial(java.lang.Object, java.lang.Object, java.lang.Object, java.lang.Object, java.lang.Object, java.lang.Object)'> (0x0000000084dc2160) 
thrown [./open/src/hotspot/share/interpreter/linkResolver.cpp, line 782]
Event: 11.400 Thread 0x000001fc889521b0 Exception <a 'java/lang/NoSuchMethodError'{0x000000008a449ee8}: 'java.lang.Object java.lang.invoke.DirectMethodHandle$Holder.invokeSpecialIFC(java.lang.Object, java.lang.Object, java.lang.Object)'> (0x000000008a449ee8) 
thrown [./open/src/hotspot/share/interpreter/linkResolver.cpp, line 782]
Event: 11.779 Thread 0x000001fc889521b0 Exception <a 'java/lang/ClassNotFoundException'{0x000000008a327b78}: sun/util/logging/resources/spi/loggingProvider> (0x000000008a327b78) 
thrown [./open/src/hotspot/share/classfile/systemDictionary.cpp, line 295]

Events (20 events):
Event: 11.781 loading class java/util/Calendar
Event: 11.782 loading class java/util/Calendar done
Event: 11.782 loading class java/time/ZonedDateTime$1
Event: 11.782 loading class java/time/ZonedDateTime$1 done
Event: 11.782 loading class java/time/LocalDate$1
Event: 11.782 loading class java/time/LocalDate$1 done
Event: 11.782 loading class java/text/DateFormatSymbols
Event: 11.783 loading class java/text/DateFormatSymbols done
Event: 11.783 loading class java/text/spi/DateFormatSymbolsProvider
Event: 11.783 loading class java/text/spi/DateFormatSymbolsProvider done
Event: 11.783 loading class sun/util/locale/provider/DateFormatSymbolsProviderImpl
Event: 11.783 loading class sun/util/locale/provider/DateFormatSymbolsProviderImpl done
Event: 11.783 loading class java/time/LocalTime$1
Event: 11.783 loading class java/time/LocalTime$1 done
Event: 11.800 Thread 0x000001fca4658d50 Thread added: 0x000001fca4658d50
Event: 11.812 Executing VM operation: G1TryInitiateConcMark
Event: 11.814 Executing VM operation: G1TryInitiateConcMark done
Event: 11.814 Executing VM operation: HandshakeAllThreads
Event: 11.814 Executing VM operation: HandshakeAllThreads done
Event: 11.828 Executing VM operation: G1Concurrent


Dynamic libraries:
0x00007ff7c2900000 - 0x00007ff7c290d000 	C:\Users\Aman\.p2\pool\plugins\org.eclipse.justj.openjdk.hotspot.jre.full.win32.x86_64_15.0.1.v20201027-0507\jre\bin\javaw.exe
0x00007ffbef2a0000 - 0x00007ffbef490000 	C:\Windows\SYSTEM32\ntdll.dll
0x00007ffbed3b0000 - 0x00007ffbed462000 	C:\Windows\System32\KERNEL32.DLL
0x00007ffbec340000 - 0x00007ffbec5e5000 	C:\Windows\System32\KERNELBASE.dll
0x00007ffbec690000 - 0x00007ffbec78a000 	C:\Windows\System32\ucrtbase.dll
0x00007ffbdb3e0000 - 0x00007ffbdb3f9000 	C:\Users\Aman\.p2\pool\plugins\org.eclipse.justj.openjdk.hotspot.jre.full.win32.x86_64_15.0.1.v20201027-0507\jre\bin\VCRUNTIME140.dll
0x00007ffbde8f0000 - 0x00007ffbde908000 	C:\Users\Aman\.p2\pool\plugins\org.eclipse.justj.openjdk.hotspot.jre.full.win32.x86_64_15.0.1.v20201027-0507\jre\bin\jli.dll
0x00007ffbed8f0000 - 0x00007ffbeda84000 	C:\Windows\System32\USER32.dll
0x00007ffbed120000 - 0x00007ffbed141000 	C:\Windows\System32\win32u.dll
0x00007ffbd95c0000 - 0x00007ffbd9844000 	C:\Windows\WinSxS\amd64_microsoft.windows.common-controls_6595b64144ccf1df_6.0.18362.1256_none_9e7e379be45e40e2\COMCTL32.dll
0x00007ffbed470000 - 0x00007ffbed496000 	C:\Windows\System32\GDI32.dll
0x00007ffbef1c0000 - 0x00007ffbef25e000 	C:\Windows\System32\msvcrt.dll
0x00007ffbed150000 - 0x00007ffbed2e6000 	C:\Windows\System32\gdi32full.dll
0x00007ffbec5f0000 - 0x00007ffbec68e000 	C:\Windows\System32\msvcp_win.dll
0x00007ffbeee00000 - 0x00007ffbef136000 	C:\Windows\System32\combase.dll
0x00007ffbedb20000 - 0x00007ffbedc40000 	C:\Windows\System32\RPCRT4.dll
0x00007ffbec290000 - 0x00007ffbec311000 	C:\Windows\System32\bcryptPrimitives.dll
0x00007ffbed640000 - 0x00007ffbed66e000 	C:\Windows\System32\IMM32.DLL
0x00007ffbe66f0000 - 0x00007ffbe66fc000 	C:\Users\Aman\.p2\pool\plugins\org.eclipse.justj.openjdk.hotspot.jre.full.win32.x86_64_15.0.1.v20201027-0507\jre\bin\vcruntime140_1.dll
0x00007ffbc0ed0000 - 0x00007ffbc0f61000 	C:\Users\Aman\.p2\pool\plugins\org.eclipse.justj.openjdk.hotspot.jre.full.win32.x86_64_15.0.1.v20201027-0507\jre\bin\msvcp140.dll
0x00007ffb9e470000 - 0x00007ffb9efce000 	C:\Users\Aman\.p2\pool\plugins\org.eclipse.justj.openjdk.hotspot.jre.full.win32.x86_64_15.0.1.v20201027-0507\jre\bin\server\jvm.dll
0x00007ffbed710000 - 0x00007ffbed7b3000 	C:\Windows\System32\ADVAPI32.dll
0x00007ffbed670000 - 0x00007ffbed707000 	C:\Windows\System32\sechost.dll
0x00007ffbef1b0000 - 0x00007ffbef1b8000 	C:\Windows\System32\PSAPI.DLL
0x00007ffbd5e60000 - 0x00007ffbd5e69000 	C:\Windows\SYSTEM32\WSOCK32.dll
0x00007ffbde300000 - 0x00007ffbde30a000 	C:\Windows\SYSTEM32\VERSION.dll
0x00007ffbef140000 - 0x00007ffbef1af000 	C:\Windows\System32\WS2_32.dll
0x00007ffbe8df0000 - 0x00007ffbe8e14000 	C:\Windows\SYSTEM32\WINMM.dll
0x00007ffbe8dc0000 - 0x00007ffbe8ded000 	C:\Windows\SYSTEM32\WINMMBASE.dll
0x00007ffbec240000 - 0x00007ffbec28a000 	C:\Windows\System32\cfgmgr32.dll
0x00007ffbec1a0000 - 0x00007ffbec1b1000 	C:\Windows\System32\kernel.appcore.dll
0x00007ffbdd9d0000 - 0x00007ffbdd9da000 	C:\Users\Aman\.p2\pool\plugins\org.eclipse.justj.openjdk.hotspot.jre.full.win32.x86_64_15.0.1.v20201027-0507\jre\bin\jimage.dll
0x00007ffbeaa20000 - 0x00007ffbeac14000 	C:\Windows\SYSTEM32\DBGHELP.DLL
0x00007ffbdce60000 - 0x00007ffbdce8a000 	C:\Windows\SYSTEM32\dbgcore.DLL
0x00007ffbdb280000 - 0x00007ffbdb2a5000 	C:\Users\Aman\.p2\pool\plugins\org.eclipse.justj.openjdk.hotspot.jre.full.win32.x86_64_15.0.1.v20201027-0507\jre\bin\java.dll
0x00007ffbdb480000 - 0x00007ffbdb498000 	C:\Users\Aman\.p2\pool\plugins\org.eclipse.justj.openjdk.hotspot.jre.full.win32.x86_64_15.0.1.v20201027-0507\jre\bin\zip.dll
0x00007ffbeddc0000 - 0x00007ffbee4a7000 	C:\Windows\System32\SHELL32.dll
0x00007ffbedc40000 - 0x00007ffbedce9000 	C:\Windows\System32\shcore.dll
0x00007ffbec790000 - 0x00007ffbecf11000 	C:\Windows\System32\windows.storage.dll
0x00007ffbec1e0000 - 0x00007ffbec203000 	C:\Windows\System32\profapi.dll
0x00007ffbec150000 - 0x00007ffbec19a000 	C:\Windows\System32\powrprof.dll
0x00007ffbec140000 - 0x00007ffbec150000 	C:\Windows\System32\UMPDC.dll
0x00007ffbeeda0000 - 0x00007ffbeedf2000 	C:\Windows\System32\shlwapi.dll
0x00007ffbec320000 - 0x00007ffbec337000 	C:\Windows\System32\cryptsp.dll
0x00007ffbdd9c0000 - 0x00007ffbdd9d0000 	C:\Users\Aman\.p2\pool\plugins\org.eclipse.justj.openjdk.hotspot.jre.full.win32.x86_64_15.0.1.v20201027-0507\jre\bin\verify.dll
0x00007ffbdb260000 - 0x00007ffbdb279000 	C:\Users\Aman\.p2\pool\plugins\org.eclipse.justj.openjdk.hotspot.jre.full.win32.x86_64_15.0.1.v20201027-0507\jre\bin\net.dll
0x00007ffbded90000 - 0x00007ffbdee80000 	C:\Windows\SYSTEM32\WINHTTP.dll
0x00007ffbeb990000 - 0x00007ffbeb9f7000 	C:\Windows\system32\mswsock.dll
0x00007ffbdb1c0000 - 0x00007ffbdb1d2000 	C:\Users\Aman\.p2\pool\plugins\org.eclipse.justj.openjdk.hotspot.jre.full.win32.x86_64_15.0.1.v20201027-0507\jre\bin\nio.dll
0x00007ffbeb730000 - 0x00007ffbeb7fb000 	C:\Windows\SYSTEM32\DNSAPI.dll
0x00007ffbee680000 - 0x00007ffbee688000 	C:\Windows\System32\NSI.dll
0x00007ffbeb6a0000 - 0x00007ffbeb6da000 	C:\Windows\SYSTEM32\IPHLPAPI.DLL
0x00007ffbd9190000 - 0x00007ffbd919a000 	C:\Windows\System32\rasadhlp.dll
0x00007ffbdf710000 - 0x00007ffbdf787000 	C:\Windows\System32\fwpuclnt.dll
0x00007ffbec210000 - 0x00007ffbec236000 	C:\Windows\System32\bcrypt.dll
0x00007ffbdfe20000 - 0x00007ffbdfe29000 	C:\Users\Aman\.p2\pool\plugins\org.eclipse.justj.openjdk.hotspot.jre.full.win32.x86_64_15.0.1.v20201027-0507\jre\bin\management.dll
0x00007ffbdb360000 - 0x00007ffbdb36b000 	C:\Users\Aman\.p2\pool\plugins\org.eclipse.justj.openjdk.hotspot.jre.full.win32.x86_64_15.0.1.v20201027-0507\jre\bin\management_ext.dll
0x00007ffbeb500000 - 0x00007ffbeb533000 	C:\Windows\system32\rsaenh.dll
0x00007ffbec060000 - 0x00007ffbec085000 	C:\Windows\SYSTEM32\USERENV.dll
0x00007ffbebb60000 - 0x00007ffbebb6c000 	C:\Windows\SYSTEM32\CRYPTBASE.dll
0x00007ffbdf8f0000 - 0x00007ffbdf906000 	C:\Windows\SYSTEM32\dhcpcsvc6.DLL
0x00007ffbdfba0000 - 0x00007ffbdfbbc000 	C:\Windows\SYSTEM32\dhcpcsvc.DLL
0x00007ffbdfe30000 - 0x00007ffbdfe3d000 	C:\Users\Aman\.p2\pool\plugins\org.eclipse.justj.openjdk.hotspot.jre.full.win32.x86_64_15.0.1.v20201027-0507\jre\bin\sunmscapi.dll
0x00007ffbecf20000 - 0x00007ffbed069000 	C:\Windows\System32\CRYPT32.dll
0x00007ffbec1c0000 - 0x00007ffbec1d2000 	C:\Windows\System32\MSASN1.dll
0x00007ffbebc60000 - 0x00007ffbebc86000 	C:\Windows\SYSTEM32\ncrypt.dll
0x00007ffbebc20000 - 0x00007ffbebc5b000 	C:\Windows\SYSTEM32\NTASN1.dll
0x00007ffbe6570000 - 0x00007ffbe6586000 	C:\Windows\system32\napinsp.dll
0x00007ffbe63b0000 - 0x00007ffbe63ca000 	C:\Windows\system32\pnrpnsp.dll
0x00007ffbe6aa0000 - 0x00007ffbe6aae000 	C:\Windows\System32\winrnr.dll
0x00007ffbdfd00000 - 0x00007ffbdfd1c000 	C:\Windows\system32\NLAapi.dll
0x00007ffbe6390000 - 0x00007ffbe63a5000 	C:\Windows\system32\wshbth.dll

dbghelp: loaded successfully - version: 4.0.5 - missing functions: none
symbol engine: initialized successfully - sym options: 0x614 - pdb path: .;C:\Users\Aman\.p2\pool\plugins\org.eclipse.justj.openjdk.hotspot.jre.full.win32.x86_64_15.0.1.v20201027-0507\jre\bin;C:\Windows\SYSTEM32;C:\Windows\WinSxS\amd64_microsoft.windows.common-controls_6595b64144ccf1df_6.0.18362.1256_none_9e7e379be45e40e2;C:\Users\Aman\.p2\pool\plugins\org.eclipse.justj.openjdk.hotspot.jre.full.win32.x86_64_15.0.1.v20201027-0507\jre\bin\server

VM Arguments:
jvm_args: -Dfile.encoding=Cp1252 -XX:+ShowCodeDetailsInExceptionMessages 
java_command: Practice.Radio
java_class_path (initial): C:\Users\Aman\eclipse-workspace\SeleniumSampleFramework\target\test-classes;C:\Users\Aman\eclipse-workspace\SeleniumSampleFramework\target\classes;C:\Users\Aman\.m2\repository\org\seleniumhq\selenium\selenium-java\4.0.0-alpha-5\selenium-java-4.0.0-alpha-5.jar;C:\Users\Aman\.m2\repository\org\seleniumhq\selenium\selenium-api\4.0.0-alpha-5\selenium-api-4.0.0-alpha-5.jar;C:\Users\Aman\.m2\repository\org\seleniumhq\selenium\selenium-chrome-driver\4.0.0-alpha-5\selenium-chrome-driver-4.0.0-alpha-5.jar;C:\Users\Aman\.m2\repository\com\google\auto\service\auto-service-annotations\1.0-rc6\auto-service-annotations-1.0-rc6.jar;C:\Users\Aman\.m2\repository\com\google\auto\service\auto-service\1.0-rc6\auto-service-1.0-rc6.jar;C:\Users\Aman\.m2\repository\com\google\auto\auto-common\0.10\auto-common-0.10.jar;C:\Users\Aman\.m2\repository\com\google\guava\guava\28.2-jre\guava-28.2-jre.jar;C:\Users\Aman\.m2\repository\com\google\guava\failureaccess\1.0.1\failureaccess-1.0.1.jar;C:\Users\Aman\.m2\repository\com\google\guava\listenablefuture\9999.0-empty-to-avoid-conflict-with-guava\listenablefuture-9999.0-empty-to-avoid-conflict-with-guava.jar;C:\Users\Aman\.m2\repository\com\google\code\findbugs\jsr305\3.0.2\jsr305-3.0.2.jar;C:\Users\Aman\.m2\repository\org\checkerframework\checker-qual\2.10.0\checker-qual-2.10.0.jar;C:\Users\Aman\.m2\repository\com\google\errorprone\error_prone_annotations\2.3.4\error_prone_annotations-2.3.4.jar;C:\Users\Aman\.m2\repository\com\google\j2objc\j2objc-annotations\1.3\j2objc-annotations-1.3.jar;C:\Users\Aman\.m2\repository\org\seleniumhq\selenium\selenium-chromium-driver\4.0.0-alpha-5\selenium-chromium-driver-4.0.0-alpha-5.jar;C:\Users\Aman\.m2\repository\org\seleniumhq\selenium\selenium-devtools\4.0.0-alpha-5\selenium-devtools-4.0.0-alpha-5.jar;C:\Users\Aman\.m2\repository\org\seleniumhq\selenium\selenium-http\4.0.0-alpha-5\selenium-http-4.0.0-alpha-5.jar;C:\Users\Aman\.m2\repository\org\seleniumhq\selenium\selenium-json\
Launcher Type: SUN_STANDARD

[Global flags]
     intx CICompilerCount                          = 3                                         {product} {ergonomic}
     uint ConcGCThreads                            = 1                                         {product} {ergonomic}
     uint G1ConcRefinementThreads                  = 4                                         {product} {ergonomic}
   size_t G1HeapRegionSize                         = 1048576                                   {product} {ergonomic}
    uintx GCDrainStackTargetSize                   = 64                                        {product} {ergonomic}
   size_t InitialHeapSize                          = 132120576                                 {product} {ergonomic}
   size_t MarkStackSize                            = 4194304                                   {product} {ergonomic}
   size_t MaxHeapSize                              = 2088763392                                {product} {ergonomic}
   size_t MaxNewSize                               = 1253048320                                {product} {ergonomic}
   size_t MinHeapDeltaBytes                        = 1048576                                   {product} {ergonomic}
   size_t MinHeapSize                              = 8388608                                   {product} {ergonomic}
    uintx NonNMethodCodeHeapSize                   = 5832780                                {pd product} {ergonomic}
    uintx NonProfiledCodeHeapSize                  = 122912730                              {pd product} {ergonomic}
    uintx ProfiledCodeHeapSize                     = 122912730                              {pd product} {ergonomic}
    uintx ReservedCodeCacheSize                    = 251658240                              {pd product} {ergonomic}
     bool SegmentedCodeCache                       = true                                      {product} {ergonomic}
     bool ShowCodeDetailsInExceptionMessages       = true                                   {manageable} {command line}
   size_t SoftMaxHeapSize                          = 2088763392                             {manageable} {ergonomic}
     bool UseCompressedClassPointers               = true                                 {lp64_product} {ergonomic}
     bool UseCompressedOops                        = true                                 {lp64_product} {ergonomic}
     bool UseG1GC                                  = true                                      {product} {ergonomic}
     bool UseLargePagesIndividualAllocation        = false                                  {pd product} {ergonomic}

Logging:
Log output configuration:
 #0: stdout all=warning uptime,level,tags
 #1: stderr all=off uptime,level,tags

Environment Variables:
JAVA_HOME=C:\Program Files\Java\jdk1.8.0_241
PATH=C:/Users/Aman/.p2/pool/plugins/org.eclipse.justj.openjdk.hotspot.jre.full.win32.x86_64_15.0.1.v20201027-0507/jre/bin/server;C:/Users/Aman/.p2/pool/plugins/org.eclipse.justj.openjdk.hotspot.jre.full.win32.x86_64_15.0.1.v20201027-0507/jre/bin;C:\Program Files\AdoptOpenJDK\jdk-11.0.9.101-hotspot\bin;C:\Python38\Scripts\;C:\Python38\;C:\Windows\System32;C:\Program Files (x86)\Common Files\Oracle\Java\javapath;C:\Users\Aman\apache-ant-1.9.14\bin;C:\Program Files\Git\cmd;C:\Program Files\Java\jdk1.8.0_241\bin;C:\Program Files\nodejs\;C:\ProgramData\chocolatey\bin;C:\Windows\System32\wbem;C:\Program Files\Microsoft SQL Server\Client SDK\ODBC\170\Tools\Binn\;C:\Program Files (x86)\Microsoft SQL Server\150\Tools\Binn\;C:\Program Files\Microsoft SQL Server\150\Tools\Binn\;C:\Program Files\Microsoft SQL Server\150\DTS\Binn\;C:\Maven\bin;C:\Users\Aman\eclipse-workspace\SeleniumSampleFramework\drivers\chromedriver1;C:\Users\Aman\AppData\Local\Programs\Python\Python39\Scripts\;C:\Users\Aman\AppData\Local\Programs\Python\Python39\;C:\Program Files\MySQL\MySQL Shell 8.0\bin\;C:\Windows\System32;C:\Users\Aman\AppData\Local\Programs\Python\Python37\Scripts\;C:\Users\Aman\AppData\Local\Programs\Python\Python37\;C:\Users\Aman\AppData\Local\Microsoft\WindowsApps;C:\Program Files\JetBrains\PyCharm Community Edition 2019.3.3\bin;;C:\Program Files\Java\jre1.8.0_241\bin;C:\Program Files\Java\jre1.8.0_241\bin;C:\Users\Aman\apache-ant-1.9.14\bin;C:\Users\Aman\AppData\Roaming\npm;C:\Users\Aman\AppData\Local\Programs\Microsoft VS Code\bin;C:\Program Files\JetBrains\IntelliJ IDEA 2020.3.2\bin;;C:\Windows\system32;
USERNAME=Aman
OS=Windows_NT
PROCESSOR_IDENTIFIER=Intel64 Family 6 Model 142 Stepping 9, GenuineIntel



---------------  S Y S T E M  ---------------

OS:
 Windows 10 , 64 bit Build 18362 (10.0.18362.1110)
OS uptime: 11 days 10:24 hours

CPU: total 4 (initial active 4) (2 cores per cpu, 2 threads per core) family 6 model 142 stepping 9 microcode 0x8e, cmov, cx8, fxsr, mmx, sse, sse2, sse3, ssse3, sse4.1, sse4.2, popcnt, vzeroupper, avx, avx2, aes, clmul, erms, 3dnowpref, lzcnt, ht, tsc, tscinvbit, bmi1, bmi2, adx, fma, clflush, clflushopt

Memory: 4k page, system-wide physical 7966M (458M free)
TotalPageFile size 32542M (AvailPageFile size 37M)
current process WorkingSet (physical memory assigned to process): 159M, peak: 159M
current process commit charge ("private bytes"): 202M, peak: 226M

vm_info: OpenJDK 64-Bit Server VM (15.0.1+9-18) for windows-amd64 JRE (15.0.1+9-18), built on Sep 15 2020 14:39:31 by "mach5one" with unknown MS VC++:1925

END.
