#
# There is insufficient memory for the Java Runtime Environment to continue.
# Native memory allocation (mmap) failed to map 29360128 bytes for G1 virtual space
# Possible reasons:
#   The system is out of physical RAM or swap space
#   The process is running with CompressedOops enabled, and the Java Heap may be blocking the growth of the native heap
# Possible solutions:
#   Reduce memory load on the system
#   Increase physical memory or swap space
#   Check if swap backing store is full
#   Decrease Java heap size (-Xmx/-Xms)
#   Decrease number of Java threads
#   Decrease Java thread stack sizes (-Xss)
#   Set larger code cache with -XX:ReservedCodeCacheSize=
#   JVM is running with Unscaled Compressed Oops mode in which the Java heap is
#     placed in the first 4GB address space. The Java Heap base address is the
#     maximum limit for the native heap growth. Please use -XX:HeapBaseMinAddress
#     to set the Java Heap base and to place the Java Heap above 4GB virtual address.
# This output file may be truncated or incomplete.
#
#  Out of Memory Error (./open/src/hotspot/os/windows/os_windows.cpp:3472), pid=21616, tid=22512
#
# JRE version: OpenJDK Runtime Environment (15.0.1+9) (build 15.0.1+9-18)
# Java VM: OpenJDK 64-Bit Server VM (15.0.1+9-18, mixed mode, tiered, compressed oops, g1 gc, windows-amd64)
# No core dump will be written. Minidumps are not enabled by default on client versions of Windows
#

---------------  S U M M A R Y ------------

Command Line: -Dfile.encoding=Cp1252 -XX:+ShowCodeDetailsInExceptionMessages Practice.CheckBox

Host: Intel(R) Core(TM) i7-7500U CPU @ 2.70GHz, 4 cores, 7G,  Windows 10 , 64 bit Build 18362 (10.0.18362.1110)
Time: Tue Feb 16 21:18:16 2021 India Standard Time elapsed time: 18.519777 seconds (0d 0h 0m 18s)

---------------  T H R E A D  ---------------

Current thread (0x000001cd51a3eb00):  VMThread "VM Thread" [stack: 0x00000027f3000000,0x00000027f3100000] [id=22512]

Stack: [0x00000027f3000000,0x00000027f3100000]
[error occurred during error reporting (printing stack bounds), id 0xc0000005, EXCEPTION_ACCESS_VIOLATION (0xc0000005) at pc=0x000001cd3bb210ad]

Native frames: (J=compiled Java code, j=interpreted, Vv=VM code, C=native code)
V  [jvm.dll+0x62ae9a]
V  [jvm.dll+0x781389]
V  [jvm.dll+0x782ae3]
V  [jvm.dll+0x7830a5]
V  [jvm.dll+0x78305b]
V  [jvm.dll+0x62a2b9]
V  [jvm.dll+0x62aa88]
C  [ntdll.dll+0xa184f]
C  [ntdll.dll+0x6a889]
C  [ntdll.dll+0xa04be]
C  0x000001cd3bb210ad

VM_Operation (0x00000027f2cff3c0): G1Concurrent, mode: safepoint, requested by thread 0x000001cd381711e0


---------------  P R O C E S S  ---------------

Threads class SMR info:
_java_thread_list=0x000001cd53200d00, length=21, elements={
0x000001cd381204c0, 0x000001cd51a55030, 0x000001cd51a559f0, 0x000001cd5226d430,
0x000001cd5226e1f0, 0x000001cd5226ebb0, 0x000001cd522a3040, 0x000001cd52317980,
0x000001cd52337eb0, 0x000001cd5243f9b0, 0x000001cd52436d00, 0x000001cd52ff42a0,
0x000001cd53158640, 0x000001cd53158b10, 0x000001cd5360ba70, 0x000001cd5314c7a0,
0x000001cd53606b10, 0x000001cd534686f0, 0x000001cd531ef6d0, 0x000001cd532b1350,
0x000001cd5354a380
}

Java Threads: ( => current thread )
  0x000001cd381204c0 JavaThread "Forwarding findElement on session 0ed6d74f1ebb134d34163019ef4f571b to remote" [_thread_blocked, id=11708, stack(0x00000027f2a00000,0x00000027f2b00000)]
  0x000001cd51a55030 JavaThread "Reference Handler" daemon [_thread_blocked, id=15080, stack(0x00000027f3100000,0x00000027f3200000)]
  0x000001cd51a559f0 JavaThread "Finalizer" daemon [_thread_blocked, id=6716, stack(0x00000027f3200000,0x00000027f3300000)]
  0x000001cd5226d430 JavaThread "Signal Dispatcher" daemon [_thread_blocked, id=12096, stack(0x00000027f3300000,0x00000027f3400000)]
  0x000001cd5226e1f0 JavaThread "Attach Listener" daemon [_thread_blocked, id=19288, stack(0x00000027f3400000,0x00000027f3500000)]
  0x000001cd5226ebb0 JavaThread "Service Thread" daemon [_thread_blocked, id=29584, stack(0x00000027f3500000,0x00000027f3600000)]
  0x000001cd522a3040 JavaThread "C2 CompilerThread0" daemon [_thread_blocked, id=10936, stack(0x00000027f3600000,0x00000027f3700000)]
  0x000001cd52317980 JavaThread "C1 CompilerThread0" daemon [_thread_blocked, id=17028, stack(0x00000027f3700000,0x00000027f3800000)]
  0x000001cd52337eb0 JavaThread "Sweeper thread" daemon [_thread_blocked, id=19312, stack(0x00000027f3800000,0x00000027f3900000)]
  0x000001cd5243f9b0 JavaThread "Notification Thread" daemon [_thread_blocked, id=23028, stack(0x00000027f3900000,0x00000027f3a00000)]
  0x000001cd52436d00 JavaThread "Common-Cleaner" daemon [_thread_blocked, id=16316, stack(0x00000027f3b00000,0x00000027f3c00000)]
  0x000001cd52ff42a0 JavaThread "AsyncHttpClient-timer-1-1" [_thread_blocked, id=13392, stack(0x00000027f4000000,0x00000027f4100000)]
  0x000001cd53158640 JavaThread "Exec Default Executor" daemon [_thread_in_native, id=19440, stack(0x00000027f4200000,0x00000027f4300000)]
  0x000001cd53158b10 JavaThread "UrlChecker-2" daemon [_thread_blocked, id=5124, stack(0x00000027f4300000,0x00000027f4400000)]
  0x000001cd5360ba70 JavaThread "Exec Stream Pumper" daemon [_thread_in_native, id=14280, stack(0x00000027f4400000,0x00000027f4500000)]
  0x000001cd5314c7a0 JavaThread "Exec Stream Pumper" daemon [_thread_in_native, id=19736, stack(0x00000027f4500000,0x00000027f4600000)]
  0x000001cd53606b10 JavaThread "AsyncHttpClient-3-1" [_thread_in_native, id=10612, stack(0x00000027f4700000,0x00000027f4800000)]
  0x000001cd534686f0 JavaThread "AsyncHttpClient-3-2" [_thread_in_native, id=248, stack(0x00000027f4900000,0x00000027f4a00000)]
  0x000001cd531ef6d0 JavaThread "AsyncHttpClient-3-3" [_thread_in_native, id=13988, stack(0x00000027f3c00000,0x00000027f3d00000)]
  0x000001cd532b1350 JavaThread "AsyncHttpClient-3-4" [_thread_in_native, id=6460, stack(0x00000027f4800000,0x00000027f4900000)]
  0x000001cd5354a380 JavaThread "AsyncHttpClient-3-5" [_thread_blocked, id=23828, stack(0x00000027f4a00000,0x00000027f4b00000)]

Other Threads:
=>0x000001cd51a3eb00 VMThread "VM Thread" [stack: 0x00000027f3000000,0x00000027f3100000] [id=22512]
  0x000001cd5243fe80 WatcherThread [stack: 0x00000027f3a00000,0x00000027f3b00000] [id=17592]
  0x000001cd3815f6f0 GCTaskThread "GC Thread#0" [stack: 0x00000027f2b00000,0x00000027f2c00000] [id=21308]
  0x000001cd52771730 GCTaskThread "GC Thread#1" [stack: 0x00000027f3d00000,0x00000027f3e00000] [id=24192]
  0x000001cd527723f0 GCTaskThread "GC Thread#2" [stack: 0x00000027f3e00000,0x00000027f3f00000] [id=16404]
  0x000001cd52772720 GCTaskThread "GC Thread#3" [stack: 0x00000027f4100000,0x00000027f4200000] [id=25468]
  0x000001cd381711e0 ConcurrentGCThread "G1 Main Marker" [stack: 0x00000027f2c00000,0x00000027f2d00000] [id=18896]
  0x000001cd38171d60 ConcurrentGCThread "G1 Conc#0" [stack: 0x00000027f2d00000,0x00000027f2e00000] [id=5780]
  0x000001cd51870090 ConcurrentGCThread "G1 Refine#0" [stack: 0x00000027f2e00000,0x00000027f2f00000] [id=21272]
  0x000001cd530c26c0 ConcurrentGCThread "G1 Refine#1" [stack: 0x00000027f3f00000,0x00000027f4000000] [id=9348]
  0x000001cd51870c20 ConcurrentGCThread "G1 Young RemSet Sampling" [stack: 0x00000027f2f00000,0x00000027f3000000] [id=13416]

Threads with active compile tasks:

VM state: at safepoint (normal execution)

VM Mutex/Monitor currently owned by a thread:  ([mutex/lock_event])
[0x000001cd3811be40] Threads_lock - owner thread: 0x000001cd51a3eb00
[0x000001cd3811adf0] Heap_lock - owner thread: 0x000001cd381711e0

Heap address: 0x0000000083800000, size: 1992 MB, Compressed Oops mode: 32-bit
CDS disabled.
Compressed class space mapped at: 0x0000000100000000-0x0000000140000000, size: 1073741824
Narrow klass base: 0x0000000000000000, Narrow klass shift: 3, Narrow klass range: 0x140000000

GC Precious Log:
 CPUs: 4 total, 4 available
 Memory: 7966M
 Large Page Support: Disabled
 NUMA Support: Disabled
 Compressed Oops: Enabled (32-bit)
 Heap Region Size: 1M
 Heap Min Capacity: 8M
 Heap Initial Capacity: 126M
 Heap Max Capacity: 1992M
 Pre-touch: Disabled
 Parallel Workers: 4
 Concurrent Workers: 1
 Concurrent Refinement Workers: 4
 Periodic GC: Disabled

Heap:
 garbage-first heap   total 163840K, used 96363K [0x0000000083800000, 0x0000000100000000)
  region size 1024K, 2 young (2048K), 1 survivors (1024K)
 Metaspace       used 24459K, capacity 24684K, committed 24832K, reserved 1071104K
  class space    used 2694K, capacity 2781K, committed 2816K, reserved 1048576K

Heap Regions: E=young(eden), S=young(survivor), O=old, HS=humongous(starts), HC=humongous(continues), CS=collection set, F=free, OA=open archive, CA=closed archive, TAMS=top-at-mark-start (previous, next)
|   0|0x0000000083800000, 0x0000000083900000, 0x0000000083900000|100%| O|  |TAMS 0x0000000083900000, 0x0000000083800000| Updating 
|   1|0x0000000083900000, 0x0000000083a00000, 0x0000000083a00000|100%| O|  |TAMS 0x0000000083a00000, 0x0000000083900000| Updating 
|   2|0x0000000083a00000, 0x0000000083b00000, 0x0000000083b00000|100%| O|  |TAMS 0x0000000083b00000, 0x0000000083a00000| Updating 
|   3|0x0000000083b00000, 0x0000000083bff000, 0x0000000083c00000| 99%| O|  |TAMS 0x0000000083bff000, 0x0000000083b00000| Updating 
|   4|0x0000000083c00000, 0x0000000083d00000, 0x0000000083d00000|100%| O|  |TAMS 0x0000000083d00000, 0x0000000083c00000| Updating 
|   5|0x0000000083d00000, 0x0000000083e00000, 0x0000000083e00000|100%| O|  |TAMS 0x0000000083e00000, 0x0000000083d00000| Updating 
|   6|0x0000000083e00000, 0x0000000083f00000, 0x0000000083f00000|100%| O|  |TAMS 0x0000000083f00000, 0x0000000083e00000| Updating 
|   7|0x0000000083f00000, 0x0000000084000000, 0x0000000084000000|100%| O|  |TAMS 0x0000000084000000, 0x0000000083f00000| Updating 
|   8|0x0000000084000000, 0x000000008404fa00, 0x0000000084100000| 31%| O|  |TAMS 0x000000008404fa00, 0x0000000084000000| Updating 
|   9|0x0000000084100000, 0x0000000084100000, 0x0000000084200000|  0%| F|  |TAMS 0x0000000084100000, 0x0000000084100000| Untracked 
|  10|0x0000000084200000, 0x0000000084200000, 0x0000000084300000|  0%| F|  |TAMS 0x0000000084200000, 0x0000000084200000| Untracked 
|  11|0x0000000084300000, 0x0000000084300000, 0x0000000084400000|  0%| F|  |TAMS 0x0000000084300000, 0x0000000084300000| Untracked 
|  12|0x0000000084400000, 0x0000000084400000, 0x0000000084500000|  0%| F|  |TAMS 0x0000000084400000, 0x0000000084400000| Untracked 
|  13|0x0000000084500000, 0x0000000084500000, 0x0000000084600000|  0%| F|  |TAMS 0x0000000084500000, 0x0000000084500000| Untracked 
|  14|0x0000000084600000, 0x0000000084700000, 0x0000000084700000|100%|HS|  |TAMS 0x0000000084700000, 0x0000000084600000| Complete 
|  15|0x0000000084700000, 0x0000000084800000, 0x0000000084800000|100%|HC|  |TAMS 0x0000000084800000, 0x0000000084700000| Complete 
|  16|0x0000000084800000, 0x0000000084900000, 0x0000000084900000|100%|HC|  |TAMS 0x0000000084900000, 0x0000000084800000| Complete 
|  17|0x0000000084900000, 0x0000000084a00000, 0x0000000084a00000|100%|HC|  |TAMS 0x0000000084a00000, 0x0000000084900000| Complete 
|  18|0x0000000084a00000, 0x0000000084b00000, 0x0000000084b00000|100%|HC|  |TAMS 0x0000000084b00000, 0x0000000084a00000| Complete 
|  19|0x0000000084b00000, 0x0000000084c00000, 0x0000000084c00000|100%|HC|  |TAMS 0x0000000084c00000, 0x0000000084b00000| Complete 
|  20|0x0000000084c00000, 0x0000000084d00000, 0x0000000084d00000|100%|HC|  |TAMS 0x0000000084d00000, 0x0000000084c00000| Complete 
|  21|0x0000000084d00000, 0x0000000084e00000, 0x0000000084e00000|100%|HC|  |TAMS 0x0000000084e00000, 0x0000000084d00000| Complete 
|  22|0x0000000084e00000, 0x0000000084f00000, 0x0000000084f00000|100%|HC|  |TAMS 0x0000000084f00000, 0x0000000084e00000| Complete 
|  23|0x0000000084f00000, 0x0000000085000000, 0x0000000085000000|100%|HC|  |TAMS 0x0000000085000000, 0x0000000084f00000| Complete 
|  24|0x0000000085000000, 0x0000000085100000, 0x0000000085100000|100%|HC|  |TAMS 0x0000000085100000, 0x0000000085000000| Complete 
|  25|0x0000000085100000, 0x0000000085200000, 0x0000000085200000|100%|HC|  |TAMS 0x0000000085200000, 0x0000000085100000| Complete 
|  26|0x0000000085200000, 0x0000000085300000, 0x0000000085300000|100%|HC|  |TAMS 0x0000000085300000, 0x0000000085200000| Complete 
|  27|0x0000000085300000, 0x0000000085400000, 0x0000000085400000|100%|HC|  |TAMS 0x0000000085400000, 0x0000000085300000| Complete 
|  28|0x0000000085400000, 0x0000000085500000, 0x0000000085500000|100%|HC|  |TAMS 0x0000000085500000, 0x0000000085400000| Complete 
|  29|0x0000000085500000, 0x0000000085600000, 0x0000000085600000|100%|HC|  |TAMS 0x0000000085600000, 0x0000000085500000| Complete 
|  30|0x0000000085600000, 0x0000000085700000, 0x0000000085700000|100%|HC|  |TAMS 0x0000000085700000, 0x0000000085600000| Complete 
|  31|0x0000000085700000, 0x0000000085700000, 0x0000000085800000|  0%| F|  |TAMS 0x0000000085700000, 0x0000000085700000| Untracked 
|  32|0x0000000085800000, 0x0000000085800000, 0x0000000085900000|  0%| F|  |TAMS 0x0000000085800000, 0x0000000085800000| Untracked 
|  33|0x0000000085900000, 0x0000000085900000, 0x0000000085a00000|  0%| F|  |TAMS 0x0000000085900000, 0x0000000085900000| Untracked 
|  34|0x0000000085a00000, 0x0000000085a00000, 0x0000000085b00000|  0%| F|  |TAMS 0x0000000085a00000, 0x0000000085a00000| Untracked 
|  35|0x0000000085b00000, 0x0000000085b00000, 0x0000000085c00000|  0%| F|  |TAMS 0x0000000085b00000, 0x0000000085b00000| Untracked 
|  36|0x0000000085c00000, 0x0000000085c00000, 0x0000000085d00000|  0%| F|  |TAMS 0x0000000085c00000, 0x0000000085c00000| Untracked 
|  37|0x0000000085d00000, 0x0000000085d00000, 0x0000000085e00000|  0%| F|  |TAMS 0x0000000085d00000, 0x0000000085d00000| Untracked 
|  38|0x0000000085e00000, 0x0000000085e00000, 0x0000000085f00000|  0%| F|  |TAMS 0x0000000085e00000, 0x0000000085e00000| Untracked 
|  39|0x0000000085f00000, 0x0000000085f00000, 0x0000000086000000|  0%| F|  |TAMS 0x0000000085f00000, 0x0000000085f00000| Untracked 
|  40|0x0000000086000000, 0x0000000086100000, 0x0000000086100000|100%|HS|  |TAMS 0x0000000086100000, 0x0000000086000000| Complete 
|  41|0x0000000086100000, 0x0000000086200000, 0x0000000086200000|100%|HC|  |TAMS 0x0000000086200000, 0x0000000086100000| Complete 
|  42|0x0000000086200000, 0x0000000086300000, 0x0000000086300000|100%|HC|  |TAMS 0x0000000086300000, 0x0000000086200000| Complete 
|  43|0x0000000086300000, 0x0000000086400000, 0x0000000086400000|100%|HC|  |TAMS 0x0000000086400000, 0x0000000086300000| Complete 
|  44|0x0000000086400000, 0x0000000086500000, 0x0000000086500000|100%|HC|  |TAMS 0x0000000086500000, 0x0000000086400000| Complete 
|  45|0x0000000086500000, 0x0000000086600000, 0x0000000086600000|100%|HC|  |TAMS 0x0000000086600000, 0x0000000086500000| Complete 
|  46|0x0000000086600000, 0x0000000086700000, 0x0000000086700000|100%|HC|  |TAMS 0x0000000086700000, 0x0000000086600000| Complete 
|  47|0x0000000086700000, 0x0000000086800000, 0x0000000086800000|100%|HC|  |TAMS 0x0000000086800000, 0x0000000086700000| Complete 
|  48|0x0000000086800000, 0x0000000086900000, 0x0000000086900000|100%|HC|  |TAMS 0x0000000086900000, 0x0000000086800000| Complete 
|  49|0x0000000086900000, 0x0000000086a00000, 0x0000000086a00000|100%|HC|  |TAMS 0x0000000086a00000, 0x0000000086900000| Complete 
|  50|0x0000000086a00000, 0x0000000086b00000, 0x0000000086b00000|100%|HC|  |TAMS 0x0000000086b00000, 0x0000000086a00000| Complete 
|  51|0x0000000086b00000, 0x0000000086c00000, 0x0000000086c00000|100%|HC|  |TAMS 0x0000000086c00000, 0x0000000086b00000| Complete 
|  52|0x0000000086c00000, 0x0000000086d00000, 0x0000000086d00000|100%|HC|  |TAMS 0x0000000086d00000, 0x0000000086c00000| Complete 
|  53|0x0000000086d00000, 0x0000000086e00000, 0x0000000086e00000|100%|HC|  |TAMS 0x0000000086e00000, 0x0000000086d00000| Complete 
|  54|0x0000000086e00000, 0x0000000086f00000, 0x0000000086f00000|100%|HC|  |TAMS 0x0000000086f00000, 0x0000000086e00000| Complete 
|  55|0x0000000086f00000, 0x0000000087000000, 0x0000000087000000|100%|HC|  |TAMS 0x0000000087000000, 0x0000000086f00000| Complete 
|  56|0x0000000087000000, 0x0000000087100000, 0x0000000087100000|100%|HC|  |TAMS 0x0000000087100000, 0x0000000087000000| Complete 
|  57|0x0000000087100000, 0x0000000087200000, 0x0000000087200000|100%|HS|  |TAMS 0x0000000087200000, 0x0000000087100000| Complete 
|  58|0x0000000087200000, 0x0000000087300000, 0x0000000087300000|100%|HC|  |TAMS 0x0000000087300000, 0x0000000087200000| Complete 
|  59|0x0000000087300000, 0x0000000087400000, 0x0000000087400000|100%|HC|  |TAMS 0x0000000087400000, 0x0000000087300000| Complete 
|  60|0x0000000087400000, 0x0000000087500000, 0x0000000087500000|100%|HC|  |TAMS 0x0000000087500000, 0x0000000087400000| Complete 
|  61|0x0000000087500000, 0x0000000087600000, 0x0000000087600000|100%|HC|  |TAMS 0x0000000087600000, 0x0000000087500000| Complete 
|  62|0x0000000087600000, 0x0000000087700000, 0x0000000087700000|100%|HC|  |TAMS 0x0000000087700000, 0x0000000087600000| Complete 
|  63|0x0000000087700000, 0x0000000087800000, 0x0000000087800000|100%|HC|  |TAMS 0x0000000087800000, 0x0000000087700000| Complete 
|  64|0x0000000087800000, 0x0000000087900000, 0x0000000087900000|100%|HC|  |TAMS 0x0000000087900000, 0x0000000087800000| Complete 
|  65|0x0000000087900000, 0x0000000087a00000, 0x0000000087a00000|100%|HC|  |TAMS 0x0000000087a00000, 0x0000000087900000| Complete 
|  66|0x0000000087a00000, 0x0000000087b00000, 0x0000000087b00000|100%|HC|  |TAMS 0x0000000087b00000, 0x0000000087a00000| Complete 
|  67|0x0000000087b00000, 0x0000000087c00000, 0x0000000087c00000|100%|HC|  |TAMS 0x0000000087c00000, 0x0000000087b00000| Complete 
|  68|0x0000000087c00000, 0x0000000087d00000, 0x0000000087d00000|100%|HC|  |TAMS 0x0000000087d00000, 0x0000000087c00000| Complete 
|  69|0x0000000087d00000, 0x0000000087e00000, 0x0000000087e00000|100%|HC|  |TAMS 0x0000000087e00000, 0x0000000087d00000| Complete 
|  70|0x0000000087e00000, 0x0000000087f00000, 0x0000000087f00000|100%|HC|  |TAMS 0x0000000087f00000, 0x0000000087e00000| Complete 
|  71|0x0000000087f00000, 0x0000000088000000, 0x0000000088000000|100%|HC|  |TAMS 0x0000000088000000, 0x0000000087f00000| Complete 
|  72|0x0000000088000000, 0x0000000088100000, 0x0000000088100000|100%|HC|  |TAMS 0x0000000088100000, 0x0000000088000000| Complete 
|  73|0x0000000088100000, 0x0000000088200000, 0x0000000088200000|100%|HC|  |TAMS 0x0000000088200000, 0x0000000088100000| Complete 
|  74|0x0000000088200000, 0x0000000088300000, 0x0000000088300000|100%|HS|  |TAMS 0x0000000088300000, 0x0000000088200000| Complete 
|  75|0x0000000088300000, 0x0000000088400000, 0x0000000088400000|100%|HC|  |TAMS 0x0000000088400000, 0x0000000088300000| Complete 
|  76|0x0000000088400000, 0x0000000088500000, 0x0000000088500000|100%|HC|  |TAMS 0x0000000088500000, 0x0000000088400000| Complete 
|  77|0x0000000088500000, 0x0000000088600000, 0x0000000088600000|100%|HC|  |TAMS 0x0000000088600000, 0x0000000088500000| Complete 
|  78|0x0000000088600000, 0x0000000088700000, 0x0000000088700000|100%|HC|  |TAMS 0x0000000088700000, 0x0000000088600000| Complete 
|  79|0x0000000088700000, 0x0000000088800000, 0x0000000088800000|100%|HC|  |TAMS 0x0000000088800000, 0x0000000088700000| Complete 
|  80|0x0000000088800000, 0x0000000088900000, 0x0000000088900000|100%|HC|  |TAMS 0x0000000088900000, 0x0000000088800000| Complete 
|  81|0x0000000088900000, 0x0000000088a00000, 0x0000000088a00000|100%|HC|  |TAMS 0x0000000088a00000, 0x0000000088900000| Complete 
|  82|0x0000000088a00000, 0x0000000088b00000, 0x0000000088b00000|100%|HC|  |TAMS 0x0000000088b00000, 0x0000000088a00000| Complete 
|  83|0x0000000088b00000, 0x0000000088c00000, 0x0000000088c00000|100%|HC|  |TAMS 0x0000000088c00000, 0x0000000088b00000| Complete 
|  84|0x0000000088c00000, 0x0000000088d00000, 0x0000000088d00000|100%|HC|  |TAMS 0x0000000088d00000, 0x0000000088c00000| Complete 
|  85|0x0000000088d00000, 0x0000000088e00000, 0x0000000088e00000|100%|HC|  |TAMS 0x0000000088e00000, 0x0000000088d00000| Complete 
|  86|0x0000000088e00000, 0x0000000088f00000, 0x0000000088f00000|100%|HC|  |TAMS 0x0000000088f00000, 0x0000000088e00000| Complete 
|  87|0x0000000088f00000, 0x0000000089000000, 0x0000000089000000|100%|HC|  |TAMS 0x0000000089000000, 0x0000000088f00000| Complete 
|  88|0x0000000089000000, 0x0000000089100000, 0x0000000089100000|100%|HC|  |TAMS 0x0000000089100000, 0x0000000089000000| Complete 
|  89|0x0000000089100000, 0x0000000089200000, 0x0000000089200000|100%|HC|  |TAMS 0x0000000089200000, 0x0000000089100000| Complete 
|  90|0x0000000089200000, 0x0000000089300000, 0x0000000089300000|100%|HC|  |TAMS 0x0000000089300000, 0x0000000089200000| Complete 
|  91|0x0000000089300000, 0x0000000089400000, 0x0000000089400000|100%|HS|  |TAMS 0x0000000089300000, 0x0000000089300000| Complete 
|  92|0x0000000089400000, 0x0000000089500000, 0x0000000089500000|100%|HC|  |TAMS 0x0000000089400000, 0x0000000089400000| Complete 
|  93|0x0000000089500000, 0x0000000089600000, 0x0000000089600000|100%|HC|  |TAMS 0x0000000089500000, 0x0000000089500000| Complete 
|  94|0x0000000089600000, 0x0000000089700000, 0x0000000089700000|100%|HC|  |TAMS 0x0000000089600000, 0x0000000089600000| Complete 
|  95|0x0000000089700000, 0x0000000089800000, 0x0000000089800000|100%|HC|  |TAMS 0x0000000089700000, 0x0000000089700000| Complete 
|  96|0x0000000089800000, 0x0000000089900000, 0x0000000089900000|100%|HC|  |TAMS 0x0000000089800000, 0x0000000089800000| Complete 
|  97|0x0000000089900000, 0x0000000089a00000, 0x0000000089a00000|100%|HC|  |TAMS 0x0000000089900000, 0x0000000089900000| Complete 
|  98|0x0000000089a00000, 0x0000000089b00000, 0x0000000089b00000|100%|HC|  |TAMS 0x0000000089a00000, 0x0000000089a00000| Complete 
|  99|0x0000000089b00000, 0x0000000089c00000, 0x0000000089c00000|100%|HC|  |TAMS 0x0000000089b00000, 0x0000000089b00000| Complete 
| 100|0x0000000089c00000, 0x0000000089d00000, 0x0000000089d00000|100%|HC|  |TAMS 0x0000000089c00000, 0x0000000089c00000| Complete 
| 101|0x0000000089d00000, 0x0000000089e00000, 0x0000000089e00000|100%|HC|  |TAMS 0x0000000089d00000, 0x0000000089d00000| Complete 
| 102|0x0000000089e00000, 0x0000000089f00000, 0x0000000089f00000|100%|HC|  |TAMS 0x0000000089e00000, 0x0000000089e00000| Complete 
| 103|0x0000000089f00000, 0x000000008a000000, 0x000000008a000000|100%|HC|  |TAMS 0x0000000089f00000, 0x0000000089f00000| Complete 
| 104|0x000000008a000000, 0x000000008a100000, 0x000000008a100000|100%|HC|  |TAMS 0x000000008a000000, 0x000000008a000000| Complete 
| 105|0x000000008a100000, 0x000000008a200000, 0x000000008a200000|100%|HC|  |TAMS 0x000000008a100000, 0x000000008a100000| Complete 
| 106|0x000000008a200000, 0x000000008a300000, 0x000000008a300000|100%|HC|  |TAMS 0x000000008a200000, 0x000000008a200000| Complete 
| 107|0x000000008a300000, 0x000000008a400000, 0x000000008a400000|100%|HC|  |TAMS 0x000000008a300000, 0x000000008a300000| Complete 
| 108|0x000000008a400000, 0x000000008a400000, 0x000000008a500000|  0%| F|  |TAMS 0x000000008a400000, 0x000000008a400000| Untracked 
| 109|0x000000008a500000, 0x000000008a500000, 0x000000008a600000|  0%| F|  |TAMS 0x000000008a500000, 0x000000008a500000| Untracked 
| 110|0x000000008a600000, 0x000000008a600000, 0x000000008a700000|  0%| F|  |TAMS 0x000000008a600000, 0x000000008a600000| Untracked 
| 111|0x000000008a700000, 0x000000008a700000, 0x000000008a800000|  0%| F|  |TAMS 0x000000008a700000, 0x000000008a700000| Untracked 
| 112|0x000000008a800000, 0x000000008a800000, 0x000000008a900000|  0%| F|  |TAMS 0x000000008a800000, 0x000000008a800000| Untracked 
| 113|0x000000008a900000, 0x000000008a900000, 0x000000008aa00000|  0%| F|  |TAMS 0x000000008a900000, 0x000000008a900000| Untracked 
| 114|0x000000008aa00000, 0x000000008aa00000, 0x000000008ab00000|  0%| F|  |TAMS 0x000000008aa00000, 0x000000008aa00000| Untracked 
| 115|0x000000008ab00000, 0x000000008ab00000, 0x000000008ac00000|  0%| F|  |TAMS 0x000000008ab00000, 0x000000008ab00000| Untracked 
| 116|0x000000008ac00000, 0x000000008ac00000, 0x000000008ad00000|  0%| F|  |TAMS 0x000000008ac00000, 0x000000008ac00000| Untracked 
| 117|0x000000008ad00000, 0x000000008ad00000, 0x000000008ae00000|  0%| F|  |TAMS 0x000000008ad00000, 0x000000008ad00000| Untracked 
| 118|0x000000008ae00000, 0x000000008ae00000, 0x000000008af00000|  0%| F|  |TAMS 0x000000008ae00000, 0x000000008ae00000| Untracked 
| 119|0x000000008af00000, 0x000000008af00000, 0x000000008b000000|  0%| F|  |TAMS 0x000000008af00000, 0x000000008af00000| Untracked 
| 120|0x000000008b000000, 0x000000008b000000, 0x000000008b100000|  0%| F|  |TAMS 0x000000008b000000, 0x000000008b000000| Untracked 
| 121|0x000000008b100000, 0x000000008b100000, 0x000000008b200000|  0%| F|  |TAMS 0x000000008b100000, 0x000000008b100000| Untracked 
| 122|0x000000008b200000, 0x000000008b200000, 0x000000008b300000|  0%| F|  |TAMS 0x000000008b200000, 0x000000008b200000| Untracked 
| 123|0x000000008b300000, 0x000000008b300000, 0x000000008b400000|  0%| F|  |TAMS 0x000000008b300000, 0x000000008b300000| Untracked 
| 124|0x000000008b400000, 0x000000008b400000, 0x000000008b500000|  0%| F|  |TAMS 0x000000008b400000, 0x000000008b400000| Untracked 
| 125|0x000000008b500000, 0x000000008b500000, 0x000000008b600000|  0%| F|  |TAMS 0x000000008b500000, 0x000000008b500000| Untracked 
| 126|0x000000008b600000, 0x000000008b600000, 0x000000008b700000|  0%| F|  |TAMS 0x000000008b600000, 0x000000008b600000| Untracked 
| 127|0x000000008b700000, 0x000000008b700000, 0x000000008b800000|  0%| F|  |TAMS 0x000000008b700000, 0x000000008b700000| Untracked 
| 128|0x000000008b800000, 0x000000008b800000, 0x000000008b900000|  0%| F|  |TAMS 0x000000008b800000, 0x000000008b800000| Untracked 
| 129|0x000000008b900000, 0x000000008b900000, 0x000000008ba00000|  0%| F|  |TAMS 0x000000008b900000, 0x000000008b900000| Untracked 
| 130|0x000000008ba00000, 0x000000008ba1a9a8, 0x000000008bb00000| 10%| E|  |TAMS 0x000000008ba00000, 0x000000008ba00000| Complete 
| 131|0x000000008bb00000, 0x000000008bbcc340, 0x000000008bc00000| 79%| S|CS|TAMS 0x000000008bb00000, 0x000000008bb00000| Complete 

Card table byte_map: [0x000001cd4af10000,0x000001cd4b300000] _byte_map_base: 0x000001cd4aaf4000

Marking Bits (Prev, Next): (CMBitMap*) 0x000001cd38160e80, (CMBitMap*) 0x000001cd38160ec0
 Prev Bits: [0x000001cd4b6f0000, 0x000001cd4d610000)
 Next Bits: [0x000001cd4d610000, 0x000001cd4f530000)

Polling page: 0x000001cd35ec0000

Metaspace:

Usage:
  Non-class:     21.39 MB capacity,    21.25 MB (>99%) used,   111.41 KB ( <1%) free+waste,    27.00 KB ( <1%) overhead. 
      Class:      2.72 MB capacity,     2.63 MB ( 97%) used,    76.65 KB (  3%) free+waste,     9.63 KB ( <1%) overhead. 
       Both:     24.11 MB capacity,    23.89 MB (>99%) used,   188.05 KB ( <1%) free+waste,    36.63 KB ( <1%) overhead. 

Virtual space:
  Non-class space:       22.00 MB reserved,      21.50 MB ( 98%) committed 
      Class space:        1.00 GB reserved,       2.75 MB ( <1%) committed 
             Both:        1.02 GB reserved,      24.25 MB (  2%) committed 

Chunk freelists:
   Non-Class:  49.00 KB
       Class:  3.00 KB
        Both:  52.00 KB

MaxMetaspaceSize: 17179869184.00 GB
CompressedClassSpaceSize: 1.00 GB

CodeHeap 'non-profiled nmethods': size=120000Kb used=676Kb max_used=676Kb free=119323Kb
 bounds [0x000001cd435f0000, 0x000001cd43860000, 0x000001cd4ab20000]
CodeHeap 'profiled nmethods': size=120000Kb used=3133Kb max_used=3133Kb free=116866Kb
 bounds [0x000001cd3c0c0000, 0x000001cd3c3d0000, 0x000001cd435f0000]
CodeHeap 'non-nmethods': size=5760Kb used=1251Kb max_used=1290Kb free=4509Kb
 bounds [0x000001cd3bb20000, 0x000001cd3bd90000, 0x000001cd3c0c0000]
 total_blobs=2284 nmethods=1762 adapters=434
 compilation: enabled
              stopped_count=0, restarted_count=0
 full_count=0

Compilation events (20 events):
Event: 18.476 Thread 0x000001cd52317980 1753       3       java.lang.reflect.AccessibleObject::isAnnotationPresent (6 bytes)
Event: 18.476 Thread 0x000001cd52317980 nmethod 1753 0x000001cd3c3cbc90 code [0x000001cd3c3cbe40, 0x000001cd3c3cc0a8]
Event: 18.476 Thread 0x000001cd52317980 1754       3       java.lang.reflect.Method::getAnnotation (6 bytes)
Event: 18.477 Thread 0x000001cd52317980 nmethod 1754 0x000001cd3c3cc190 code [0x000001cd3c3cc3a0, 0x000001cd3c3cca88]
Event: 18.477 Thread 0x000001cd52317980 1757       3       io.netty.buffer.PoolThreadCache$MemoryRegionCache::<init> (29 bytes)
Event: 18.477 Thread 0x000001cd52317980 nmethod 1757 0x000001cd3c3ccd10 code [0x000001cd3c3ccf40, 0x000001cd3c3cd798]
Event: 18.477 Thread 0x000001cd52317980 1756       1       java.util.concurrent.atomic.AtomicInteger::get (5 bytes)
Event: 18.477 Thread 0x000001cd52317980 nmethod 1756 0x000001cd43698c10 code [0x000001cd43698da0, 0x000001cd43698e58]
Event: 18.477 Thread 0x000001cd52317980 1758       3       io.netty.util.internal.PlatformDependent::newFixedMpscQueue (26 bytes)
Event: 18.478 Thread 0x000001cd52317980 nmethod 1758 0x000001cd3c3cdb10 code [0x000001cd3c3cdd00, 0x000001cd3c3ce268]
Event: 18.478 Thread 0x000001cd52317980 1759       3       io.netty.util.internal.shaded.org.jctools.queues.MpscArrayQueue::<init> (6 bytes)
Event: 18.478 Thread 0x000001cd52317980 nmethod 1759 0x000001cd3c3ce490 code [0x000001cd3c3ce660, 0x000001cd3c3cea88]
Event: 18.478 Thread 0x000001cd52317980 1755       1       io.netty.channel.nio.AbstractNioChannel::javaChannel (5 bytes)
Event: 18.478 Thread 0x000001cd52317980 nmethod 1755 0x000001cd43698f10 code [0x000001cd436990a0, 0x000001cd43699158]
Event: 18.487 Thread 0x000001cd52317980 1760       3       sun.misc.Unsafe::getInt (9 bytes)
Event: 18.487 Thread 0x000001cd52317980 nmethod 1760 0x000001cd3c3cec90 code [0x000001cd3c3cee20, 0x000001cd3c3cef18]
Event: 18.487 Thread 0x000001cd52317980 1761       3       io.netty.buffer.AbstractReferenceCountedByteBuf$1::unsafeOffset (4 bytes)
Event: 18.489 Thread 0x000001cd52317980 nmethod 1761 0x000001cd3c3cef90 code [0x000001cd3c3cf120, 0x000001cd3c3cf278]
Event: 18.489 Thread 0x000001cd52317980 1762       3       io.netty.buffer.AbstractReferenceCountedByteBuf::access$100 (4 bytes)
Event: 18.489 Thread 0x000001cd52317980 nmethod 1762 0x000001cd3c3cf310 code [0x000001cd3c3cf4a0, 0x000001cd3c3cf598]

GC Heap History (16 events):
Event: 0.696 GC heap before
{Heap before GC invocations=0 (full 0):
 garbage-first heap   total 129024K, used 12288K [0x0000000083800000, 0x0000000100000000)
  region size 1024K, 13 young (13312K), 0 survivors (0K)
 Metaspace       used 11161K, capacity 11262K, committed 11392K, reserved 1058816K
  class space    used 1095K, capacity 1150K, committed 1152K, reserved 1048576K
}
Event: 0.701 GC heap after
{Heap after GC invocations=1 (full 0):
 garbage-first heap   total 129024K, used 4272K [0x0000000083800000, 0x0000000100000000)
  region size 1024K, 2 young (2048K), 2 survivors (2048K)
 Metaspace       used 11161K, capacity 11262K, committed 11392K, reserved 1058816K
  class space    used 1095K, capacity 1150K, committed 1152K, reserved 1048576K
}
Event: 1.116 GC heap before
{Heap before GC invocations=1 (full 0):
 garbage-first heap   total 129024K, used 16560K [0x0000000083800000, 0x0000000100000000)
  region size 1024K, 14 young (14336K), 2 survivors (2048K)
 Metaspace       used 15957K, capacity 16156K, committed 16256K, reserved 1064960K
  class space    used 1596K, capacity 1647K, committed 1664K, reserved 1048576K
}
Event: 1.119 GC heap after
{Heap after GC invocations=2 (full 0):
 garbage-first heap   total 129024K, used 5857K [0x0000000083800000, 0x0000000100000000)
  region size 1024K, 2 young (2048K), 2 survivors (2048K)
 Metaspace       used 15957K, capacity 16156K, committed 16256K, reserved 1064960K
  class space    used 1596K, capacity 1647K, committed 1664K, reserved 1048576K
}
Event: 1.947 GC heap before
{Heap before GC invocations=2 (full 0):
 garbage-first heap   total 129024K, used 20193K [0x0000000083800000, 0x0000000100000000)
  region size 1024K, 17 young (17408K), 2 survivors (2048K)
 Metaspace       used 20758K, capacity 20988K, committed 21248K, reserved 1069056K
  class space    used 2226K, capacity 2276K, committed 2304K, reserved 1048576K
}
Event: 1.950 GC heap after
{Heap after GC invocations=3 (full 0):
 garbage-first heap   total 129024K, used 6997K [0x0000000083800000, 0x0000000100000000)
  region size 1024K, 3 young (3072K), 3 survivors (3072K)
 Metaspace       used 20758K, capacity 20988K, committed 21248K, reserved 1069056K
  class space    used 2226K, capacity 2276K, committed 2304K, reserved 1048576K
}
Event: 2.156 GC heap before
{Heap before GC invocations=4 (full 0):
 garbage-first heap   total 27648K, used 16213K [0x0000000083800000, 0x0000000100000000)
  region size 1024K, 13 young (13312K), 3 survivors (3072K)
 Metaspace       used 23133K, capacity 23378K, committed 23424K, reserved 1071104K
  class space    used 2553K, capacity 2645K, committed 2688K, reserved 1048576K
}
Event: 2.159 GC heap after
{Heap after GC invocations=5 (full 0):
 garbage-first heap   total 27648K, used 7771K [0x0000000083800000, 0x0000000100000000)
  region size 1024K, 4 young (4096K), 4 survivors (4096K)
 Metaspace       used 23133K, capacity 23378K, committed 23424K, reserved 1071104K
  class space    used 2553K, capacity 2645K, committed 2688K, reserved 1048576K
}
Event: 5.737 GC heap before
{Heap before GC invocations=6 (full 0):
 garbage-first heap   total 45056K, used 28251K [0x0000000083800000, 0x0000000100000000)
  region size 1024K, 8 young (8192K), 4 survivors (4096K)
 Metaspace       used 24333K, capacity 24588K, committed 24832K, reserved 1071104K
  class space    used 2681K, capacity 2749K, committed 2816K, reserved 1048576K
}
Event: 5.741 GC heap after
{Heap after GC invocations=7 (full 0):
 garbage-first heap   total 45056K, used 26041K [0x0000000083800000, 0x0000000100000000)
  region size 1024K, 2 young (2048K), 2 survivors (2048K)
 Metaspace       used 24333K, capacity 24588K, committed 24832K, reserved 1071104K
  class space    used 2681K, capacity 2749K, committed 2816K, reserved 1048576K
}
Event: 16.250 GC heap before
{Heap before GC invocations=8 (full 0):
 garbage-first heap   total 73728K, used 43449K [0x0000000083800000, 0x0000000100000000)
  region size 1024K, 3 young (3072K), 2 survivors (2048K)
 Metaspace       used 24392K, capacity 24684K, committed 24832K, reserved 1071104K
  class space    used 2689K, capacity 2781K, committed 2816K, reserved 1048576K
}
Event: 16.252 GC heap after
{Heap after GC invocations=9 (full 0):
 garbage-first heap   total 73728K, used 43718K [0x0000000083800000, 0x0000000100000000)
  region size 1024K, 2 young (2048K), 2 survivors (2048K)
 Metaspace       used 24392K, capacity 24684K, committed 24832K, reserved 1071104K
  class space    used 2689K, capacity 2781K, committed 2816K, reserved 1048576K
}
Event: 18.417 GC heap before
{Heap before GC invocations=10 (full 0):
 garbage-first heap   total 106496K, used 61126K [0x0000000083800000, 0x0000000100000000)
  region size 1024K, 3 young (3072K), 2 survivors (2048K)
 Metaspace       used 24436K, capacity 24684K, committed 24832K, reserved 1071104K
  class space    used 2694K, capacity 2781K, committed 2816K, reserved 1048576K
}
Event: 18.419 GC heap after
{Heap after GC invocations=11 (full 0):
 garbage-first heap   total 106496K, used 61363K [0x0000000083800000, 0x0000000100000000)
  region size 1024K, 1 young (1024K), 1 survivors (1024K)
 Metaspace       used 24436K, capacity 24684K, committed 24832K, reserved 1071104K
  class space    used 2694K, capacity 2781K, committed 2816K, reserved 1048576K
}
Event: 18.487 GC heap before
{Heap before GC invocations=12 (full 0):
 garbage-first heap   total 135168K, used 78771K [0x0000000083800000, 0x0000000100000000)
  region size 1024K, 2 young (2048K), 1 survivors (1024K)
 Metaspace       used 24458K, capacity 24684K, committed 24832K, reserved 1071104K
  class space    used 2694K, capacity 2781K, committed 2816K, reserved 1048576K
}
Event: 18.489 GC heap after
{Heap after GC invocations=13 (full 0):
 garbage-first heap   total 135168K, used 78955K [0x0000000083800000, 0x0000000100000000)
  region size 1024K, 1 young (1024K), 1 survivors (1024K)
 Metaspace       used 24458K, capacity 24684K, committed 24832K, reserved 1071104K
  class space    used 2694K, capacity 2781K, committed 2816K, reserved 1048576K
}

Deoptimization events (20 events):
Event: 1.863 Thread 0x000001cd381204c0 Uncommon trap: trap_request=0xffffffde fr.pc=0x000001cd436454b0 relative=0x00000000000003f0
Event: 1.863 Thread 0x000001cd381204c0 Uncommon trap: reason=class_check action=maybe_recompile pc=0x000001cd436454b0 method=java.util.HashSet.iterator()Ljava/util/Iterator; @ 4 c2
Event: 1.863 Thread 0x000001cd381204c0 DEOPT PACKING pc=0x000001cd436454b0 sp=0x00000027f2afdde0
Event: 1.863 Thread 0x000001cd381204c0 DEOPT UNPACKING pc=0x000001cd3bb6e42f sp=0x00000027f2afddb0 mode 2
Event: 1.864 Thread 0x000001cd381204c0 Uncommon trap: trap_request=0xffffffde fr.pc=0x000001cd436454b0 relative=0x00000000000003f0
Event: 1.864 Thread 0x000001cd381204c0 Uncommon trap: reason=class_check action=maybe_recompile pc=0x000001cd436454b0 method=java.util.HashSet.iterator()Ljava/util/Iterator; @ 4 c2
Event: 1.864 Thread 0x000001cd381204c0 DEOPT PACKING pc=0x000001cd436454b0 sp=0x00000027f2afdde0
Event: 1.864 Thread 0x000001cd381204c0 DEOPT UNPACKING pc=0x000001cd3bb6e42f sp=0x00000027f2afddb0 mode 2
Event: 5.653 Thread 0x000001cd381204c0 DEOPT PACKING pc=0x000001cd3c2e5461 sp=0x00000027f2afd640
Event: 5.653 Thread 0x000001cd381204c0 DEOPT UNPACKING pc=0x000001cd3bb6e23f sp=0x00000027f2afcb50 mode 0
Event: 5.674 Thread 0x000001cd381204c0 Uncommon trap: trap_request=0xffffff45 fr.pc=0x000001cd43640984 relative=0x0000000000001064
Event: 5.674 Thread 0x000001cd381204c0 Uncommon trap: reason=unstable_if action=reinterpret pc=0x000001cd43640984 method=java.util.concurrent.ConcurrentHashMap.putVal(Ljava/lang/Object;Ljava/lang/Object;Z)Ljava/lang/Object; @ 256 c2
Event: 5.674 Thread 0x000001cd381204c0 DEOPT PACKING pc=0x000001cd43640984 sp=0x00000027f2afe460
Event: 5.674 Thread 0x000001cd381204c0 DEOPT UNPACKING pc=0x000001cd3bb6e42f sp=0x00000027f2afe3d8 mode 2
Event: 5.696 Thread 0x000001cd381204c0 DEOPT PACKING pc=0x000001cd3c2e5482 sp=0x00000027f2afd950
Event: 5.696 Thread 0x000001cd381204c0 DEOPT UNPACKING pc=0x000001cd3bb6e23f sp=0x00000027f2afce60 mode 0
Event: 5.753 Thread 0x000001cd534686f0 Uncommon trap: trap_request=0xffffff45 fr.pc=0x000001cd4364a354 relative=0x00000000000001b4
Event: 5.753 Thread 0x000001cd534686f0 Uncommon trap: reason=unstable_if action=reinterpret pc=0x000001cd4364a354 method=java.io.ByteArrayInputStream.read()I @ 8 c2
Event: 5.753 Thread 0x000001cd534686f0 DEOPT PACKING pc=0x000001cd4364a354 sp=0x00000027f49fe140
Event: 5.753 Thread 0x000001cd534686f0 DEOPT UNPACKING pc=0x000001cd3bb6e42f sp=0x00000027f49fe0f8 mode 2

Classes unloaded (0 events):
No events

Classes redefined (0 events):
No events

Internal exceptions (20 events):
Event: 1.236 Thread 0x000001cd53158640 Exception <a 'java/lang/NoSuchMethodError'{0x000000008af8d1a8}: 'java.lang.Object java.lang.invoke.Invokers$Holder.linkToTargetMethod(java.lang.Object, long, java.lang.Object)'> (0x000000008af8d1a8) 
thrown [./open/src/hotspot/share/interpreter/linkResolver.cpp, line 782]
Event: 1.744 Thread 0x000001cd53158b10 Exception <a 'java/net/SocketException'{0x000000008afb9b18}: Socket is not connected: shutdown> (0x000000008afb9b18) 
thrown [./open/src/hotspot/share/prims/jni.cpp, line 599]
Event: 1.774 Thread 0x000001cd381204c0 Exception <a 'java/lang/NoSuchMethodError'{0x000000008ae18388}: 'java.lang.Object java.lang.invoke.DirectMethodHandle$Holder.invokeInterface(java.lang.Object, java.lang.Object, java.lang.Object)'> (0x000000008ae18388) 
thrown [./open/src/hotspot/share/interpreter/linkResolver.cpp, line 782]
Event: 1.774 Thread 0x000001cd381204c0 Exception <a 'java/lang/IncompatibleClassChangeError'{0x000000008ae1b9a8}: Found class java.lang.Object, but interface was expected> (0x000000008ae1b9a8) 
thrown [./open/src/hotspot/share/interpreter/linkResolver.cpp, line 848]
Event: 1.776 Thread 0x000001cd381204c0 Exception <a 'java/lang/NoSuchMethodError'{0x000000008ae24680}: 'int java.lang.invoke.DirectMethodHandle$Holder.invokeSpecialIFC(java.lang.Object, java.lang.Object, java.lang.Object, java.lang.Object)'> (0x000000008ae24680) 
thrown [./open/src/hotspot/share/interpreter/linkResolver.cpp, line 782]
Event: 1.777 Thread 0x000001cd381204c0 Exception <a 'java/lang/NoSuchMethodError'{0x000000008ae2d290}: 'java.lang.Object java.lang.invoke.DirectMethodHandle$Holder.invokeInterface(java.lang.Object, java.lang.Object, java.lang.Object, java.lang.Object)'> (0x000000008ae2d290) 
thrown [./open/src/hotspot/share/interpreter/linkResolver.cpp, line 782]
Event: 1.782 Thread 0x000001cd381204c0 Exception <a 'java/lang/NoSuchMethodError'{0x000000008ae54d10}: 'java.lang.Object java.lang.invoke.DirectMethodHandle$Holder.invokeVirtual(java.lang.Object, java.lang.Object, java.lang.Object)'> (0x000000008ae54d10) 
thrown [./open/src/hotspot/share/interpreter/linkResolver.cpp, line 782]
Event: 1.792 Thread 0x000001cd381204c0 Exception <a 'java/lang/NoSuchMethodError'{0x000000008aecc668}: 'void java.lang.invoke.DirectMethodHandle$Holder.invokeInterface(java.lang.Object, java.lang.Object, java.lang.Object)'> (0x000000008aecc668) 
thrown [./open/src/hotspot/share/interpreter/linkResolver.cpp, line 782]
Event: 1.802 Thread 0x000001cd381204c0 Exception <a 'java/lang/NoSuchMethodError'{0x000000008ad05c00}: 'int java.lang.invoke.DirectMethodHandle$Holder.invokeVirtual(java.lang.Object, java.lang.Object)'> (0x000000008ad05c00) 
thrown [./open/src/hotspot/share/interpreter/linkResolver.cpp, line 782]
Event: 1.803 Thread 0x000001cd381204c0 Exception <a 'java/lang/NoSuchMethodError'{0x000000008ad0c450}: 'double java.lang.invoke.DirectMethodHandle$Holder.invokeVirtual(java.lang.Object, java.lang.Object)'> (0x000000008ad0c450) 
thrown [./open/src/hotspot/share/interpreter/linkResolver.cpp, line 782]
Event: 1.803 Thread 0x000001cd381204c0 Exception <a 'java/lang/NoSuchMethodError'{0x000000008ad12f88}: 'float java.lang.invoke.DirectMethodHandle$Holder.invokeVirtual(java.lang.Object, java.lang.Object)'> (0x000000008ad12f88) 
thrown [./open/src/hotspot/share/interpreter/linkResolver.cpp, line 782]
Event: 1.804 Thread 0x000001cd381204c0 Exception <a 'java/lang/NoSuchMethodError'{0x000000008ad1c6d8}: 'long java.lang.invoke.DirectMethodHandle$Holder.invokeVirtual(java.lang.Object, java.lang.Object)'> (0x000000008ad1c6d8) 
thrown [./open/src/hotspot/share/interpreter/linkResolver.cpp, line 782]
Event: 1.809 Thread 0x000001cd381204c0 Exception <a 'java/lang/NoSuchMethodError'{0x000000008ad48548}: 'void java.lang.invoke.DirectMethodHandle$Holder.invokeStatic(java.lang.Object, java.lang.Object, java.lang.Object)'> (0x000000008ad48548) 
thrown [./open/src/hotspot/share/interpreter/linkResolver.cpp, line 782]
Event: 1.838 Thread 0x000001cd381204c0 Exception <a 'java/lang/NoSuchMethodError'{0x000000008ac7e0a8}: 'void java.lang.invoke.DirectMethodHandle$Holder.invokeSpecial(java.lang.Object, java.lang.Object, java.lang.Object, java.lang.Object, java.lang.Object)'> (0x000000008ac7e0a8) 
thrown [./open/src/hotspot/share/interpreter/linkResolver.cpp, line 782]
Event: 1.862 Thread 0x000001cd381204c0 Exception <a 'java/lang/NoSuchMethodError'{0x000000008ab5f658}: 'java.lang.Object java.lang.invoke.DirectMethodHandle$Holder.newInvokeSpecial(java.lang.Object, java.lang.Object, java.lang.Object, java.lang.Object, java.lang.Object)'> (0x000000008ab5f658) 
thrown [./open/src/hotspot/share/interpreter/linkResolver.cpp, line 782]
Event: 1.886 Thread 0x000001cd381204c0 Exception <a 'java/lang/NoSuchMethodError'{0x000000008aa858f0}: 'java.lang.Object java.lang.invoke.Invokers$Holder.invokeExact_MT(java.lang.Object, java.lang.Object, java.lang.Object, java.lang.Object, java.lang.Object, java.lang.Object)'> (0x000000008aa858f0) 
thrown [./open/src/hotspot/share/interpreter/linkResolver.cpp, line 782]
Event: 1.960 Thread 0x000001cd381204c0 Exception <a 'java/lang/NoSuchMethodError'{0x000000008b5484f0}: 'void java.lang.invoke.DirectMethodHandle$Holder.invokeStatic(java.lang.Object, java.lang.Object, java.lang.Object, java.lang.Object)'> (0x000000008b5484f0) 
thrown [./open/src/hotspot/share/interpreter/linkResolver.cpp, line 782]
Event: 1.998 Thread 0x000001cd381204c0 Exception <a 'java/lang/NoSuchMethodError'{0x0000000084dc4e38}: 'void java.lang.invoke.DirectMethodHandle$Holder.invokeSpecial(java.lang.Object, java.lang.Object, java.lang.Object, java.lang.Object, java.lang.Object, java.lang.Object)'> (0x0000000084dc4e38) 
thrown [./open/src/hotspot/share/interpreter/linkResolver.cpp, line 782]
Event: 5.630 Thread 0x000001cd381204c0 Exception <a 'java/lang/NoSuchMethodError'{0x000000008a44b568}: 'java.lang.Object java.lang.invoke.DirectMethodHandle$Holder.invokeSpecialIFC(java.lang.Object, java.lang.Object, java.lang.Object)'> (0x000000008a44b568) 
thrown [./open/src/hotspot/share/interpreter/linkResolver.cpp, line 782]
Event: 5.683 Thread 0x000001cd381204c0 Exception <a 'java/lang/ClassNotFoundException'{0x000000008a3225f0}: sun/util/logging/resources/spi/loggingProvider> (0x000000008a3225f0) 
thrown [./open/src/hotspot/share/classfile/systemDictionary.cpp, line 295]

Events (20 events):
Event: 16.231 loading class java/io/CharArrayWriter
Event: 16.231 loading class java/io/CharArrayWriter done
Event: 16.232 Thread 0x000001cd531ef6d0 Thread added: 0x000001cd531ef6d0
Event: 16.250 Executing VM operation: G1TryInitiateConcMark
Event: 16.252 Executing VM operation: G1TryInitiateConcMark done
Event: 16.268 Executing VM operation: G1Concurrent
Event: 16.269 Executing VM operation: G1Concurrent done
Event: 16.276 Executing VM operation: G1Concurrent
Event: 16.276 Executing VM operation: G1Concurrent done
Event: 18.402 Thread 0x000001cd532b1350 Thread added: 0x000001cd532b1350
Event: 18.417 Executing VM operation: G1TryInitiateConcMark
Event: 18.419 Executing VM operation: G1TryInitiateConcMark done
Event: 18.437 Executing VM operation: G1Concurrent
Event: 18.438 Executing VM operation: G1Concurrent done
Event: 18.446 Executing VM operation: G1Concurrent
Event: 18.446 Executing VM operation: G1Concurrent done
Event: 18.475 Thread 0x000001cd5354a380 Thread added: 0x000001cd5354a380
Event: 18.487 Executing VM operation: G1TryInitiateConcMark
Event: 18.489 Executing VM operation: G1TryInitiateConcMark done
Event: 18.506 Executing VM operation: G1Concurrent


Dynamic libraries:
0x00007ff7c2900000 - 0x00007ff7c290d000 	C:\Users\Aman\.p2\pool\plugins\org.eclipse.justj.openjdk.hotspot.jre.full.win32.x86_64_15.0.1.v20201027-0507\jre\bin\javaw.exe
0x00007ffbef2a0000 - 0x00007ffbef490000 	C:\Windows\SYSTEM32\ntdll.dll
0x00007ffbed3b0000 - 0x00007ffbed462000 	C:\Windows\System32\KERNEL32.DLL
0x00007ffbec340000 - 0x00007ffbec5e5000 	C:\Windows\System32\KERNELBASE.dll
0x00007ffbec690000 - 0x00007ffbec78a000 	C:\Windows\System32\ucrtbase.dll
0x00007ffbde8f0000 - 0x00007ffbde908000 	C:\Users\Aman\.p2\pool\plugins\org.eclipse.justj.openjdk.hotspot.jre.full.win32.x86_64_15.0.1.v20201027-0507\jre\bin\jli.dll
0x00007ffbdb3e0000 - 0x00007ffbdb3f9000 	C:\Users\Aman\.p2\pool\plugins\org.eclipse.justj.openjdk.hotspot.jre.full.win32.x86_64_15.0.1.v20201027-0507\jre\bin\VCRUNTIME140.dll
0x00007ffbed8f0000 - 0x00007ffbeda84000 	C:\Windows\System32\USER32.dll
0x00007ffbed120000 - 0x00007ffbed141000 	C:\Windows\System32\win32u.dll
0x00007ffbed470000 - 0x00007ffbed496000 	C:\Windows\System32\GDI32.dll
0x00007ffbed150000 - 0x00007ffbed2e6000 	C:\Windows\System32\gdi32full.dll
0x00007ffbd95c0000 - 0x00007ffbd9844000 	C:\Windows\WinSxS\amd64_microsoft.windows.common-controls_6595b64144ccf1df_6.0.18362.1256_none_9e7e379be45e40e2\COMCTL32.dll
0x00007ffbec5f0000 - 0x00007ffbec68e000 	C:\Windows\System32\msvcp_win.dll
0x00007ffbef1c0000 - 0x00007ffbef25e000 	C:\Windows\System32\msvcrt.dll
0x00007ffbeee00000 - 0x00007ffbef136000 	C:\Windows\System32\combase.dll
0x00007ffbedb20000 - 0x00007ffbedc40000 	C:\Windows\System32\RPCRT4.dll
0x00007ffbec290000 - 0x00007ffbec311000 	C:\Windows\System32\bcryptPrimitives.dll
0x00007ffbed640000 - 0x00007ffbed66e000 	C:\Windows\System32\IMM32.DLL
0x00007ffbe66f0000 - 0x00007ffbe66fc000 	C:\Users\Aman\.p2\pool\plugins\org.eclipse.justj.openjdk.hotspot.jre.full.win32.x86_64_15.0.1.v20201027-0507\jre\bin\vcruntime140_1.dll
0x00007ffbc0ed0000 - 0x00007ffbc0f61000 	C:\Users\Aman\.p2\pool\plugins\org.eclipse.justj.openjdk.hotspot.jre.full.win32.x86_64_15.0.1.v20201027-0507\jre\bin\msvcp140.dll
0x00007ffb9e470000 - 0x00007ffb9efce000 	C:\Users\Aman\.p2\pool\plugins\org.eclipse.justj.openjdk.hotspot.jre.full.win32.x86_64_15.0.1.v20201027-0507\jre\bin\server\jvm.dll
0x00007ffbed710000 - 0x00007ffbed7b3000 	C:\Windows\System32\ADVAPI32.dll
0x00007ffbed670000 - 0x00007ffbed707000 	C:\Windows\System32\sechost.dll
0x00007ffbef1b0000 - 0x00007ffbef1b8000 	C:\Windows\System32\PSAPI.DLL
0x00007ffbd5e60000 - 0x00007ffbd5e69000 	C:\Windows\SYSTEM32\WSOCK32.dll
0x00007ffbe8df0000 - 0x00007ffbe8e14000 	C:\Windows\SYSTEM32\WINMM.dll
0x00007ffbef140000 - 0x00007ffbef1af000 	C:\Windows\System32\WS2_32.dll
0x00007ffbde300000 - 0x00007ffbde30a000 	C:\Windows\SYSTEM32\VERSION.dll
0x00007ffbe8dc0000 - 0x00007ffbe8ded000 	C:\Windows\SYSTEM32\WINMMBASE.dll
0x00007ffbec240000 - 0x00007ffbec28a000 	C:\Windows\System32\cfgmgr32.dll
0x00007ffbec1a0000 - 0x00007ffbec1b1000 	C:\Windows\System32\kernel.appcore.dll
0x00007ffbdd9d0000 - 0x00007ffbdd9da000 	C:\Users\Aman\.p2\pool\plugins\org.eclipse.justj.openjdk.hotspot.jre.full.win32.x86_64_15.0.1.v20201027-0507\jre\bin\jimage.dll
0x00007ffbeaa20000 - 0x00007ffbeac14000 	C:\Windows\SYSTEM32\DBGHELP.DLL
0x00007ffbdce60000 - 0x00007ffbdce8a000 	C:\Windows\SYSTEM32\dbgcore.DLL
0x00007ffbdb280000 - 0x00007ffbdb2a5000 	C:\Users\Aman\.p2\pool\plugins\org.eclipse.justj.openjdk.hotspot.jre.full.win32.x86_64_15.0.1.v20201027-0507\jre\bin\java.dll
0x00007ffbdb480000 - 0x00007ffbdb498000 	C:\Users\Aman\.p2\pool\plugins\org.eclipse.justj.openjdk.hotspot.jre.full.win32.x86_64_15.0.1.v20201027-0507\jre\bin\zip.dll
0x00007ffbeddc0000 - 0x00007ffbee4a7000 	C:\Windows\System32\SHELL32.dll
0x00007ffbedc40000 - 0x00007ffbedce9000 	C:\Windows\System32\shcore.dll
0x00007ffbec790000 - 0x00007ffbecf11000 	C:\Windows\System32\windows.storage.dll
0x00007ffbec1e0000 - 0x00007ffbec203000 	C:\Windows\System32\profapi.dll
0x00007ffbec150000 - 0x00007ffbec19a000 	C:\Windows\System32\powrprof.dll
0x00007ffbec140000 - 0x00007ffbec150000 	C:\Windows\System32\UMPDC.dll
0x00007ffbeeda0000 - 0x00007ffbeedf2000 	C:\Windows\System32\shlwapi.dll
0x00007ffbec320000 - 0x00007ffbec337000 	C:\Windows\System32\cryptsp.dll
0x00007ffbdd9c0000 - 0x00007ffbdd9d0000 	C:\Users\Aman\.p2\pool\plugins\org.eclipse.justj.openjdk.hotspot.jre.full.win32.x86_64_15.0.1.v20201027-0507\jre\bin\verify.dll
0x00007ffbdb260000 - 0x00007ffbdb279000 	C:\Users\Aman\.p2\pool\plugins\org.eclipse.justj.openjdk.hotspot.jre.full.win32.x86_64_15.0.1.v20201027-0507\jre\bin\net.dll
0x00007ffbded90000 - 0x00007ffbdee80000 	C:\Windows\SYSTEM32\WINHTTP.dll
0x00007ffbeb990000 - 0x00007ffbeb9f7000 	C:\Windows\system32\mswsock.dll
0x00007ffbdb1c0000 - 0x00007ffbdb1d2000 	C:\Users\Aman\.p2\pool\plugins\org.eclipse.justj.openjdk.hotspot.jre.full.win32.x86_64_15.0.1.v20201027-0507\jre\bin\nio.dll
0x00007ffbeb730000 - 0x00007ffbeb7fb000 	C:\Windows\SYSTEM32\DNSAPI.dll
0x00007ffbee680000 - 0x00007ffbee688000 	C:\Windows\System32\NSI.dll
0x00007ffbeb6a0000 - 0x00007ffbeb6da000 	C:\Windows\SYSTEM32\IPHLPAPI.DLL
0x00007ffbd9190000 - 0x00007ffbd919a000 	C:\Windows\System32\rasadhlp.dll
0x00007ffbdf710000 - 0x00007ffbdf787000 	C:\Windows\System32\fwpuclnt.dll
0x00007ffbec210000 - 0x00007ffbec236000 	C:\Windows\System32\bcrypt.dll
0x00007ffbdfe20000 - 0x00007ffbdfe29000 	C:\Users\Aman\.p2\pool\plugins\org.eclipse.justj.openjdk.hotspot.jre.full.win32.x86_64_15.0.1.v20201027-0507\jre\bin\management.dll
0x00007ffbdb360000 - 0x00007ffbdb36b000 	C:\Users\Aman\.p2\pool\plugins\org.eclipse.justj.openjdk.hotspot.jre.full.win32.x86_64_15.0.1.v20201027-0507\jre\bin\management_ext.dll
0x00007ffbdfe30000 - 0x00007ffbdfe3d000 	C:\Users\Aman\.p2\pool\plugins\org.eclipse.justj.openjdk.hotspot.jre.full.win32.x86_64_15.0.1.v20201027-0507\jre\bin\sunmscapi.dll
0x00007ffbecf20000 - 0x00007ffbed069000 	C:\Windows\System32\CRYPT32.dll
0x00007ffbec1c0000 - 0x00007ffbec1d2000 	C:\Windows\System32\MSASN1.dll
0x00007ffbebc60000 - 0x00007ffbebc86000 	C:\Windows\SYSTEM32\ncrypt.dll
0x00007ffbebc20000 - 0x00007ffbebc5b000 	C:\Windows\SYSTEM32\NTASN1.dll
0x00007ffbeb500000 - 0x00007ffbeb533000 	C:\Windows\system32\rsaenh.dll
0x00007ffbec060000 - 0x00007ffbec085000 	C:\Windows\SYSTEM32\USERENV.dll
0x00007ffbebb60000 - 0x00007ffbebb6c000 	C:\Windows\SYSTEM32\CRYPTBASE.dll
0x00007ffbdf8f0000 - 0x00007ffbdf906000 	C:\Windows\SYSTEM32\dhcpcsvc6.DLL
0x00007ffbdfba0000 - 0x00007ffbdfbbc000 	C:\Windows\SYSTEM32\dhcpcsvc.DLL
0x00007ffbe6570000 - 0x00007ffbe6586000 	C:\Windows\system32\napinsp.dll
0x00007ffbe63b0000 - 0x00007ffbe63ca000 	C:\Windows\system32\pnrpnsp.dll
0x00007ffbe6aa0000 - 0x00007ffbe6aae000 	C:\Windows\System32\winrnr.dll
0x00007ffbdfd00000 - 0x00007ffbdfd1c000 	C:\Windows\system32\NLAapi.dll
0x00007ffbe6390000 - 0x00007ffbe63a5000 	C:\Windows\system32\wshbth.dll

dbghelp: loaded successfully - version: 4.0.5 - missing functions: none
symbol engine: initialized successfully - sym options: 0x614 - pdb path: .;C:\Users\Aman\.p2\pool\plugins\org.eclipse.justj.openjdk.hotspot.jre.full.win32.x86_64_15.0.1.v20201027-0507\jre\bin;C:\Windows\SYSTEM32;C:\Windows\WinSxS\amd64_microsoft.windows.common-controls_6595b64144ccf1df_6.0.18362.1256_none_9e7e379be45e40e2;C:\Users\Aman\.p2\pool\plugins\org.eclipse.justj.openjdk.hotspot.jre.full.win32.x86_64_15.0.1.v20201027-0507\jre\bin\server

VM Arguments:
jvm_args: -Dfile.encoding=Cp1252 -XX:+ShowCodeDetailsInExceptionMessages 
java_command: Practice.CheckBox
java_class_path (initial): C:\Users\Aman\eclipse-workspace\SeleniumSampleFramework\target\test-classes;C:\Users\Aman\eclipse-workspace\SeleniumSampleFramework\target\classes;C:\Users\Aman\.m2\repository\org\seleniumhq\selenium\selenium-java\4.0.0-alpha-5\selenium-java-4.0.0-alpha-5.jar;C:\Users\Aman\.m2\repository\org\seleniumhq\selenium\selenium-api\4.0.0-alpha-5\selenium-api-4.0.0-alpha-5.jar;C:\Users\Aman\.m2\repository\org\seleniumhq\selenium\selenium-chrome-driver\4.0.0-alpha-5\selenium-chrome-driver-4.0.0-alpha-5.jar;C:\Users\Aman\.m2\repository\com\google\auto\service\auto-service-annotations\1.0-rc6\auto-service-annotations-1.0-rc6.jar;C:\Users\Aman\.m2\repository\com\google\auto\service\auto-service\1.0-rc6\auto-service-1.0-rc6.jar;C:\Users\Aman\.m2\repository\com\google\auto\auto-common\0.10\auto-common-0.10.jar;C:\Users\Aman\.m2\repository\com\google\guava\guava\28.2-jre\guava-28.2-jre.jar;C:\Users\Aman\.m2\repository\com\google\guava\failureaccess\1.0.1\failureaccess-1.0.1.jar;C:\Users\Aman\.m2\repository\com\google\guava\listenablefuture\9999.0-empty-to-avoid-conflict-with-guava\listenablefuture-9999.0-empty-to-avoid-conflict-with-guava.jar;C:\Users\Aman\.m2\repository\com\google\code\findbugs\jsr305\3.0.2\jsr305-3.0.2.jar;C:\Users\Aman\.m2\repository\org\checkerframework\checker-qual\2.10.0\checker-qual-2.10.0.jar;C:\Users\Aman\.m2\repository\com\google\errorprone\error_prone_annotations\2.3.4\error_prone_annotations-2.3.4.jar;C:\Users\Aman\.m2\repository\com\google\j2objc\j2objc-annotations\1.3\j2objc-annotations-1.3.jar;C:\Users\Aman\.m2\repository\org\seleniumhq\selenium\selenium-chromium-driver\4.0.0-alpha-5\selenium-chromium-driver-4.0.0-alpha-5.jar;C:\Users\Aman\.m2\repository\org\seleniumhq\selenium\selenium-devtools\4.0.0-alpha-5\selenium-devtools-4.0.0-alpha-5.jar;C:\Users\Aman\.m2\repository\org\seleniumhq\selenium\selenium-http\4.0.0-alpha-5\selenium-http-4.0.0-alpha-5.jar;C:\Users\Aman\.m2\repository\org\seleniumhq\selenium\selenium-json\
Launcher Type: SUN_STANDARD

[Global flags]
     intx CICompilerCount                          = 3                                         {product} {ergonomic}
     uint ConcGCThreads                            = 1                                         {product} {ergonomic}
     uint G1ConcRefinementThreads                  = 4                                         {product} {ergonomic}
   size_t G1HeapRegionSize                         = 1048576                                   {product} {ergonomic}
    uintx GCDrainStackTargetSize                   = 64                                        {product} {ergonomic}
   size_t InitialHeapSize                          = 132120576                                 {product} {ergonomic}
   size_t MarkStackSize                            = 4194304                                   {product} {ergonomic}
   size_t MaxHeapSize                              = 2088763392                                {product} {ergonomic}
   size_t MaxNewSize                               = 1253048320                                {product} {ergonomic}
   size_t MinHeapDeltaBytes                        = 1048576                                   {product} {ergonomic}
   size_t MinHeapSize                              = 8388608                                   {product} {ergonomic}
    uintx NonNMethodCodeHeapSize                   = 5832780                                {pd product} {ergonomic}
    uintx NonProfiledCodeHeapSize                  = 122912730                              {pd product} {ergonomic}
    uintx ProfiledCodeHeapSize                     = 122912730                              {pd product} {ergonomic}
    uintx ReservedCodeCacheSize                    = 251658240                              {pd product} {ergonomic}
     bool SegmentedCodeCache                       = true                                      {product} {ergonomic}
     bool ShowCodeDetailsInExceptionMessages       = true                                   {manageable} {command line}
   size_t SoftMaxHeapSize                          = 2088763392                             {manageable} {ergonomic}
     bool UseCompressedClassPointers               = true                                 {lp64_product} {ergonomic}
     bool UseCompressedOops                        = true                                 {lp64_product} {ergonomic}
     bool UseG1GC                                  = true                                      {product} {ergonomic}
     bool UseLargePagesIndividualAllocation        = false                                  {pd product} {ergonomic}

Logging:
Log output configuration:
 #0: stdout all=warning uptime,level,tags
 #1: stderr all=off uptime,level,tags

Environment Variables:
JAVA_HOME=C:\Program Files\Java\jdk1.8.0_241
PATH=C:/Users/Aman/.p2/pool/plugins/org.eclipse.justj.openjdk.hotspot.jre.full.win32.x86_64_15.0.1.v20201027-0507/jre/bin/server;C:/Users/Aman/.p2/pool/plugins/org.eclipse.justj.openjdk.hotspot.jre.full.win32.x86_64_15.0.1.v20201027-0507/jre/bin;C:\Program Files\AdoptOpenJDK\jdk-11.0.9.101-hotspot\bin;C:\Python38\Scripts\;C:\Python38\;C:\Windows\System32;C:\Program Files (x86)\Common Files\Oracle\Java\javapath;C:\Users\Aman\apache-ant-1.9.14\bin;C:\Program Files\Git\cmd;C:\Program Files\Java\jdk1.8.0_241\bin;C:\Program Files\nodejs\;C:\ProgramData\chocolatey\bin;C:\Windows\System32\wbem;C:\Program Files\Microsoft SQL Server\Client SDK\ODBC\170\Tools\Binn\;C:\Program Files (x86)\Microsoft SQL Server\150\Tools\Binn\;C:\Program Files\Microsoft SQL Server\150\Tools\Binn\;C:\Program Files\Microsoft SQL Server\150\DTS\Binn\;C:\Maven\bin;C:\Users\Aman\eclipse-workspace\SeleniumSampleFramework\drivers\chromedriver1;C:\Users\Aman\AppData\Local\Programs\Python\Python39\Scripts\;C:\Users\Aman\AppData\Local\Programs\Python\Python39\;C:\Program Files\MySQL\MySQL Shell 8.0\bin\;C:\Windows\System32;C:\Users\Aman\AppData\Local\Programs\Python\Python37\Scripts\;C:\Users\Aman\AppData\Local\Programs\Python\Python37\;C:\Users\Aman\AppData\Local\Microsoft\WindowsApps;C:\Program Files\JetBrains\PyCharm Community Edition 2019.3.3\bin;;C:\Program Files\Java\jre1.8.0_241\bin;C:\Program Files\Java\jre1.8.0_241\bin;C:\Users\Aman\apache-ant-1.9.14\bin;C:\Users\Aman\AppData\Roaming\npm;C:\Users\Aman\AppData\Local\Programs\Microsoft VS Code\bin;C:\Program Files\JetBrains\IntelliJ IDEA 2020.3.2\bin;;C:\Windows\system32;
USERNAME=Aman
OS=Windows_NT
PROCESSOR_IDENTIFIER=Intel64 Family 6 Model 142 Stepping 9, GenuineIntel



---------------  S Y S T E M  ---------------

OS:
 Windows 10 , 64 bit Build 18362 (10.0.18362.1110)
OS uptime: 11 days 10:25 hours

CPU: total 4 (initial active 4) (2 cores per cpu, 2 threads per core) family 6 model 142 stepping 9 microcode 0x8e, cmov, cx8, fxsr, mmx, sse, sse2, sse3, ssse3, sse4.1, sse4.2, popcnt, vzeroupper, avx, avx2, aes, clmul, erms, 3dnowpref, lzcnt, ht, tsc, tscinvbit, bmi1, bmi2, adx, fma, clflush, clflushopt

Memory: 4k page, system-wide physical 7966M (516M free)
TotalPageFile size 32542M (AvailPageFile size 22M)
current process WorkingSet (physical memory assigned to process): 253M, peak: 253M
current process commit charge ("private bytes"): 316M, peak: 344M

vm_info: OpenJDK 64-Bit Server VM (15.0.1+9-18) for windows-amd64 JRE (15.0.1+9-18), built on Sep 15 2020 14:39:31 by "mach5one" with unknown MS VC++:1925

END.
